{"level":"info","time":"2024-06-11T03:59:53.927+0530","caller":"cmd/lt.go:205","msg":"LambdaTest Tunnel version: 3.1.31"}
{"level":"debug","time":"2024-06-11T03:59:53.929+0530","caller":"core/lifecycle.go:41","msg":"Starting pipeline....."}
{"level":"debug","time":"2024-06-11T03:59:53.929+0530","caller":"core/lifecycle.go:42","msg":"OS: windows, Arch: amd64"}
{"level":"debug","time":"2024-06-11T03:59:53.929+0530","caller":"core/lifecycle.go:43","msg":"Fetching config"}
{"level":"debug","time":"2024-06-11T03:59:53.929+0530","caller":"core/lifecycle.go:65","msg":"Starting tunnel With flags: --user mudassars --key ***** --callbackURL http://127.0.0.1:55089/started --env ht-prod --tunnelName AilGBWFiMDavyaLD --retry-on-failure --infoAPIPort 55090 --logFile D:\\demo\\LambdaTest_Demo-main\\logs\\tunnel\\AilGBWFiMDavyaLD-1.log"}
{"level":"debug","time":"2024-06-11T03:59:55.735+0530","caller":"core/lifecycle.go:83","msg":"Remote config fetched"}
{"level":"debug","time":"2024-06-11T03:59:55.846+0530","caller":"custom/setup.go:861","msg":"Starting sink proxy"}
{"level":"debug","time":"2024-06-11T03:59:55.846+0530","caller":"networkscanner/setup.go:69","msg":"Trying on port 22"}
{"level":"debug","time":"2024-06-11T03:59:55.846+0530","caller":"networkscanner/setup.go:103","msg":"Trying on port 443"}
{"level":"debug","time":"2024-06-11T03:59:55.846+0530","caller":"apiserver/setup.go:166","msg":"Starting API server"}
{"level":"debug","time":"2024-06-11T03:59:55.846+0530","caller":"networkscanner/setup.go:191","msg":"Trying on port 443"}
{"level":"debug","time":"2024-06-11T03:59:55.847+0530","caller":"callback/setup.go:51","msg":"Starting the callback agent"}
{"level":"debug","time":"2024-06-11T03:59:55.847+0530","caller":"apiserver/setup.go:148","msg":"Starting API server for tunnel info on port: 55090"}
{"level":"debug","time":"2024-06-11T03:59:55.847+0530","caller":"networkscanner/setup.go:137","msg":"Trying over ssh over ws"}
{"level":"info","time":"2024-06-11T03:59:55.848+0530","caller":"custom/setup.go:804","msg":"Tunnel binary started on port :9090"}
{"level":"debug","time":"2024-06-11T03:59:55.872+0530","caller":"networkscanner/setup.go:207","msg":"TCP connection was successful"}
{"level":"debug","time":"2024-06-11T03:59:55.947+0530","caller":"networkscanner/setup.go:154","msg":"WSS connection was successful"}
{"level":"debug","time":"2024-06-11T03:59:56.330+0530","caller":"networkscanner/setup.go:124","msg":"SSH connection over port 443 successful"}
{"level":"debug","time":"2024-06-11T03:59:56.416+0530","caller":"networkscanner/setup.go:90","msg":"SSH connection over port 22 successful"}
{"level":"debug","time":"2024-06-11T03:59:56.424+0530","caller":"networkscanner/setup.go:179","msg":"SSH connection over ws successful"}
{"level":"info","time":"2024-06-11T03:59:56.425+0530","caller":"core/lifecycle.go:122","msg":"Using ssh(over_22) :: connection mode"}
{"level":"info","time":"2024-06-11T03:59:56.425+0530","caller":"core/lifecycle.go:259","msg":"Launching tunnel"}
{"level":"debug","time":"2024-06-11T03:59:56.425+0530","caller":"ws/control.go:34","msg":"Starting control ws connection at wss://hts.lambdatest.com/monitor"}
{"level":"debug","time":"2024-06-11T03:59:57.194+0530","caller":"ws/control.go:72","msg":"Control ws channel opened"}
{"level":"debug","time":"2024-06-11T03:59:57.195+0530","caller":"ws/control.go:131","msg":"Starting message listener on control connection"}
{"level":"debug","time":"2024-06-11T03:59:58.899+0530","caller":"tunnelmanager/controller.go:149","msg":"otel disabled"}
{"level":"debug","time":"2024-06-11T03:59:58.899+0530","caller":"core/lifecycle.go:358","msg":"Sending tunnel registered message to channels"}
{"level":"debug","time":"2024-06-11T03:59:58.900+0530","caller":"ws/control.go:196","msg":"Tunnel registered message received on control channel"}
{"level":"debug","time":"2024-06-11T03:59:58.900+0530","caller":"ws/control.go:200","msg":"controller bus registered"}
{"level":"debug","time":"2024-06-11T03:59:58.900+0530","caller":"ssh/setup.go:71","msg":"Using 5 ssh connection"}
{"level":"debug","time":"2024-06-11T03:59:59.634+0530","caller":"ssh/ssh.go:216","msg":"Successfully started sshd listener on port: 17369"}
{"level":"debug","time":"2024-06-11T03:59:59.664+0530","caller":"ssh/ssh.go:216","msg":"Successfully started sshd listener on port: 12389"}
{"level":"info","time":"2024-06-11T03:59:59.664+0530","caller":"core/lifecycle.go:381","msg":"You can start testing now"}
{"level":"info","time":"2024-06-11T03:59:59.665+0530","caller":"core/lifecycle.go:382","msg":"Tunnel ID: 1508220"}
{"level":"debug","time":"2024-06-11T03:59:59.665+0530","caller":"core/lifecycle.go:383","msg":"Remote Listener Started on Port 24870"}
{"level":"debug","time":"2024-06-11T03:59:59.667+0530","caller":"callback/setup.go:100","msg":"Webhook endpoint http://127.0.0.1:55089/started successfully notified"}
{"level":"debug","time":"2024-06-11T03:59:59.667+0530","caller":"ssh/ssh.go:216","msg":"Successfully started sshd listener on port: 10362"}
{"level":"debug","time":"2024-06-11T03:59:59.668+0530","caller":"ssh/ssh.go:216","msg":"Successfully started sshd listener on port: 20962"}
{"level":"debug","time":"2024-06-11T03:59:59.715+0530","caller":"ssh/ssh.go:216","msg":"Successfully started sshd listener on port: 6242"}
{"level":"debug","time":"2024-06-11T04:02:02.815+0530","caller":"custom/setup.go:387","msg":"handle http request for http://connectivitycheck.gstatic.com/generate_204","tunnelID":"1508220","requestID":1}
{"level":"debug","time":"2024-06-11T04:02:02.830+0530","caller":"custom/setup.go:515","msg":"Response &{Status:204 No Content StatusCode:204 Proto:HTTP/1.1 ProtoMajor:1 ProtoMinor:1 Header:map[Content-Length:[0] Cross-Origin-Resource-Policy:[cross-origin] Date:[Mon, 10 Jun 2024 22:32:02 GMT]] Body:{} ContentLength:0 TransferEncoding:[] Close:true Uncompressed:false Trailer:map[] Request:0xc00056c600 TLS:<nil>} for http request from domain http://connectivitycheck.gstatic.com/generate_204","tunnelID":"1508220","requestID":1}
{"level":"debug","time":"2024-06-11T04:02:03.297+0530","caller":"custom/setup.go:387","msg":"handle http request for http://play.googleapis.com/generate_204","tunnelID":"1508220","requestID":2}
{"level":"debug","time":"2024-06-11T04:02:03.308+0530","caller":"custom/setup.go:515","msg":"Response &{Status:204 No Content StatusCode:204 Proto:HTTP/1.1 ProtoMajor:1 ProtoMinor:1 Header:map[Content-Length:[0] Cross-Origin-Resource-Policy:[cross-origin] Date:[Mon, 10 Jun 2024 22:32:03 GMT]] Body:{} ContentLength:0 TransferEncoding:[] Close:true Uncompressed:false Trailer:map[] Request:0xc000118900 TLS:<nil>} for http request from domain http://play.googleapis.com/generate_204","tunnelID":"1508220","requestID":2}
{"level":"debug","time":"2024-06-11T04:02:04.188+0530","caller":"custom/setup.go:549","msg":"handling connect request for URL https://dl.google.com:443","tunnelID":"1508220","requestID":3}
{"level":"debug","time":"2024-06-11T04:02:07.839+0530","caller":"custom/setup.go:387","msg":"handle http request for http://connectivitycheck.gstatic.com/generate_204","tunnelID":"1508220","requestID":4}
{"level":"debug","time":"2024-06-11T04:02:07.855+0530","caller":"custom/setup.go:515","msg":"Response &{Status:204 No Content StatusCode:204 Proto:HTTP/1.1 ProtoMajor:1 ProtoMinor:1 Header:map[Content-Length:[0] Cross-Origin-Resource-Policy:[cross-origin] Date:[Mon, 10 Jun 2024 22:32:07 GMT]] Body:{} ContentLength:0 TransferEncoding:[] Close:true Uncompressed:false Trailer:map[] Request:0xc000118e00 TLS:<nil>} for http request from domain http://connectivitycheck.gstatic.com/generate_204","tunnelID":"1508220","requestID":4}
{"level":"debug","time":"2024-06-11T04:02:08.342+0530","caller":"custom/setup.go:387","msg":"handle http request for http://play.googleapis.com/generate_204","tunnelID":"1508220","requestID":5}
{"level":"debug","time":"2024-06-11T04:02:08.350+0530","caller":"custom/setup.go:515","msg":"Response &{Status:204 No Content StatusCode:204 Proto:HTTP/1.1 ProtoMajor:1 ProtoMinor:1 Header:map[Content-Length:[0] Cross-Origin-Resource-Policy:[cross-origin] Date:[Mon, 10 Jun 2024 22:32:08 GMT]] Body:{} ContentLength:0 TransferEncoding:[] Close:true Uncompressed:false Trailer:map[] Request:0xc00060c000 TLS:<nil>} for http request from domain http://play.googleapis.com/generate_204","tunnelID":"1508220","requestID":5}
{"level":"debug","time":"2024-06-11T04:02:17.014+0530","caller":"custom/setup.go:387","msg":"handle http request for http://connectivitycheck.gstatic.com/generate_204","tunnelID":"1508220","requestID":6}
{"level":"debug","time":"2024-06-11T04:02:17.030+0530","caller":"custom/setup.go:515","msg":"Response &{Status:204 No Content StatusCode:204 Proto:HTTP/1.1 ProtoMajor:1 ProtoMinor:1 Header:map[Content-Length:[0] Cross-Origin-Resource-Policy:[cross-origin] Date:[Mon, 10 Jun 2024 22:32:17 GMT]] Body:{} ContentLength:0 TransferEncoding:[] Close:true Uncompressed:false Trailer:map[] Request:0xc00060c300 TLS:<nil>} for http request from domain http://connectivitycheck.gstatic.com/generate_204","tunnelID":"1508220","requestID":6}
{"level":"debug","time":"2024-06-11T04:02:17.608+0530","caller":"custom/setup.go:387","msg":"handle http request for http://play.googleapis.com/generate_204","tunnelID":"1508220","requestID":7}
{"level":"debug","time":"2024-06-11T04:02:17.618+0530","caller":"custom/setup.go:515","msg":"Response &{Status:204 No Content StatusCode:204 Proto:HTTP/1.1 ProtoMajor:1 ProtoMinor:1 Header:map[Content-Length:[0] Cross-Origin-Resource-Policy:[cross-origin] Date:[Mon, 10 Jun 2024 22:32:17 GMT]] Body:{} ContentLength:0 TransferEncoding:[] Close:true Uncompressed:false Trailer:map[] Request:0xc00056c500 TLS:<nil>} for http request from domain http://play.googleapis.com/generate_204","tunnelID":"1508220","requestID":7}
{"level":"debug","time":"2024-06-11T04:02:27.506+0530","caller":"custom/setup.go:549","msg":"handling connect request for URL https://iplocation.net:443","tunnelID":"1508220","requestID":8}
{"level":"debug","time":"2024-06-11T04:02:28.502+0530","caller":"custom/setup.go:549","msg":"handling connect request for URL https://www.iplocation.net:443","tunnelID":"1508220","requestID":9}
{"level":"debug","time":"2024-06-11T04:02:29.731+0530","caller":"custom/setup.go:549","msg":"handling connect request for URL https://iplocation.net:443","tunnelID":"1508220","requestID":10}
{"level":"debug","time":"2024-06-11T04:02:30.008+0530","caller":"custom/setup.go:387","msg":"handle http request for http://connectivitycheck.gstatic.com/generate_204","tunnelID":"1508220","requestID":11}
{"level":"debug","time":"2024-06-11T04:02:30.015+0530","caller":"custom/setup.go:515","msg":"Response &{Status:204 No Content StatusCode:204 Proto:HTTP/1.1 ProtoMajor:1 ProtoMinor:1 Header:map[Content-Length:[0] Cross-Origin-Resource-Policy:[cross-origin] Date:[Mon, 10 Jun 2024 22:32:30 GMT]] Body:{} ContentLength:0 TransferEncoding:[] Close:true Uncompressed:false Trailer:map[] Request:0xc00044e200 TLS:<nil>} for http request from domain http://connectivitycheck.gstatic.com/generate_204","tunnelID":"1508220","requestID":11}
{"level":"debug","time":"2024-06-11T04:02:30.368+0530","caller":"custom/setup.go:549","msg":"handling connect request for URL https://www.iplocation.net:443","tunnelID":"1508220","requestID":12}
{"level":"debug","time":"2024-06-11T04:02:30.378+0530","caller":"custom/setup.go:549","msg":"handling connect request for URL https://www.iplocation.net:443","tunnelID":"1508220","requestID":13}
{"level":"debug","time":"2024-06-11T04:02:30.380+0530","caller":"custom/setup.go:549","msg":"handling connect request for URL https://www.iplocation.net:443","tunnelID":"1508220","requestID":14}
{"level":"debug","time":"2024-06-11T04:02:30.398+0530","caller":"custom/setup.go:549","msg":"handling connect request for URL https://www.iplocation.net:443","tunnelID":"1508220","requestID":15}
{"level":"debug","time":"2024-06-11T04:02:30.399+0530","caller":"custom/setup.go:549","msg":"handling connect request for URL https://www.iplocation.net:443","tunnelID":"1508220","requestID":16}
{"level":"debug","time":"2024-06-11T04:02:30.405+0530","caller":"custom/setup.go:549","msg":"handling connect request for URL https://cdnjs.cloudflare.com:443","tunnelID":"1508220","requestID":17}
{"level":"debug","time":"2024-06-11T04:02:30.421+0530","caller":"custom/setup.go:549","msg":"handling connect request for URL https://cdnjs.cloudflare.com:443","tunnelID":"1508220","requestID":18}
{"level":"debug","time":"2024-06-11T04:02:30.422+0530","caller":"custom/setup.go:549","msg":"handling connect request for URL https://fonts.googleapis.com:443","tunnelID":"1508220","requestID":19}
{"level":"debug","time":"2024-06-11T04:02:30.424+0530","caller":"custom/setup.go:549","msg":"handling connect request for URL https://cdnjs.cloudflare.com:443","tunnelID":"1508220","requestID":20}
{"level":"debug","time":"2024-06-11T04:02:30.449+0530","caller":"custom/setup.go:549","msg":"handling connect request for URL https://fonts.googleapis.com:443","tunnelID":"1508220","requestID":21}
{"level":"debug","time":"2024-06-11T04:02:30.450+0530","caller":"custom/setup.go:549","msg":"handling connect request for URL https://fonts.googleapis.com:443","tunnelID":"1508220","requestID":22}
{"level":"debug","time":"2024-06-11T04:02:30.467+0530","caller":"custom/setup.go:549","msg":"handling connect request for URL https://code.jquery.com:443","tunnelID":"1508220","requestID":23}
{"level":"debug","time":"2024-06-11T04:02:30.468+0530","caller":"custom/setup.go:549","msg":"handling connect request for URL https://cdnjs.cloudflare.com:443","tunnelID":"1508220","requestID":24}
{"level":"debug","time":"2024-06-11T04:02:30.651+0530","caller":"custom/setup.go:549","msg":"handling connect request for URL https://www.iplocation.net:443","tunnelID":"1508220","requestID":25}
{"level":"debug","time":"2024-06-11T04:02:30.653+0530","caller":"custom/setup.go:387","msg":"handle http request for http://www.google.com/gen_204","tunnelID":"1508220","requestID":26}
{"level":"debug","time":"2024-06-11T04:02:30.730+0530","caller":"custom/setup.go:515","msg":"Response &{Status:204 No Content StatusCode:204 Proto:HTTP/1.1 ProtoMajor:1 ProtoMinor:1 Header:map[Content-Length:[0] Content-Security-Policy:[object-src 'none';base-uri 'self';script-src 'nonce-jlspVTLzp1RvRClHm4f3Sw' 'strict-dynamic' 'report-sample' 'unsafe-eval' 'unsafe-inline' https: http:;report-uri https://csp.withgoogle.com/csp/gws/other] Content-Type:[text/html; charset=UTF-8] Date:[Mon, 10 Jun 2024 22:32:30 GMT] Permissions-Policy:[unload=()] Server:[gws] Set-Cookie:[1P_JAR=2024-06-10-22; expires=Wed, 10-Jul-2024 22:32:30 GMT; path=/; domain=.google.com; Secure] X-Frame-Options:[SAMEORIGIN] X-Xss-Protection:[0]] Body:{} ContentLength:0 TransferEncoding:[] Close:true Uncompressed:false Trailer:map[] Request:0xc000122200 TLS:<nil>} for http request from domain http://www.google.com/gen_204","tunnelID":"1508220","requestID":26}
{"level":"debug","time":"2024-06-11T04:02:30.753+0530","caller":"custom/setup.go:549","msg":"handling connect request for URL https://www.iplocation.net:443","tunnelID":"1508220","requestID":27}
{"level":"debug","time":"2024-06-11T04:02:30.908+0530","caller":"custom/setup.go:549","msg":"handling connect request for URL https://www.iplocation.net:443","tunnelID":"1508220","requestID":28}
{"level":"debug","time":"2024-06-11T04:02:31.087+0530","caller":"custom/setup.go:549","msg":"handling connect request for URL https://www.iplocation.net:443","tunnelID":"1508220","requestID":29}
{"level":"debug","time":"2024-06-11T04:02:31.977+0530","caller":"custom/setup.go:387","msg":"handle http request for http://connectivitycheck.gstatic.com/generate_204","tunnelID":"1508220","requestID":30}
{"level":"debug","time":"2024-06-11T04:02:31.986+0530","caller":"custom/setup.go:515","msg":"Response &{Status:204 No Content StatusCode:204 Proto:HTTP/1.1 ProtoMajor:1 ProtoMinor:1 Header:map[Content-Length:[0] Cross-Origin-Resource-Policy:[cross-origin] Date:[Mon, 10 Jun 2024 22:32:32 GMT]] Body:{} ContentLength:0 TransferEncoding:[] Close:true Uncompressed:false Trailer:map[] Request:0xc00044e900 TLS:<nil>} for http request from domain http://connectivitycheck.gstatic.com/generate_204","tunnelID":"1508220","requestID":30}
{"level":"debug","time":"2024-06-11T04:02:32.206+0530","caller":"custom/setup.go:387","msg":"handle http request for http://play.googleapis.com/generate_204","tunnelID":"1508220","requestID":31}
{"level":"debug","time":"2024-06-11T04:02:32.218+0530","caller":"custom/setup.go:515","msg":"Response &{Status:204 No Content StatusCode:204 Proto:HTTP/1.1 ProtoMajor:1 ProtoMinor:1 Header:map[Content-Length:[0] Cross-Origin-Resource-Policy:[cross-origin] Date:[Mon, 10 Jun 2024 22:32:32 GMT]] Body:{} ContentLength:0 TransferEncoding:[] Close:true Uncompressed:false Trailer:map[] Request:0xc000460400 TLS:<nil>} for http request from domain http://play.googleapis.com/generate_204","tunnelID":"1508220","requestID":31}
{"level":"debug","time":"2024-06-11T04:02:32.328+0530","caller":"custom/setup.go:387","msg":"handle http request for http://connectivitycheck.gstatic.com/generate_204","tunnelID":"1508220","requestID":32}
{"level":"debug","time":"2024-06-11T04:02:32.335+0530","caller":"custom/setup.go:515","msg":"Response &{Status:204 No Content StatusCode:204 Proto:HTTP/1.1 ProtoMajor:1 ProtoMinor:1 Header:map[Content-Length:[0] Cross-Origin-Resource-Policy:[cross-origin] Date:[Mon, 10 Jun 2024 22:32:32 GMT]] Body:{} ContentLength:0 TransferEncoding:[] Close:true Uncompressed:false Trailer:map[] Request:0xc000118e00 TLS:<nil>} for http request from domain http://connectivitycheck.gstatic.com/generate_204","tunnelID":"1508220","requestID":32}
{"level":"debug","time":"2024-06-11T04:02:32.488+0530","caller":"custom/setup.go:549","msg":"handling connect request for URL https://www.iplocation.net:443","tunnelID":"1508220","requestID":33}
{"level":"debug","time":"2024-06-11T04:02:32.492+0530","caller":"custom/setup.go:549","msg":"handling connect request for URL https://www.iplocation.net:443","tunnelID":"1508220","requestID":34}
{"level":"debug","time":"2024-06-11T04:02:32.493+0530","caller":"custom/setup.go:549","msg":"handling connect request for URL https://www.iplocation.net:443","tunnelID":"1508220","requestID":35}
{"level":"debug","time":"2024-06-11T04:02:32.514+0530","caller":"custom/setup.go:549","msg":"handling connect request for URL https://www.iplocation.net:443","tunnelID":"1508220","requestID":37}
{"level":"debug","time":"2024-06-11T04:02:32.514+0530","caller":"custom/setup.go:549","msg":"handling connect request for URL https://www.iplocation.net:443","tunnelID":"1508220","requestID":36}
{"level":"debug","time":"2024-06-11T04:02:32.532+0530","caller":"custom/setup.go:549","msg":"handling connect request for URL https://cdnjs.cloudflare.com:443","tunnelID":"1508220","requestID":38}
{"level":"debug","time":"2024-06-11T04:02:32.536+0530","caller":"custom/setup.go:549","msg":"handling connect request for URL https://fonts.googleapis.com:443","tunnelID":"1508220","requestID":39}
{"level":"debug","time":"2024-06-11T04:02:32.536+0530","caller":"custom/setup.go:549","msg":"handling connect request for URL https://code.jquery.com:443","tunnelID":"1508220","requestID":40}
{"level":"debug","time":"2024-06-11T04:02:32.537+0530","caller":"custom/setup.go:549","msg":"handling connect request for URL https://cdnjs.cloudflare.com:443","tunnelID":"1508220","requestID":41}
{"level":"debug","time":"2024-06-11T04:02:32.545+0530","caller":"custom/setup.go:549","msg":"handling connect request for URL https://cdnjs.cloudflare.com:443","tunnelID":"1508220","requestID":42}
{"level":"debug","time":"2024-06-11T04:02:32.559+0530","caller":"custom/setup.go:549","msg":"handling connect request for URL https://fonts.googleapis.com:443","tunnelID":"1508220","requestID":44}
{"level":"debug","time":"2024-06-11T04:02:32.559+0530","caller":"custom/setup.go:549","msg":"handling connect request for URL https://cdnjs.cloudflare.com:443","tunnelID":"1508220","requestID":43}
{"level":"debug","time":"2024-06-11T04:02:32.563+0530","caller":"custom/setup.go:549","msg":"handling connect request for URL https://fonts.googleapis.com:443","tunnelID":"1508220","requestID":45}
{"level":"debug","time":"2024-06-11T04:02:32.803+0530","caller":"custom/setup.go:549","msg":"handling connect request for URL https://www.iplocation.net:443","tunnelID":"1508220","requestID":46}
{"level":"debug","time":"2024-06-11T04:02:32.906+0530","caller":"custom/setup.go:387","msg":"handle http request for http://play.googleapis.com/generate_204","tunnelID":"1508220","requestID":47}
{"level":"debug","time":"2024-06-11T04:02:32.918+0530","caller":"custom/setup.go:515","msg":"Response &{Status:204 No Content StatusCode:204 Proto:HTTP/1.1 ProtoMajor:1 ProtoMinor:1 Header:map[Content-Length:[0] Cross-Origin-Resource-Policy:[cross-origin] Date:[Mon, 10 Jun 2024 22:32:32 GMT]] Body:{} ContentLength:0 TransferEncoding:[] Close:true Uncompressed:false Trailer:map[] Request:0xc0000acd00 TLS:<nil>} for http request from domain http://play.googleapis.com/generate_204","tunnelID":"1508220","requestID":47}
{"level":"debug","time":"2024-06-11T04:02:32.943+0530","caller":"custom/setup.go:549","msg":"handling connect request for URL https://www.speedtest.net:443","tunnelID":"1508220","requestID":48}
{"level":"debug","time":"2024-06-11T04:02:32.953+0530","caller":"custom/setup.go:549","msg":"handling connect request for URL https://www.iplocation.net:443","tunnelID":"1508220","requestID":49}
{"level":"debug","time":"2024-06-11T04:02:33.252+0530","caller":"custom/setup.go:549","msg":"handling connect request for URL https://www.iplocation.net:443","tunnelID":"1508220","requestID":50}
{"level":"debug","time":"2024-06-11T04:02:33.660+0530","caller":"custom/setup.go:549","msg":"handling connect request for URL https://stackpath.bootstrapcdn.com:443","tunnelID":"1508220","requestID":51}
{"level":"debug","time":"2024-06-11T04:02:34.188+0530","caller":"custom/setup.go:549","msg":"handling connect request for URL https://cdn.jsdelivr.net:443","tunnelID":"1508220","requestID":52}
{"level":"debug","time":"2024-06-11T04:02:34.425+0530","caller":"custom/setup.go:549","msg":"handling connect request for URL https://www.speedtest.net:443","tunnelID":"1508220","requestID":53}
{"level":"debug","time":"2024-06-11T04:02:34.430+0530","caller":"custom/setup.go:549","msg":"handling connect request for URL https://www.speedtest.net:443","tunnelID":"1508220","requestID":54}
{"level":"debug","time":"2024-06-11T04:02:34.438+0530","caller":"custom/setup.go:549","msg":"handling connect request for URL https://b.cdnst.net:443","tunnelID":"1508220","requestID":55}
{"level":"debug","time":"2024-06-11T04:02:34.453+0530","caller":"custom/setup.go:549","msg":"handling connect request for URL https://www.speedtest.net:443","tunnelID":"1508220","requestID":56}
{"level":"debug","time":"2024-06-11T04:02:34.455+0530","caller":"custom/setup.go:549","msg":"handling connect request for URL https://cdn.ziffstatic.com:443","tunnelID":"1508220","requestID":57}
{"level":"debug","time":"2024-06-11T04:02:34.473+0530","caller":"custom/setup.go:549","msg":"handling connect request for URL https://www.googleoptimize.com:443","tunnelID":"1508220","requestID":58}
{"level":"debug","time":"2024-06-11T04:02:34.477+0530","caller":"custom/setup.go:549","msg":"handling connect request for URL https://b.cdnst.net:443","tunnelID":"1508220","requestID":59}
{"level":"debug","time":"2024-06-11T04:02:34.484+0530","caller":"custom/setup.go:549","msg":"handling connect request for URL https://b.cdnst.net:443","tunnelID":"1508220","requestID":60}
{"level":"debug","time":"2024-06-11T04:02:34.572+0530","caller":"custom/setup.go:549","msg":"handling connect request for URL https://b.cdnst.net:443","tunnelID":"1508220","requestID":61}
{"level":"debug","time":"2024-06-11T04:02:35.155+0530","caller":"custom/setup.go:549","msg":"handling connect request for URL https://www.speedtest.net:443","tunnelID":"1508220","requestID":62}
{"level":"debug","time":"2024-06-11T04:02:35.229+0530","caller":"custom/setup.go:549","msg":"handling connect request for URL https://www.iplocation.net:443","tunnelID":"1508220","requestID":63}
{"level":"debug","time":"2024-06-11T04:02:35.442+0530","caller":"custom/setup.go:387","msg":"handle http request for http://connectivitycheck.gstatic.com/generate_204","tunnelID":"1508220","requestID":64}
{"level":"debug","time":"2024-06-11T04:02:35.451+0530","caller":"custom/setup.go:515","msg":"Response &{Status:204 No Content StatusCode:204 Proto:HTTP/1.1 ProtoMajor:1 ProtoMinor:1 Header:map[Content-Length:[0] Cross-Origin-Resource-Policy:[cross-origin] Date:[Mon, 10 Jun 2024 22:32:35 GMT]] Body:{} ContentLength:0 TransferEncoding:[] Close:true Uncompressed:false Trailer:map[] Request:0xc000460800 TLS:<nil>} for http request from domain http://connectivitycheck.gstatic.com/generate_204","tunnelID":"1508220","requestID":64}
{"level":"debug","time":"2024-06-11T04:02:35.636+0530","caller":"custom/setup.go:549","msg":"handling connect request for URL https://fonts.gstatic.com:443","tunnelID":"1508220","requestID":65}
{"level":"debug","time":"2024-06-11T04:02:35.842+0530","caller":"custom/setup.go:549","msg":"handling connect request for URL https://stackpath.bootstrapcdn.com:443","tunnelID":"1508220","requestID":66}
{"level":"debug","time":"2024-06-11T04:02:36.034+0530","caller":"custom/setup.go:549","msg":"handling connect request for URL https://cdn.cookielaw.org:443","tunnelID":"1508220","requestID":67}
{"level":"debug","time":"2024-06-11T04:02:36.068+0530","caller":"custom/setup.go:549","msg":"handling connect request for URL https://fonts.gstatic.com:443","tunnelID":"1508220","requestID":68}
{"level":"debug","time":"2024-06-11T04:02:36.134+0530","caller":"custom/setup.go:387","msg":"handle http request for http://play.googleapis.com/generate_204","tunnelID":"1508220","requestID":69}
{"level":"debug","time":"2024-06-11T04:02:36.143+0530","caller":"custom/setup.go:515","msg":"Response &{Status:204 No Content StatusCode:204 Proto:HTTP/1.1 ProtoMajor:1 ProtoMinor:1 Header:map[Content-Length:[0] Cross-Origin-Resource-Policy:[cross-origin] Date:[Mon, 10 Jun 2024 22:32:36 GMT]] Body:{} ContentLength:0 TransferEncoding:[] Close:true Uncompressed:false Trailer:map[] Request:0xc00056cf00 TLS:<nil>} for http request from domain http://play.googleapis.com/generate_204","tunnelID":"1508220","requestID":69}
{"level":"debug","time":"2024-06-11T04:02:36.309+0530","caller":"custom/setup.go:549","msg":"handling connect request for URL https://fonts.gstatic.com:443","tunnelID":"1508220","requestID":70}
{"level":"debug","time":"2024-06-11T04:02:36.454+0530","caller":"custom/setup.go:549","msg":"handling connect request for URL https://c.amazon-adsystem.com:443","tunnelID":"1508220","requestID":71}
{"level":"debug","time":"2024-06-11T04:02:36.462+0530","caller":"custom/setup.go:549","msg":"handling connect request for URL https://www.speedtest.net:443","tunnelID":"1508220","requestID":73}
{"level":"debug","time":"2024-06-11T04:02:36.462+0530","caller":"custom/setup.go:549","msg":"handling connect request for URL https://b.cdnst.net:443","tunnelID":"1508220","requestID":72}
{"level":"debug","time":"2024-06-11T04:02:36.465+0530","caller":"custom/setup.go:549","msg":"handling connect request for URL https://b.cdnst.net:443","tunnelID":"1508220","requestID":75}
{"level":"debug","time":"2024-06-11T04:02:36.465+0530","caller":"custom/setup.go:549","msg":"handling connect request for URL https://b.cdnst.net:443","tunnelID":"1508220","requestID":74}
{"level":"debug","time":"2024-06-11T04:02:36.480+0530","caller":"custom/setup.go:549","msg":"handling connect request for URL https://www.speedtest.net:443","tunnelID":"1508220","requestID":76}
{"level":"debug","time":"2024-06-11T04:02:36.507+0530","caller":"custom/setup.go:549","msg":"handling connect request for URL https://www.googletagmanager.com:443","tunnelID":"1508220","requestID":77}
{"level":"debug","time":"2024-06-11T04:02:36.508+0530","caller":"custom/setup.go:549","msg":"handling connect request for URL https://www.googleoptimize.com:443","tunnelID":"1508220","requestID":78}
{"level":"debug","time":"2024-06-11T04:02:36.508+0530","caller":"custom/setup.go:549","msg":"handling connect request for URL https://b.cdnst.net:443","tunnelID":"1508220","requestID":81}
{"level":"debug","time":"2024-06-11T04:02:36.508+0530","caller":"custom/setup.go:549","msg":"handling connect request for URL https://cdn.ziffstatic.com:443","tunnelID":"1508220","requestID":79}
{"level":"debug","time":"2024-06-11T04:02:36.508+0530","caller":"custom/setup.go:549","msg":"handling connect request for URL https://www.speedtest.net:443","tunnelID":"1508220","requestID":80}
{"level":"debug","time":"2024-06-11T04:02:36.554+0530","caller":"custom/setup.go:549","msg":"handling connect request for URL https://cdn.jsdelivr.net:443","tunnelID":"1508220","requestID":82}
{"level":"debug","time":"2024-06-11T04:02:36.566+0530","caller":"custom/setup.go:549","msg":"handling connect request for URL https://diffuser-cdn.app-us1.com:443","tunnelID":"1508220","requestID":83}
{"level":"debug","time":"2024-06-11T04:02:37.221+0530","caller":"custom/setup.go:549","msg":"handling connect request for URL https://geolocation.onetrust.com:443","tunnelID":"1508220","requestID":84}
{"level":"debug","time":"2024-06-11T04:02:37.265+0530","caller":"custom/setup.go:549","msg":"handling connect request for URL https://www.iplocation.net:443","tunnelID":"1508220","requestID":85}
{"level":"debug","time":"2024-06-11T04:02:37.398+0530","caller":"custom/setup.go:549","msg":"handling connect request for URL https://www.iplocation.net:443","tunnelID":"1508220","requestID":86}
{"level":"debug","time":"2024-06-11T04:02:37.570+0530","caller":"custom/setup.go:549","msg":"handling connect request for URL https://www.iplocation.net:443","tunnelID":"1508220","requestID":87}
{"level":"debug","time":"2024-06-11T04:02:37.574+0530","caller":"custom/setup.go:549","msg":"handling connect request for URL https://www.iplocation.net:443","tunnelID":"1508220","requestID":88}
{"level":"debug","time":"2024-06-11T04:02:37.625+0530","caller":"custom/setup.go:549","msg":"handling connect request for URL https://www.iplocation.net:443","tunnelID":"1508220","requestID":89}
{"level":"debug","time":"2024-06-11T04:02:37.693+0530","caller":"custom/setup.go:549","msg":"handling connect request for URL https://www.iplocation.net:443","tunnelID":"1508220","requestID":90}
{"level":"debug","time":"2024-06-11T04:02:37.734+0530","caller":"custom/setup.go:549","msg":"handling connect request for URL https://prism.app-us1.com:443","tunnelID":"1508220","requestID":91}
{"level":"debug","time":"2024-06-11T04:02:37.769+0530","caller":"custom/setup.go:549","msg":"handling connect request for URL https://fonts.gstatic.com:443","tunnelID":"1508220","requestID":92}
{"level":"debug","time":"2024-06-11T04:02:37.863+0530","caller":"custom/setup.go:549","msg":"handling connect request for URL https://www.iplocation.net:443","tunnelID":"1508220","requestID":93}
{"level":"debug","time":"2024-06-11T04:02:37.863+0530","caller":"custom/setup.go:549","msg":"handling connect request for URL https://www.iplocation.net:443","tunnelID":"1508220","requestID":94}
{"level":"debug","time":"2024-06-11T04:02:37.889+0530","caller":"custom/setup.go:549","msg":"handling connect request for URL https://www.iplocation.net:443","tunnelID":"1508220","requestID":95}
{"level":"debug","time":"2024-06-11T04:02:38.122+0530","caller":"custom/setup.go:549","msg":"handling connect request for URL https://cdn.cookielaw.org:443","tunnelID":"1508220","requestID":96}
{"level":"debug","time":"2024-06-11T04:02:38.405+0530","caller":"custom/setup.go:549","msg":"handling connect request for URL https://cdn.static.zdbb.net:443","tunnelID":"1508220","requestID":97}
{"level":"debug","time":"2024-06-11T04:02:38.405+0530","caller":"custom/setup.go:549","msg":"handling connect request for URL https://diffuser-cdn.app-us1.com:443","tunnelID":"1508220","requestID":98}
{"level":"debug","time":"2024-06-11T04:02:38.420+0530","caller":"custom/setup.go:549","msg":"handling connect request for URL https://c.amazon-adsystem.com:443","tunnelID":"1508220","requestID":99}
{"level":"debug","time":"2024-06-11T04:02:38.476+0530","caller":"custom/setup.go:549","msg":"handling connect request for URL https://www.googletagmanager.com:443","tunnelID":"1508220","requestID":100}
{"level":"debug","time":"2024-06-11T04:02:38.477+0530","caller":"custom/setup.go:549","msg":"handling connect request for URL https://fonts.gstatic.com:443","tunnelID":"1508220","requestID":101}
{"level":"debug","time":"2024-06-11T04:02:38.671+0530","caller":"custom/setup.go:549","msg":"handling connect request for URL https://fonts.gstatic.com:443","tunnelID":"1508220","requestID":102}
{"level":"debug","time":"2024-06-11T04:02:38.848+0530","caller":"custom/setup.go:549","msg":"handling connect request for URL https://www.iplocation.net:443","tunnelID":"1508220","requestID":103}
{"level":"debug","time":"2024-06-11T04:02:39.168+0530","caller":"custom/setup.go:549","msg":"handling connect request for URL https://geolocation.onetrust.com:443","tunnelID":"1508220","requestID":104}
{"level":"debug","time":"2024-06-11T04:02:39.321+0530","caller":"custom/setup.go:549","msg":"handling connect request for URL https://ajax.googleapis.com:443","tunnelID":"1508220","requestID":105}
{"level":"debug","time":"2024-06-11T04:02:39.363+0530","caller":"custom/setup.go:549","msg":"handling connect request for URL https://www.iplocation.net:443","tunnelID":"1508220","requestID":106}
{"level":"debug","time":"2024-06-11T04:02:39.580+0530","caller":"custom/setup.go:549","msg":"handling connect request for URL https://www.iplocation.net:443","tunnelID":"1508220","requestID":107}
{"level":"debug","time":"2024-06-11T04:02:39.596+0530","caller":"custom/setup.go:549","msg":"handling connect request for URL https://prism.app-us1.com:443","tunnelID":"1508220","requestID":108}
{"level":"debug","time":"2024-06-11T04:02:39.803+0530","caller":"custom/setup.go:549","msg":"handling connect request for URL https://config.aps.amazon-adsystem.com:443","tunnelID":"1508220","requestID":109}
{"level":"debug","time":"2024-06-11T04:02:40.070+0530","caller":"custom/setup.go:549","msg":"handling connect request for URL https://rp.liadm.com:443","tunnelID":"1508220","requestID":110}
{"level":"debug","time":"2024-06-11T04:02:40.126+0530","caller":"custom/setup.go:549","msg":"handling connect request for URL https://gurgle.speedtest.net:443","tunnelID":"1508220","requestID":111}
{"level":"debug","time":"2024-06-11T04:02:40.129+0530","caller":"custom/setup.go:549","msg":"handling connect request for URL https://zdbb.net:443","tunnelID":"1508220","requestID":112}
{"level":"debug","time":"2024-06-11T04:02:40.190+0530","caller":"custom/setup.go:549","msg":"handling connect request for URL https://b.cdnst.net:443","tunnelID":"1508220","requestID":113}
{"level":"debug","time":"2024-06-11T04:02:40.204+0530","caller":"custom/setup.go:549","msg":"handling connect request for URL https://b.cdnst.net:443","tunnelID":"1508220","requestID":114}
{"level":"debug","time":"2024-06-11T04:02:40.222+0530","caller":"custom/setup.go:549","msg":"handling connect request for URL https://b.cdnst.net:443","tunnelID":"1508220","requestID":115}
{"level":"debug","time":"2024-06-11T04:02:40.235+0530","caller":"custom/setup.go:549","msg":"handling connect request for URL https://securepubads.g.doubleclick.net:443","tunnelID":"1508220","requestID":116}
{"level":"debug","time":"2024-06-11T04:02:40.323+0530","caller":"custom/setup.go:549","msg":"handling connect request for URL https://www.ezojs.com:443","tunnelID":"1508220","requestID":117}
{"level":"debug","time":"2024-06-11T04:02:40.325+0530","caller":"custom/setup.go:549","msg":"handling connect request for URL https://www.iplocation.net:443","tunnelID":"1508220","requestID":118}
{"level":"debug","time":"2024-06-11T04:02:40.331+0530","caller":"custom/setup.go:549","msg":"handling connect request for URL https://www.iplocation.net:443","tunnelID":"1508220","requestID":119}
{"level":"debug","time":"2024-06-11T04:02:40.691+0530","caller":"custom/setup.go:549","msg":"handling connect request for URL https://rp.liadm.com:443","tunnelID":"1508220","requestID":120}
{"level":"debug","time":"2024-06-11T04:02:40.761+0530","caller":"custom/setup.go:549","msg":"handling connect request for URL https://pagead2.googlesyndication.com:443","tunnelID":"1508220","requestID":121}
{"level":"debug","time":"2024-06-11T04:02:40.856+0530","caller":"custom/setup.go:549","msg":"handling connect request for URL https://www.lambdatest.com:443","tunnelID":"1508220","requestID":122}
{"level":"debug","time":"2024-06-11T04:02:40.914+0530","caller":"custom/setup.go:387","msg":"handle http request for http://connectivitycheck.gstatic.com/generate_204","tunnelID":"1508220","requestID":123}
{"level":"debug","time":"2024-06-11T04:02:40.920+0530","caller":"custom/setup.go:515","msg":"Response &{Status:204 No Content StatusCode:204 Proto:HTTP/1.1 ProtoMajor:1 ProtoMinor:1 Header:map[Content-Length:[0] Cross-Origin-Resource-Policy:[cross-origin] Date:[Mon, 10 Jun 2024 22:32:40 GMT]] Body:{} ContentLength:0 TransferEncoding:[] Close:true Uncompressed:false Trailer:map[] Request:0xc00044ed00 TLS:<nil>} for http request from domain http://connectivitycheck.gstatic.com/generate_204","tunnelID":"1508220","requestID":123}
{"level":"debug","time":"2024-06-11T04:02:40.994+0530","caller":"custom/setup.go:549","msg":"handling connect request for URL https://api.ipify.org:443","tunnelID":"1508220","requestID":124}
{"level":"debug","time":"2024-06-11T04:02:41.008+0530","caller":"custom/setup.go:549","msg":"handling connect request for URL https://content-autofill.googleapis.com:443","tunnelID":"1508220","requestID":125}
{"level":"debug","time":"2024-06-11T04:02:41.060+0530","caller":"custom/setup.go:549","msg":"handling connect request for URL https://ajax.googleapis.com:443","tunnelID":"1508220","requestID":126}
{"level":"debug","time":"2024-06-11T04:02:41.500+0530","caller":"custom/setup.go:387","msg":"handle http request for http://www.google.com/gen_204","tunnelID":"1508220","requestID":127}
{"level":"debug","time":"2024-06-11T04:02:41.570+0530","caller":"custom/setup.go:515","msg":"Response &{Status:204 No Content StatusCode:204 Proto:HTTP/1.1 ProtoMajor:1 ProtoMinor:1 Header:map[Content-Length:[0] Content-Security-Policy:[object-src 'none';base-uri 'self';script-src 'nonce-rhXz16XL_jRiNyLnptY9IQ' 'strict-dynamic' 'report-sample' 'unsafe-eval' 'unsafe-inline' https: http:;report-uri https://csp.withgoogle.com/csp/gws/other] Content-Type:[text/html; charset=UTF-8] Date:[Mon, 10 Jun 2024 22:32:41 GMT] Permissions-Policy:[unload=()] Server:[gws] Set-Cookie:[1P_JAR=2024-06-10-22; expires=Wed, 10-Jul-2024 22:32:41 GMT; path=/; domain=.google.com; Secure] X-Frame-Options:[SAMEORIGIN] X-Xss-Protection:[0]] Body:{} ContentLength:0 TransferEncoding:[] Close:true Uncompressed:false Trailer:map[] Request:0xc000122900 TLS:<nil>} for http request from domain http://www.google.com/gen_204","tunnelID":"1508220","requestID":127}
{"level":"debug","time":"2024-06-11T04:02:41.645+0530","caller":"custom/setup.go:549","msg":"handling connect request for URL https://b.cdnst.net:443","tunnelID":"1508220","requestID":128}
{"level":"debug","time":"2024-06-11T04:02:41.685+0530","caller":"custom/setup.go:549","msg":"handling connect request for URL https://securepubads.g.doubleclick.net:443","tunnelID":"1508220","requestID":129}
{"level":"debug","time":"2024-06-11T04:02:41.687+0530","caller":"custom/setup.go:549","msg":"handling connect request for URL https://b.cdnst.net:443","tunnelID":"1508220","requestID":130}
{"level":"debug","time":"2024-06-11T04:02:41.750+0530","caller":"custom/setup.go:549","msg":"handling connect request for URL https://cdn.iplocation.net:443","tunnelID":"1508220","requestID":131}
{"level":"debug","time":"2024-06-11T04:02:41.894+0530","caller":"custom/setup.go:549","msg":"handling connect request for URL https://www.ezojs.com:443","tunnelID":"1508220","requestID":132}
{"level":"debug","time":"2024-06-11T04:02:42.137+0530","caller":"custom/setup.go:549","msg":"handling connect request for URL https://cdn.static.zdbb.net:443","tunnelID":"1508220","requestID":133}
{"level":"debug","time":"2024-06-11T04:02:42.366+0530","caller":"custom/setup.go:549","msg":"handling connect request for URL https://www.lambdatest.com:443","tunnelID":"1508220","requestID":134}
{"level":"debug","time":"2024-06-11T04:02:42.373+0530","caller":"custom/setup.go:549","msg":"handling connect request for URL https://www.google-analytics.com:443","tunnelID":"1508220","requestID":135}
{"level":"debug","time":"2024-06-11T04:02:42.392+0530","caller":"custom/setup.go:549","msg":"handling connect request for URL https://www.lambdatest.com:443","tunnelID":"1508220","requestID":136}
{"level":"debug","time":"2024-06-11T04:02:42.395+0530","caller":"custom/setup.go:549","msg":"handling connect request for URL https://pagead2.googlesyndication.com:443","tunnelID":"1508220","requestID":137}
{"level":"debug","time":"2024-06-11T04:02:42.409+0530","caller":"custom/setup.go:549","msg":"handling connect request for URL https://www.lambdatest.com:443","tunnelID":"1508220","requestID":138}
{"level":"debug","time":"2024-06-11T04:02:42.417+0530","caller":"custom/setup.go:549","msg":"handling connect request for URL https://gurgle.zdbb.net:443","tunnelID":"1508220","requestID":139}
{"level":"debug","time":"2024-06-11T04:02:42.478+0530","caller":"custom/setup.go:549","msg":"handling connect request for URL https://www.lambdatest.com:443","tunnelID":"1508220","requestID":140}
{"level":"debug","time":"2024-06-11T04:02:42.478+0530","caller":"custom/setup.go:549","msg":"handling connect request for URL https://api.ipify.org:443","tunnelID":"1508220","requestID":141}
{"level":"debug","time":"2024-06-11T04:02:42.486+0530","caller":"custom/setup.go:549","msg":"handling connect request for URL https://content-autofill.googleapis.com:443","tunnelID":"1508220","requestID":142}
{"level":"debug","time":"2024-06-11T04:02:42.587+0530","caller":"custom/setup.go:549","msg":"handling connect request for URL https://www.google-analytics.com:443","tunnelID":"1508220","requestID":143}
{"level":"debug","time":"2024-06-11T04:02:42.748+0530","caller":"custom/setup.go:549","msg":"handling connect request for URL https://www.google-analytics.com:443","tunnelID":"1508220","requestID":144}
{"level":"debug","time":"2024-06-11T04:02:43.035+0530","caller":"custom/setup.go:549","msg":"handling connect request for URL https://www.lambdatest.com:443","tunnelID":"1508220","requestID":145}
{"level":"debug","time":"2024-06-11T04:02:43.042+0530","caller":"custom/setup.go:549","msg":"handling connect request for URL https://www.lambdatest.com:443","tunnelID":"1508220","requestID":146}
{"level":"debug","time":"2024-06-11T04:02:43.053+0530","caller":"custom/setup.go:549","msg":"handling connect request for URL https://www.lambdatest.com:443","tunnelID":"1508220","requestID":147}
{"level":"debug","time":"2024-06-11T04:02:43.111+0530","caller":"custom/setup.go:549","msg":"handling connect request for URL https://www.lambdatest.com:443","tunnelID":"1508220","requestID":148}
{"level":"debug","time":"2024-06-11T04:02:43.215+0530","caller":"custom/setup.go:549","msg":"handling connect request for URL https://www.lambdatest.com:443","tunnelID":"1508220","requestID":149}
{"level":"debug","time":"2024-06-11T04:02:43.368+0530","caller":"custom/setup.go:549","msg":"handling connect request for URL https://www.lambdatest.com:443","tunnelID":"1508220","requestID":150}
{"level":"debug","time":"2024-06-11T04:02:43.493+0530","caller":"custom/setup.go:549","msg":"handling connect request for URL https://www.lambdatest.com:443","tunnelID":"1508220","requestID":151}
{"level":"debug","time":"2024-06-11T04:02:43.515+0530","caller":"custom/setup.go:549","msg":"handling connect request for URL https://static.cloudflareinsights.com:443","tunnelID":"1508220","requestID":152}
{"level":"debug","time":"2024-06-11T04:02:43.659+0530","caller":"custom/setup.go:549","msg":"handling connect request for URL https://cdn.iplocation.net:443","tunnelID":"1508220","requestID":153}
{"level":"debug","time":"2024-06-11T04:02:43.760+0530","caller":"custom/setup.go:549","msg":"handling connect request for URL https://cdn.iplocation.net:443","tunnelID":"1508220","requestID":154}
{"level":"debug","time":"2024-06-11T04:02:43.761+0530","caller":"custom/setup.go:549","msg":"handling connect request for URL https://www.lambdatest.com:443","tunnelID":"1508220","requestID":155}
{"level":"debug","time":"2024-06-11T04:02:43.890+0530","caller":"custom/setup.go:549","msg":"handling connect request for URL https://cdn.iplocation.net:443","tunnelID":"1508220","requestID":156}
{"level":"debug","time":"2024-06-11T04:02:44.017+0530","caller":"custom/setup.go:549","msg":"handling connect request for URL https://cdn.iplocation.net:443","tunnelID":"1508220","requestID":157}
{"level":"debug","time":"2024-06-11T04:02:44.159+0530","caller":"custom/setup.go:549","msg":"handling connect request for URL https://cdn.iplocation.net:443","tunnelID":"1508220","requestID":158}
{"level":"debug","time":"2024-06-11T04:02:44.183+0530","caller":"custom/setup.go:549","msg":"handling connect request for URL https://www.lambdatest.com:443","tunnelID":"1508220","requestID":159}
{"level":"debug","time":"2024-06-11T04:02:44.183+0530","caller":"custom/setup.go:549","msg":"handling connect request for URL https://cdn.iplocation.net:443","tunnelID":"1508220","requestID":160}
{"level":"debug","time":"2024-06-11T04:02:44.288+0530","caller":"custom/setup.go:549","msg":"handling connect request for URL https://www.lambdatest.com:443","tunnelID":"1508220","requestID":161}
{"level":"debug","time":"2024-06-11T04:02:44.294+0530","caller":"custom/setup.go:549","msg":"handling connect request for URL https://www.lambdatest.com:443","tunnelID":"1508220","requestID":162}
{"level":"debug","time":"2024-06-11T04:02:44.361+0530","caller":"custom/setup.go:549","msg":"handling connect request for URL https://www.lambdatest.com:443","tunnelID":"1508220","requestID":163}
{"level":"debug","time":"2024-06-11T04:02:44.420+0530","caller":"custom/setup.go:549","msg":"handling connect request for URL https://www.lambdatest.com:443","tunnelID":"1508220","requestID":164}
{"level":"debug","time":"2024-06-11T04:02:44.470+0530","caller":"custom/setup.go:549","msg":"handling connect request for URL https://www.lambdatest.com:443","tunnelID":"1508220","requestID":165}
{"level":"debug","time":"2024-06-11T04:02:44.497+0530","caller":"custom/setup.go:549","msg":"handling connect request for URL https://www.lambdatest.com:443","tunnelID":"1508220","requestID":166}
{"level":"debug","time":"2024-06-11T04:02:44.547+0530","caller":"custom/setup.go:549","msg":"handling connect request for URL https://cdn.iplocation.net:443","tunnelID":"1508220","requestID":167}
{"level":"debug","time":"2024-06-11T04:02:44.558+0530","caller":"custom/setup.go:549","msg":"handling connect request for URL https://www.lambdatest.com:443","tunnelID":"1508220","requestID":168}
{"level":"debug","time":"2024-06-11T04:02:44.589+0530","caller":"custom/setup.go:549","msg":"handling connect request for URL https://www.lambdatest.com:443","tunnelID":"1508220","requestID":169}
{"level":"debug","time":"2024-06-11T04:02:44.680+0530","caller":"custom/setup.go:549","msg":"handling connect request for URL https://www.lambdatest.com:443","tunnelID":"1508220","requestID":170}
{"level":"debug","time":"2024-06-11T04:02:44.750+0530","caller":"custom/setup.go:549","msg":"handling connect request for URL https://www.iplocation.net:443","tunnelID":"1508220","requestID":171}
{"level":"debug","time":"2024-06-11T04:02:44.793+0530","caller":"custom/setup.go:549","msg":"handling connect request for URL https://tags.crwdcntrl.net:443","tunnelID":"1508220","requestID":172}
{"level":"debug","time":"2024-06-11T04:02:44.846+0530","caller":"custom/setup.go:549","msg":"handling connect request for URL https://www.lambdatest.com:443","tunnelID":"1508220","requestID":173}
{"level":"debug","time":"2024-06-11T04:02:44.869+0530","caller":"custom/setup.go:549","msg":"handling connect request for URL https://www.lambdatest.com:443","tunnelID":"1508220","requestID":174}
{"level":"debug","time":"2024-06-11T04:02:44.915+0530","caller":"custom/setup.go:549","msg":"handling connect request for URL https://www.lambdatest.com:443","tunnelID":"1508220","requestID":175}
{"level":"debug","time":"2024-06-11T04:02:44.982+0530","caller":"custom/setup.go:549","msg":"handling connect request for URL https://www.lambdatest.com:443","tunnelID":"1508220","requestID":176}
{"level":"debug","time":"2024-06-11T04:02:45.006+0530","caller":"custom/setup.go:549","msg":"handling connect request for URL https://www.lambdatest.com:443","tunnelID":"1508220","requestID":177}
{"level":"debug","time":"2024-06-11T04:02:45.022+0530","caller":"custom/setup.go:549","msg":"handling connect request for URL https://cdn.hadronid.net:443","tunnelID":"1508220","requestID":178}
{"level":"debug","time":"2024-06-11T04:02:45.050+0530","caller":"custom/setup.go:549","msg":"handling connect request for URL https://www.iplocation.net:443","tunnelID":"1508220","requestID":179}
{"level":"debug","time":"2024-06-11T04:02:45.132+0530","caller":"custom/setup.go:549","msg":"handling connect request for URL https://www.lambdatest.com:443","tunnelID":"1508220","requestID":180}
{"level":"debug","time":"2024-06-11T04:02:45.204+0530","caller":"custom/setup.go:549","msg":"handling connect request for URL https://www.lambdatest.com:443","tunnelID":"1508220","requestID":181}
{"level":"debug","time":"2024-06-11T04:02:45.409+0530","caller":"custom/setup.go:549","msg":"handling connect request for URL https://static.cloudflareinsights.com:443","tunnelID":"1508220","requestID":182}
{"level":"debug","time":"2024-06-11T04:02:45.607+0530","caller":"custom/setup.go:549","msg":"handling connect request for URL https://www.lambdatest.com:443","tunnelID":"1508220","requestID":183}
{"level":"debug","time":"2024-06-11T04:02:45.608+0530","caller":"custom/setup.go:549","msg":"handling connect request for URL https://cdn.iplocation.net:443","tunnelID":"1508220","requestID":184}
{"level":"debug","time":"2024-06-11T04:02:45.675+0530","caller":"custom/setup.go:549","msg":"handling connect request for URL https://cdn.id5-sync.com:443","tunnelID":"1508220","requestID":185}
{"level":"debug","time":"2024-06-11T04:02:45.775+0530","caller":"custom/setup.go:549","msg":"handling connect request for URL https://www.lambdatest.com:443","tunnelID":"1508220","requestID":186}
{"level":"debug","time":"2024-06-11T04:02:45.882+0530","caller":"custom/setup.go:549","msg":"handling connect request for URL https://www.lambdatest.com:443","tunnelID":"1508220","requestID":187}
{"level":"debug","time":"2024-06-11T04:02:46.088+0530","caller":"custom/setup.go:549","msg":"handling connect request for URL https://www.lambdatest.com:443","tunnelID":"1508220","requestID":188}
{"level":"debug","time":"2024-06-11T04:02:46.134+0530","caller":"custom/setup.go:549","msg":"handling connect request for URL https://cdn.iplocation.net:443","tunnelID":"1508220","requestID":189}
{"level":"debug","time":"2024-06-11T04:02:46.553+0530","caller":"custom/setup.go:549","msg":"handling connect request for URL https://cdn.iplocation.net:443","tunnelID":"1508220","requestID":190}
{"level":"debug","time":"2024-06-11T04:02:46.763+0530","caller":"custom/setup.go:549","msg":"handling connect request for URL https://www.lambdatest.com:443","tunnelID":"1508220","requestID":191}
{"level":"debug","time":"2024-06-11T04:02:46.822+0530","caller":"custom/setup.go:549","msg":"handling connect request for URL https://www.lambdatest.com:443","tunnelID":"1508220","requestID":192}
{"level":"debug","time":"2024-06-11T04:02:47.163+0530","caller":"custom/setup.go:549","msg":"handling connect request for URL https://www.lambdatest.com:443","tunnelID":"1508220","requestID":194}
{"level":"debug","time":"2024-06-11T04:02:47.163+0530","caller":"custom/setup.go:549","msg":"handling connect request for URL https://cdn.iplocation.net:443","tunnelID":"1508220","requestID":193}
{"level":"debug","time":"2024-06-11T04:02:47.300+0530","caller":"custom/setup.go:549","msg":"handling connect request for URL https://www.lambdatest.com:443","tunnelID":"1508220","requestID":195}
{"level":"debug","time":"2024-06-11T04:02:47.300+0530","caller":"custom/setup.go:549","msg":"handling connect request for URL https://cdn.iplocation.net:443","tunnelID":"1508220","requestID":196}
{"level":"debug","time":"2024-06-11T04:02:47.390+0530","caller":"custom/setup.go:549","msg":"handling connect request for URL https://www.lambdatest.com:443","tunnelID":"1508220","requestID":197}
{"level":"debug","time":"2024-06-11T04:03:04.502+0530","caller":"custom/setup.go:849","msg":"Exiting the sink proxy","tunnelID":"1508220"}
{"level":"debug","time":"2024-06-11T04:03:04.502+0530","caller":"apiserver/setup.go:144","msg":"Shutting down the server"}
{"level":"debug","time":"2024-06-11T04:03:04.502+0530","caller":"callback/setup.go:115","msg":"Shutting down the callback agent"}
{"level":"debug","time":"2024-06-11T04:03:04.502+0530","caller":"core/lifecycle.go:425","msg":"Context cancelled"}
{"level":"info","time":"2024-06-11T04:03:04.502+0530","caller":"core/lifecycle.go:427","msg":"Stopping tunnel"}
{"level":"debug","time":"2024-06-11T04:03:04.502+0530","caller":"ws/control.go:140","msg":"Unusual close error on control channel..."}
{"level":"debug","time":"2024-06-11T04:03:04.502+0530","caller":"ws/control.go:193","msg":"Write loop ended for control channel"}
{"level":"debug","time":"2024-06-11T04:03:07.154+0530","caller":"ssh/ssh.go:222","msg":"Remote connection on remote port: 12389 closed, reason: EOF"}
{"level":"debug","time":"2024-06-11T04:03:07.154+0530","caller":"ssh/ssh.go:244","msg":"closed ssh connection with port 12389"}
{"level":"debug","time":"2024-06-11T04:03:07.156+0530","caller":"ssh/ssh.go:222","msg":"Remote connection on remote port: 17369 closed, reason: EOF"}
{"level":"debug","time":"2024-06-11T04:03:07.156+0530","caller":"ssh/ssh.go:244","msg":"closed ssh connection with port 17369"}
{"level":"debug","time":"2024-06-11T04:03:07.157+0530","caller":"ssh/ssh.go:222","msg":"Remote connection on remote port: 20962 closed, reason: EOF"}
{"level":"debug","time":"2024-06-11T04:03:07.157+0530","caller":"ssh/ssh.go:244","msg":"closed ssh connection with port 20962"}
{"level":"debug","time":"2024-06-11T04:03:07.159+0530","caller":"ssh/ssh.go:222","msg":"Remote connection on remote port: 6242 closed, reason: EOF"}
{"level":"debug","time":"2024-06-11T04:03:07.159+0530","caller":"ssh/ssh.go:244","msg":"closed ssh connection with port 6242"}
{"level":"debug","time":"2024-06-11T04:03:07.159+0530","caller":"ssh/ssh.go:222","msg":"Remote connection on remote port: 10362 closed, reason: EOF"}
{"level":"debug","time":"2024-06-11T04:03:07.159+0530","caller":"ssh/ssh.go:244","msg":"closed ssh connection with port 10362"}
{"level":"info","time":"2024-06-11T04:03:07.485+0530","caller":"core/lifecycle.go:434","msg":"Tunnel stopped successfully"}
{"level":"debug","time":"2024-06-11T04:03:07.487+0530","caller":"core/lifecycle.go:436","msg":"Quit requested from main goroutine...."}
{"level":"debug","time":"2024-06-11T04:03:07.487+0530","caller":"core/lifecycle.go:437","msg":"Waiting for the goroutines to exit"}
{"level":"debug","time":"2024-06-11T04:03:07.487+0530","caller":"core/lifecycle.go:439","msg":"All goroutines exited"}
{"level":"debug","time":"2024-06-11T04:03:07.487+0530","caller":"cmd/lt.go:261","msg":"main: all goroutines have finished."}
