{"level":"info","time":"2024-06-14T15:17:06.485+0530","caller":"cmd/lt.go:205","msg":"LambdaTest Tunnel version: 3.1.31"}
{"level":"debug","time":"2024-06-14T15:17:06.486+0530","caller":"core/lifecycle.go:41","msg":"Starting pipeline....."}
{"level":"debug","time":"2024-06-14T15:17:06.486+0530","caller":"core/lifecycle.go:42","msg":"OS: windows, Arch: amd64"}
{"level":"debug","time":"2024-06-14T15:17:06.486+0530","caller":"core/lifecycle.go:43","msg":"Fetching config"}
{"level":"debug","time":"2024-06-14T15:17:06.486+0530","caller":"core/lifecycle.go:65","msg":"Starting tunnel With flags: --user mudassars --key ***** --callbackURL http://127.0.0.1:61257/started --env ht-prod --tunnelName BINWWxdSxeHtSHso --retry-on-failure --infoAPIPort 61258 --logFile D:\\demo\\LambdaTest_Demo-main\\logs\\tunnel\\BINWWxdSxeHtSHso-1.log"}
{"level":"debug","time":"2024-06-14T15:17:09.491+0530","caller":"core/lifecycle.go:83","msg":"Remote config fetched"}
{"level":"debug","time":"2024-06-14T15:17:09.571+0530","caller":"apiserver/setup.go:166","msg":"Starting API server"}
{"level":"debug","time":"2024-06-14T15:17:09.571+0530","caller":"networkscanner/setup.go:69","msg":"Trying on port 22"}
{"level":"debug","time":"2024-06-14T15:17:09.571+0530","caller":"networkscanner/setup.go:103","msg":"Trying on port 443"}
{"level":"debug","time":"2024-06-14T15:17:09.571+0530","caller":"networkscanner/setup.go:191","msg":"Trying on port 443"}
{"level":"debug","time":"2024-06-14T15:17:09.571+0530","caller":"apiserver/setup.go:148","msg":"Starting API server for tunnel info on port: 61258"}
{"level":"debug","time":"2024-06-14T15:17:09.571+0530","caller":"callback/setup.go:51","msg":"Starting the callback agent"}
{"level":"debug","time":"2024-06-14T15:17:09.571+0530","caller":"custom/setup.go:861","msg":"Starting sink proxy"}
{"level":"debug","time":"2024-06-14T15:17:09.571+0530","caller":"networkscanner/setup.go:137","msg":"Trying over ssh over ws"}
{"level":"info","time":"2024-06-14T15:17:09.572+0530","caller":"custom/setup.go:804","msg":"Tunnel binary started on port :9090"}
{"level":"debug","time":"2024-06-14T15:17:09.593+0530","caller":"networkscanner/setup.go:207","msg":"TCP connection was successful"}
{"level":"debug","time":"2024-06-14T15:17:09.991+0530","caller":"networkscanner/setup.go:90","msg":"SSH connection over port 22 successful"}
{"level":"debug","time":"2024-06-14T15:17:11.203+0530","caller":"networkscanner/setup.go:154","msg":"WSS connection was successful"}
{"level":"debug","time":"2024-06-14T15:17:13.497+0530","caller":"networkscanner/setup.go:124","msg":"SSH connection over port 443 successful"}
{"level":"debug","time":"2024-06-14T15:17:15.060+0530","caller":"networkscanner/setup.go:179","msg":"SSH connection over ws successful"}
{"level":"info","time":"2024-06-14T15:17:15.060+0530","caller":"core/lifecycle.go:122","msg":"Using ssh(over_22) :: connection mode"}
{"level":"info","time":"2024-06-14T15:17:15.060+0530","caller":"core/lifecycle.go:259","msg":"Launching tunnel"}
{"level":"debug","time":"2024-06-14T15:17:15.060+0530","caller":"ws/control.go:34","msg":"Starting control ws connection at wss://hts.lambdatest.com/monitor"}
{"level":"debug","time":"2024-06-14T15:17:17.174+0530","caller":"ws/control.go:72","msg":"Control ws channel opened"}
{"level":"debug","time":"2024-06-14T15:17:17.174+0530","caller":"ws/control.go:131","msg":"Starting message listener on control connection"}
{"level":"debug","time":"2024-06-14T15:17:18.677+0530","caller":"tunnelmanager/controller.go:149","msg":"otel disabled"}
{"level":"debug","time":"2024-06-14T15:17:18.677+0530","caller":"core/lifecycle.go:358","msg":"Sending tunnel registered message to channels"}
{"level":"debug","time":"2024-06-14T15:17:18.677+0530","caller":"ssh/setup.go:71","msg":"Using 5 ssh connection"}
{"level":"debug","time":"2024-06-14T15:17:18.677+0530","caller":"ws/control.go:196","msg":"Tunnel registered message received on control channel"}
{"level":"debug","time":"2024-06-14T15:17:18.677+0530","caller":"ws/control.go:200","msg":"controller bus registered"}
{"level":"debug","time":"2024-06-14T15:17:19.367+0530","caller":"ssh/ssh.go:216","msg":"Successfully started sshd listener on port: 3531"}
{"level":"debug","time":"2024-06-14T15:17:19.433+0530","caller":"ssh/ssh.go:216","msg":"Successfully started sshd listener on port: 22841"}
{"level":"info","time":"2024-06-14T15:17:19.433+0530","caller":"core/lifecycle.go:381","msg":"You can start testing now"}
{"level":"info","time":"2024-06-14T15:17:19.433+0530","caller":"core/lifecycle.go:382","msg":"Tunnel ID: 1514161"}
{"level":"debug","time":"2024-06-14T15:17:19.433+0530","caller":"core/lifecycle.go:383","msg":"Remote Listener Started on Port 7271"}
{"level":"debug","time":"2024-06-14T15:17:19.434+0530","caller":"callback/setup.go:100","msg":"Webhook endpoint http://127.0.0.1:61257/started successfully notified"}
{"level":"debug","time":"2024-06-14T15:17:19.459+0530","caller":"ssh/ssh.go:216","msg":"Successfully started sshd listener on port: 6825"}
{"level":"debug","time":"2024-06-14T15:17:19.459+0530","caller":"ssh/ssh.go:216","msg":"Successfully started sshd listener on port: 19663"}
{"level":"debug","time":"2024-06-14T15:17:19.489+0530","caller":"ssh/ssh.go:216","msg":"Successfully started sshd listener on port: 24036"}
{"level":"debug","time":"2024-06-14T15:20:22.286+0530","caller":"core/lifecycle.go:425","msg":"Context cancelled"}
{"level":"debug","time":"2024-06-14T15:20:22.286+0530","caller":"custom/setup.go:849","msg":"Exiting the sink proxy","tunnelID":"1514161"}
{"level":"debug","time":"2024-06-14T15:20:22.286+0530","caller":"callback/setup.go:115","msg":"Shutting down the callback agent"}
{"level":"debug","time":"2024-06-14T15:20:22.286+0530","caller":"apiserver/setup.go:144","msg":"Shutting down the server"}
{"level":"info","time":"2024-06-14T15:20:22.286+0530","caller":"core/lifecycle.go:427","msg":"Stopping tunnel"}
{"level":"debug","time":"2024-06-14T15:20:22.287+0530","caller":"ws/control.go:140","msg":"Unusual close error on control channel..."}
{"level":"debug","time":"2024-06-14T15:20:22.287+0530","caller":"ws/control.go:193","msg":"Write loop ended for control channel"}
{"level":"debug","time":"2024-06-14T15:20:25.999+0530","caller":"ssh/ssh.go:222","msg":"Remote connection on remote port: 22841 closed, reason: EOF"}
{"level":"debug","time":"2024-06-14T15:20:26.000+0530","caller":"ssh/ssh.go:244","msg":"closed ssh connection with port 22841"}
{"level":"debug","time":"2024-06-14T15:20:26.000+0530","caller":"ssh/ssh.go:222","msg":"Remote connection on remote port: 19663 closed, reason: EOF"}
{"level":"debug","time":"2024-06-14T15:20:26.001+0530","caller":"ssh/ssh.go:244","msg":"closed ssh connection with port 19663"}
{"level":"debug","time":"2024-06-14T15:20:26.001+0530","caller":"ssh/ssh.go:222","msg":"Remote connection on remote port: 6825 closed, reason: EOF"}
{"level":"debug","time":"2024-06-14T15:20:26.002+0530","caller":"ssh/ssh.go:244","msg":"closed ssh connection with port 6825"}
{"level":"debug","time":"2024-06-14T15:20:26.004+0530","caller":"ssh/ssh.go:222","msg":"Remote connection on remote port: 3531 closed, reason: EOF"}
{"level":"debug","time":"2024-06-14T15:20:26.004+0530","caller":"ssh/ssh.go:222","msg":"Remote connection on remote port: 24036 closed, reason: EOF"}
{"level":"debug","time":"2024-06-14T15:20:26.004+0530","caller":"ssh/ssh.go:244","msg":"closed ssh connection with port 3531"}
{"level":"debug","time":"2024-06-14T15:20:26.004+0530","caller":"ssh/ssh.go:244","msg":"closed ssh connection with port 24036"}
{"level":"info","time":"2024-06-14T15:20:26.396+0530","caller":"core/lifecycle.go:434","msg":"Tunnel stopped successfully"}
{"level":"debug","time":"2024-06-14T15:20:26.396+0530","caller":"core/lifecycle.go:436","msg":"Quit requested from main goroutine...."}
{"level":"debug","time":"2024-06-14T15:20:26.396+0530","caller":"core/lifecycle.go:437","msg":"Waiting for the goroutines to exit"}
{"level":"debug","time":"2024-06-14T15:20:26.396+0530","caller":"core/lifecycle.go:439","msg":"All goroutines exited"}
{"level":"debug","time":"2024-06-14T15:20:26.396+0530","caller":"cmd/lt.go:261","msg":"main: all goroutines have finished."}
