{"level":"info","time":"2024-06-11T01:33:20.055+0530","caller":"cmd/lt.go:205","msg":"LambdaTest Tunnel version: 3.1.31"}
{"level":"debug","time":"2024-06-11T01:33:20.057+0530","caller":"core/lifecycle.go:41","msg":"Starting pipeline....."}
{"level":"debug","time":"2024-06-11T01:33:20.057+0530","caller":"core/lifecycle.go:42","msg":"OS: windows, Arch: amd64"}
{"level":"debug","time":"2024-06-11T01:33:20.057+0530","caller":"core/lifecycle.go:43","msg":"Fetching config"}
{"level":"debug","time":"2024-06-11T01:33:20.057+0530","caller":"core/lifecycle.go:65","msg":"Starting tunnel With flags: --user mudassars --key ***** --callbackURL http://127.0.0.1:63786/started --env ht-prod --tunnelName HNTOGXQfLjyUETdw --retry-on-failure --infoAPIPort 63787 --logFile D:\\demo\\LambdaTest_Demo-main\\logs\\tunnel\\HNTOGXQfLjyUETdw-1.log"}
{"level":"debug","time":"2024-06-11T01:33:21.949+0530","caller":"core/lifecycle.go:83","msg":"Remote config fetched"}
{"level":"debug","time":"2024-06-11T01:33:22.275+0530","caller":"apiserver/setup.go:166","msg":"Starting API server"}
{"level":"debug","time":"2024-06-11T01:33:22.275+0530","caller":"custom/setup.go:861","msg":"Starting sink proxy"}
{"level":"debug","time":"2024-06-11T01:33:22.275+0530","caller":"networkscanner/setup.go:103","msg":"Trying on port 443"}
{"level":"debug","time":"2024-06-11T01:33:22.275+0530","caller":"callback/setup.go:51","msg":"Starting the callback agent"}
{"level":"debug","time":"2024-06-11T01:33:22.276+0530","caller":"networkscanner/setup.go:191","msg":"Trying on port 443"}
{"level":"debug","time":"2024-06-11T01:33:22.275+0530","caller":"networkscanner/setup.go:69","msg":"Trying on port 22"}
{"level":"debug","time":"2024-06-11T01:33:22.275+0530","caller":"networkscanner/setup.go:137","msg":"Trying over ssh over ws"}
{"level":"debug","time":"2024-06-11T01:33:22.276+0530","caller":"apiserver/setup.go:148","msg":"Starting API server for tunnel info on port: 63787"}
{"level":"info","time":"2024-06-11T01:33:22.277+0530","caller":"custom/setup.go:804","msg":"Tunnel binary started on port :9090"}
{"level":"debug","time":"2024-06-11T01:33:22.300+0530","caller":"networkscanner/setup.go:207","msg":"TCP connection was successful"}
{"level":"debug","time":"2024-06-11T01:33:22.627+0530","caller":"networkscanner/setup.go:154","msg":"WSS connection was successful"}
{"level":"debug","time":"2024-06-11T01:33:22.720+0530","caller":"networkscanner/setup.go:124","msg":"SSH connection over port 443 successful"}
{"level":"debug","time":"2024-06-11T01:33:22.747+0530","caller":"networkscanner/setup.go:90","msg":"SSH connection over port 22 successful"}
{"level":"debug","time":"2024-06-11T01:33:22.952+0530","caller":"networkscanner/setup.go:179","msg":"SSH connection over ws successful"}
{"level":"info","time":"2024-06-11T01:33:22.952+0530","caller":"core/lifecycle.go:122","msg":"Using ssh(over_22) :: connection mode"}
{"level":"info","time":"2024-06-11T01:33:22.952+0530","caller":"core/lifecycle.go:259","msg":"Launching tunnel"}
{"level":"debug","time":"2024-06-11T01:33:22.952+0530","caller":"ws/control.go:34","msg":"Starting control ws connection at wss://hts.lambdatest.com/monitor"}
{"level":"debug","time":"2024-06-11T01:33:23.782+0530","caller":"ws/control.go:72","msg":"Control ws channel opened"}
{"level":"debug","time":"2024-06-11T01:33:23.783+0530","caller":"ws/control.go:131","msg":"Starting message listener on control connection"}
{"level":"debug","time":"2024-06-11T01:33:25.120+0530","caller":"tunnelmanager/controller.go:149","msg":"otel disabled"}
{"level":"debug","time":"2024-06-11T01:33:25.120+0530","caller":"core/lifecycle.go:358","msg":"Sending tunnel registered message to channels"}
{"level":"debug","time":"2024-06-11T01:33:25.120+0530","caller":"ws/control.go:196","msg":"Tunnel registered message received on control channel"}
{"level":"debug","time":"2024-06-11T01:33:25.120+0530","caller":"ssh/setup.go:71","msg":"Using 5 ssh connection"}
{"level":"debug","time":"2024-06-11T01:33:25.120+0530","caller":"ws/control.go:200","msg":"controller bus registered"}
{"level":"debug","time":"2024-06-11T01:33:25.864+0530","caller":"ssh/ssh.go:216","msg":"Successfully started sshd listener on port: 1332"}
{"level":"debug","time":"2024-06-11T01:33:25.869+0530","caller":"ssh/ssh.go:216","msg":"Successfully started sshd listener on port: 18741"}
{"level":"info","time":"2024-06-11T01:33:25.869+0530","caller":"core/lifecycle.go:381","msg":"You can start testing now"}
{"level":"info","time":"2024-06-11T01:33:25.869+0530","caller":"core/lifecycle.go:382","msg":"Tunnel ID: 1508067"}
{"level":"debug","time":"2024-06-11T01:33:25.869+0530","caller":"core/lifecycle.go:383","msg":"Remote Listener Started on Port 24713"}
{"level":"debug","time":"2024-06-11T01:33:25.871+0530","caller":"callback/setup.go:100","msg":"Webhook endpoint http://127.0.0.1:63786/started successfully notified"}
{"level":"debug","time":"2024-06-11T01:33:25.879+0530","caller":"ssh/ssh.go:216","msg":"Successfully started sshd listener on port: 17589"}
{"level":"debug","time":"2024-06-11T01:33:25.880+0530","caller":"ssh/ssh.go:216","msg":"Successfully started sshd listener on port: 14611"}
{"level":"debug","time":"2024-06-11T01:33:25.963+0530","caller":"ssh/ssh.go:216","msg":"Successfully started sshd listener on port: 6963"}
{"level":"debug","time":"2024-06-11T01:34:34.680+0530","caller":"apiserver/setup.go:144","msg":"Shutting down the server"}
{"level":"debug","time":"2024-06-11T01:34:34.680+0530","caller":"custom/setup.go:849","msg":"Exiting the sink proxy","tunnelID":"1508067"}
{"level":"debug","time":"2024-06-11T01:34:34.680+0530","caller":"callback/setup.go:115","msg":"Shutting down the callback agent"}
{"level":"debug","time":"2024-06-11T01:34:34.680+0530","caller":"core/lifecycle.go:425","msg":"Context cancelled"}
{"level":"info","time":"2024-06-11T01:34:34.680+0530","caller":"core/lifecycle.go:427","msg":"Stopping tunnel"}
{"level":"debug","time":"2024-06-11T01:34:34.681+0530","caller":"ws/control.go:140","msg":"Unusual close error on control channel..."}
{"level":"debug","time":"2024-06-11T01:34:34.681+0530","caller":"ws/control.go:193","msg":"Write loop ended for control channel"}
{"level":"debug","time":"2024-06-11T01:34:36.025+0530","caller":"ssh/ssh.go:222","msg":"Remote connection on remote port: 18741 closed, reason: EOF"}
{"level":"debug","time":"2024-06-11T01:34:36.025+0530","caller":"ssh/ssh.go:244","msg":"closed ssh connection with port 18741"}
{"level":"debug","time":"2024-06-11T01:34:36.025+0530","caller":"ssh/ssh.go:222","msg":"Remote connection on remote port: 1332 closed, reason: EOF"}
{"level":"debug","time":"2024-06-11T01:34:36.026+0530","caller":"ssh/ssh.go:244","msg":"closed ssh connection with port 1332"}
{"level":"debug","time":"2024-06-11T01:34:36.027+0530","caller":"ssh/ssh.go:222","msg":"Remote connection on remote port: 17589 closed, reason: EOF"}
{"level":"debug","time":"2024-06-11T01:34:36.027+0530","caller":"ssh/ssh.go:244","msg":"closed ssh connection with port 17589"}
{"level":"debug","time":"2024-06-11T01:34:36.029+0530","caller":"ssh/ssh.go:222","msg":"Remote connection on remote port: 14611 closed, reason: EOF"}
{"level":"debug","time":"2024-06-11T01:34:36.029+0530","caller":"ssh/ssh.go:244","msg":"closed ssh connection with port 14611"}
{"level":"debug","time":"2024-06-11T01:34:36.033+0530","caller":"ssh/ssh.go:222","msg":"Remote connection on remote port: 6963 closed, reason: EOF"}
{"level":"debug","time":"2024-06-11T01:34:36.033+0530","caller":"ssh/ssh.go:244","msg":"closed ssh connection with port 6963"}
{"level":"info","time":"2024-06-11T01:34:36.355+0530","caller":"core/lifecycle.go:434","msg":"Tunnel stopped successfully"}
{"level":"debug","time":"2024-06-11T01:34:36.357+0530","caller":"core/lifecycle.go:436","msg":"Quit requested from main goroutine...."}
{"level":"debug","time":"2024-06-11T01:34:36.357+0530","caller":"core/lifecycle.go:437","msg":"Waiting for the goroutines to exit"}
{"level":"debug","time":"2024-06-11T01:34:36.357+0530","caller":"core/lifecycle.go:439","msg":"All goroutines exited"}
{"level":"debug","time":"2024-06-11T01:34:36.357+0530","caller":"cmd/lt.go:261","msg":"main: all goroutines have finished."}
