{"level":"info","time":"2024-06-11T02:31:06.124+0530","caller":"cmd/lt.go:205","msg":"LambdaTest Tunnel version: 3.1.31"}
{"level":"debug","time":"2024-06-11T02:31:06.128+0530","caller":"core/lifecycle.go:41","msg":"Starting pipeline....."}
{"level":"debug","time":"2024-06-11T02:31:06.128+0530","caller":"core/lifecycle.go:42","msg":"OS: windows, Arch: amd64"}
{"level":"debug","time":"2024-06-11T02:31:06.128+0530","caller":"core/lifecycle.go:43","msg":"Fetching config"}
{"level":"debug","time":"2024-06-11T02:31:06.128+0530","caller":"core/lifecycle.go:65","msg":"Starting tunnel With flags: --user mudassars --key ***** --callbackURL http://127.0.0.1:53663/started --env ht-prod --tunnelName HvtVyreKIMbpErWF --retry-on-failure --infoAPIPort 53664 --logFile D:\\demo\\LambdaTest_Demo-main\\logs\\tunnel\\HvtVyreKIMbpErWF-1.log"}
{"level":"debug","time":"2024-06-11T02:31:07.946+0530","caller":"core/lifecycle.go:83","msg":"Remote config fetched"}
{"level":"debug","time":"2024-06-11T02:31:08.208+0530","caller":"custom/setup.go:861","msg":"Starting sink proxy"}
{"level":"debug","time":"2024-06-11T02:31:08.208+0530","caller":"networkscanner/setup.go:69","msg":"Trying on port 22"}
{"level":"debug","time":"2024-06-11T02:31:08.208+0530","caller":"networkscanner/setup.go:137","msg":"Trying over ssh over ws"}
{"level":"debug","time":"2024-06-11T02:31:08.208+0530","caller":"networkscanner/setup.go:191","msg":"Trying on port 443"}
{"level":"debug","time":"2024-06-11T02:31:08.209+0530","caller":"apiserver/setup.go:166","msg":"Starting API server"}
{"level":"debug","time":"2024-06-11T02:31:08.208+0530","caller":"networkscanner/setup.go:103","msg":"Trying on port 443"}
{"level":"debug","time":"2024-06-11T02:31:08.209+0530","caller":"callback/setup.go:51","msg":"Starting the callback agent"}
{"level":"debug","time":"2024-06-11T02:31:08.210+0530","caller":"apiserver/setup.go:148","msg":"Starting API server for tunnel info on port: 53664"}
{"level":"info","time":"2024-06-11T02:31:08.210+0530","caller":"custom/setup.go:804","msg":"Tunnel binary started on port :9090"}
{"level":"debug","time":"2024-06-11T02:31:08.241+0530","caller":"networkscanner/setup.go:207","msg":"TCP connection was successful"}
{"level":"debug","time":"2024-06-11T02:31:08.297+0530","caller":"networkscanner/setup.go:154","msg":"WSS connection was successful"}
{"level":"debug","time":"2024-06-11T02:31:08.674+0530","caller":"networkscanner/setup.go:124","msg":"SSH connection over port 443 successful"}
{"level":"debug","time":"2024-06-11T02:31:08.728+0530","caller":"networkscanner/setup.go:179","msg":"SSH connection over ws successful"}
{"level":"debug","time":"2024-06-11T02:31:08.782+0530","caller":"networkscanner/setup.go:90","msg":"SSH connection over port 22 successful"}
{"level":"info","time":"2024-06-11T02:31:08.782+0530","caller":"core/lifecycle.go:122","msg":"Using ssh(over_22) :: connection mode"}
{"level":"info","time":"2024-06-11T02:31:08.782+0530","caller":"core/lifecycle.go:259","msg":"Launching tunnel"}
{"level":"debug","time":"2024-06-11T02:31:08.782+0530","caller":"ws/control.go:34","msg":"Starting control ws connection at wss://hts.lambdatest.com/monitor"}
{"level":"debug","time":"2024-06-11T02:31:09.883+0530","caller":"ws/control.go:72","msg":"Control ws channel opened"}
{"level":"debug","time":"2024-06-11T02:31:09.884+0530","caller":"ws/control.go:131","msg":"Starting message listener on control connection"}
{"level":"debug","time":"2024-06-11T02:31:11.566+0530","caller":"tunnelmanager/controller.go:149","msg":"otel disabled"}
{"level":"debug","time":"2024-06-11T02:31:11.566+0530","caller":"core/lifecycle.go:358","msg":"Sending tunnel registered message to channels"}
{"level":"debug","time":"2024-06-11T02:31:11.566+0530","caller":"ws/control.go:196","msg":"Tunnel registered message received on control channel"}
{"level":"debug","time":"2024-06-11T02:31:11.566+0530","caller":"ws/control.go:200","msg":"controller bus registered"}
{"level":"debug","time":"2024-06-11T02:31:11.566+0530","caller":"ssh/setup.go:71","msg":"Using 5 ssh connection"}
{"level":"debug","time":"2024-06-11T02:31:12.282+0530","caller":"ssh/ssh.go:216","msg":"Successfully started sshd listener on port: 18323"}
{"level":"debug","time":"2024-06-11T02:31:12.335+0530","caller":"ssh/ssh.go:216","msg":"Successfully started sshd listener on port: 6659"}
{"level":"info","time":"2024-06-11T02:31:12.335+0530","caller":"core/lifecycle.go:381","msg":"You can start testing now"}
{"level":"info","time":"2024-06-11T02:31:12.335+0530","caller":"core/lifecycle.go:382","msg":"Tunnel ID: 1508125"}
{"level":"debug","time":"2024-06-11T02:31:12.335+0530","caller":"core/lifecycle.go:383","msg":"Remote Listener Started on Port 3480"}
{"level":"debug","time":"2024-06-11T02:31:12.336+0530","caller":"ssh/ssh.go:216","msg":"Successfully started sshd listener on port: 1584"}
{"level":"debug","time":"2024-06-11T02:31:12.346+0530","caller":"callback/setup.go:100","msg":"Webhook endpoint http://127.0.0.1:53663/started successfully notified"}
{"level":"debug","time":"2024-06-11T02:31:12.360+0530","caller":"ssh/ssh.go:216","msg":"Successfully started sshd listener on port: 6805"}
{"level":"debug","time":"2024-06-11T02:31:12.380+0530","caller":"ssh/ssh.go:216","msg":"Successfully started sshd listener on port: 2314"}
{"level":"debug","time":"2024-06-11T02:31:52.868+0530","caller":"custom/setup.go:549","msg":"handling connect request for URL https://repo.maven.apache.org:443","tunnelID":"1508125","requestID":1}
{"level":"debug","time":"2024-06-11T02:32:18.259+0530","caller":"cmd/lt.go:269","msg":"main: received interrupt signal - attempting graceful shutdown ...."}
{"level":"debug","time":"2024-06-11T02:32:18.259+0530","caller":"cmd/lt.go:271","msg":"main: telling goroutines to stop"}
{"level":"debug","time":"2024-06-11T02:32:18.259+0530","caller":"callback/setup.go:115","msg":"Shutting down the callback agent"}
{"level":"debug","time":"2024-06-11T02:32:18.259+0530","caller":"core/lifecycle.go:425","msg":"Context cancelled"}
{"level":"debug","time":"2024-06-11T02:32:18.259+0530","caller":"custom/setup.go:849","msg":"Exiting the sink proxy","tunnelID":"1508125"}
{"level":"info","time":"2024-06-11T02:32:18.259+0530","caller":"core/lifecycle.go:427","msg":"Stopping tunnel"}
{"level":"debug","time":"2024-06-11T02:32:18.259+0530","caller":"apiserver/setup.go:144","msg":"Shutting down the server"}
{"level":"debug","time":"2024-06-11T02:32:18.261+0530","caller":"ws/control.go:140","msg":"Unusual close error on control channel..."}
{"level":"debug","time":"2024-06-11T02:32:18.261+0530","caller":"ws/control.go:193","msg":"Write loop ended for control channel"}
{"level":"debug","time":"2024-06-11T02:32:19.551+0530","caller":"ssh/ssh.go:222","msg":"Remote connection on remote port: 18323 closed, reason: EOF"}
{"level":"debug","time":"2024-06-11T02:32:19.551+0530","caller":"ssh/ssh.go:244","msg":"closed ssh connection with port 18323"}
{"level":"debug","time":"2024-06-11T02:32:19.553+0530","caller":"ssh/ssh.go:222","msg":"Remote connection on remote port: 1584 closed, reason: EOF"}
{"level":"debug","time":"2024-06-11T02:32:19.553+0530","caller":"ssh/ssh.go:244","msg":"closed ssh connection with port 1584"}
{"level":"debug","time":"2024-06-11T02:32:19.554+0530","caller":"ssh/ssh.go:222","msg":"Remote connection on remote port: 6659 closed, reason: EOF"}
{"level":"debug","time":"2024-06-11T02:32:19.554+0530","caller":"ssh/ssh.go:244","msg":"closed ssh connection with port 6659"}
{"level":"debug","time":"2024-06-11T02:32:19.555+0530","caller":"ssh/ssh.go:222","msg":"Remote connection on remote port: 6805 closed, reason: EOF"}
{"level":"debug","time":"2024-06-11T02:32:19.555+0530","caller":"ssh/ssh.go:244","msg":"closed ssh connection with port 6805"}
{"level":"debug","time":"2024-06-11T02:32:19.556+0530","caller":"ssh/ssh.go:222","msg":"Remote connection on remote port: 2314 closed, reason: EOF"}
{"level":"debug","time":"2024-06-11T02:32:19.556+0530","caller":"ssh/ssh.go:244","msg":"closed ssh connection with port 2314"}
{"level":"info","time":"2024-06-11T02:32:19.886+0530","caller":"core/lifecycle.go:434","msg":"Tunnel stopped successfully"}
{"level":"debug","time":"2024-06-11T02:32:19.886+0530","caller":"core/lifecycle.go:436","msg":"Quit requested from main goroutine...."}
{"level":"debug","time":"2024-06-11T02:32:19.887+0530","caller":"core/lifecycle.go:437","msg":"Waiting for the goroutines to exit"}
{"level":"debug","time":"2024-06-11T02:32:19.887+0530","caller":"core/lifecycle.go:439","msg":"All goroutines exited"}
{"level":"debug","time":"2024-06-11T02:32:19.887+0530","caller":"cmd/lt.go:261","msg":"main: all goroutines have finished."}
{"level":"debug","time":"2024-06-11T02:32:19.887+0530","caller":"cmd/lt.go:275","msg":"Go routines exited within timeout"}
