{"level":"info","time":"2024-06-11T01:47:03.261+0530","caller":"cmd/lt.go:205","msg":"LambdaTest Tunnel version: 3.1.31"}
{"level":"debug","time":"2024-06-11T01:47:03.268+0530","caller":"core/lifecycle.go:41","msg":"Starting pipeline....."}
{"level":"debug","time":"2024-06-11T01:47:03.269+0530","caller":"core/lifecycle.go:42","msg":"OS: windows, Arch: amd64"}
{"level":"debug","time":"2024-06-11T01:47:03.269+0530","caller":"core/lifecycle.go:43","msg":"Fetching config"}
{"level":"debug","time":"2024-06-11T01:47:03.270+0530","caller":"core/lifecycle.go:65","msg":"Starting tunnel With flags: --user mudassars --key ***** --callbackURL http://127.0.0.1:64066/started --env ht-prod --tunnelName qscygViBETfxZJro --retry-on-failure --infoAPIPort 64067 --logFile D:\\demo\\LambdaTest_Demo-main\\logs\\tunnel\\qscygViBETfxZJro-1.log"}
{"level":"debug","time":"2024-06-11T01:47:04.938+0530","caller":"core/lifecycle.go:83","msg":"Remote config fetched"}
{"level":"debug","time":"2024-06-11T01:47:05.050+0530","caller":"apiserver/setup.go:166","msg":"Starting API server"}
{"level":"debug","time":"2024-06-11T01:47:05.050+0530","caller":"custom/setup.go:861","msg":"Starting sink proxy"}
{"level":"debug","time":"2024-06-11T01:47:05.050+0530","caller":"networkscanner/setup.go:69","msg":"Trying on port 22"}
{"level":"debug","time":"2024-06-11T01:47:05.050+0530","caller":"networkscanner/setup.go:137","msg":"Trying over ssh over ws"}
{"level":"debug","time":"2024-06-11T01:47:05.050+0530","caller":"networkscanner/setup.go:191","msg":"Trying on port 443"}
{"level":"debug","time":"2024-06-11T01:47:05.050+0530","caller":"networkscanner/setup.go:103","msg":"Trying on port 443"}
{"level":"debug","time":"2024-06-11T01:47:05.051+0530","caller":"apiserver/setup.go:148","msg":"Starting API server for tunnel info on port: 64067"}
{"level":"debug","time":"2024-06-11T01:47:05.050+0530","caller":"callback/setup.go:51","msg":"Starting the callback agent"}
{"level":"info","time":"2024-06-11T01:47:05.053+0530","caller":"custom/setup.go:804","msg":"Tunnel binary started on port :9090"}
{"level":"debug","time":"2024-06-11T01:47:05.073+0530","caller":"networkscanner/setup.go:207","msg":"TCP connection was successful"}
{"level":"debug","time":"2024-06-11T01:47:05.144+0530","caller":"networkscanner/setup.go:154","msg":"WSS connection was successful"}
{"level":"debug","time":"2024-06-11T01:47:05.580+0530","caller":"networkscanner/setup.go:124","msg":"SSH connection over port 443 successful"}
{"level":"debug","time":"2024-06-11T01:47:05.585+0530","caller":"networkscanner/setup.go:179","msg":"SSH connection over ws successful"}
{"level":"debug","time":"2024-06-11T01:47:05.623+0530","caller":"networkscanner/setup.go:90","msg":"SSH connection over port 22 successful"}
{"level":"info","time":"2024-06-11T01:47:05.623+0530","caller":"core/lifecycle.go:122","msg":"Using ssh(over_22) :: connection mode"}
{"level":"info","time":"2024-06-11T01:47:05.623+0530","caller":"core/lifecycle.go:259","msg":"Launching tunnel"}
{"level":"debug","time":"2024-06-11T01:47:05.623+0530","caller":"ws/control.go:34","msg":"Starting control ws connection at wss://hts.lambdatest.com/monitor"}
{"level":"debug","time":"2024-06-11T01:47:06.427+0530","caller":"ws/control.go:72","msg":"Control ws channel opened"}
{"level":"debug","time":"2024-06-11T01:47:06.427+0530","caller":"ws/control.go:131","msg":"Starting message listener on control connection"}
{"level":"debug","time":"2024-06-11T01:47:07.805+0530","caller":"tunnelmanager/controller.go:149","msg":"otel disabled"}
{"level":"debug","time":"2024-06-11T01:47:07.805+0530","caller":"core/lifecycle.go:358","msg":"Sending tunnel registered message to channels"}
{"level":"debug","time":"2024-06-11T01:47:07.805+0530","caller":"ws/control.go:196","msg":"Tunnel registered message received on control channel"}
{"level":"debug","time":"2024-06-11T01:47:07.805+0530","caller":"ssh/setup.go:71","msg":"Using 5 ssh connection"}
{"level":"debug","time":"2024-06-11T01:47:07.805+0530","caller":"ws/control.go:200","msg":"controller bus registered"}
{"level":"debug","time":"2024-06-11T01:47:08.554+0530","caller":"ssh/ssh.go:216","msg":"Successfully started sshd listener on port: 4422"}
{"level":"debug","time":"2024-06-11T01:47:08.595+0530","caller":"ssh/ssh.go:216","msg":"Successfully started sshd listener on port: 3481"}
{"level":"info","time":"2024-06-11T01:47:08.595+0530","caller":"core/lifecycle.go:381","msg":"You can start testing now"}
{"level":"info","time":"2024-06-11T01:47:08.595+0530","caller":"core/lifecycle.go:382","msg":"Tunnel ID: 1508089"}
{"level":"debug","time":"2024-06-11T01:47:08.595+0530","caller":"core/lifecycle.go:383","msg":"Remote Listener Started on Port 18869"}
{"level":"debug","time":"2024-06-11T01:47:08.597+0530","caller":"callback/setup.go:100","msg":"Webhook endpoint http://127.0.0.1:64066/started successfully notified"}
{"level":"debug","time":"2024-06-11T01:47:08.632+0530","caller":"ssh/ssh.go:216","msg":"Successfully started sshd listener on port: 25469"}
{"level":"debug","time":"2024-06-11T01:47:08.632+0530","caller":"ssh/ssh.go:216","msg":"Successfully started sshd listener on port: 23683"}
{"level":"debug","time":"2024-06-11T01:47:08.632+0530","caller":"ssh/ssh.go:216","msg":"Successfully started sshd listener on port: 20235"}
{"level":"debug","time":"2024-06-11T01:47:57.704+0530","caller":"custom/setup.go:549","msg":"handling connect request for URL https://repo.maven.apache.org:443","tunnelID":"1508089","requestID":1}
{"level":"debug","time":"2024-06-11T01:48:58.698+0530","caller":"custom/setup.go:549","msg":"handling connect request for URL https://repo.maven.apache.org:443","tunnelID":"1508089","requestID":3}
{"level":"debug","time":"2024-06-11T01:48:58.698+0530","caller":"custom/setup.go:549","msg":"handling connect request for URL https://repo.maven.apache.org:443","tunnelID":"1508089","requestID":4}
{"level":"debug","time":"2024-06-11T01:48:58.698+0530","caller":"custom/setup.go:549","msg":"handling connect request for URL https://repo.maven.apache.org:443","tunnelID":"1508089","requestID":2}
{"level":"debug","time":"2024-06-11T01:48:58.701+0530","caller":"custom/setup.go:549","msg":"handling connect request for URL https://repo.maven.apache.org:443","tunnelID":"1508089","requestID":5}
{"level":"debug","time":"2024-06-11T01:52:05.549+0530","caller":"custom/setup.go:849","msg":"Exiting the sink proxy","tunnelID":"1508089"}
{"level":"debug","time":"2024-06-11T01:52:05.549+0530","caller":"core/lifecycle.go:425","msg":"Context cancelled"}
{"level":"debug","time":"2024-06-11T01:52:05.549+0530","caller":"apiserver/setup.go:144","msg":"Shutting down the server"}
{"level":"debug","time":"2024-06-11T01:52:05.549+0530","caller":"callback/setup.go:115","msg":"Shutting down the callback agent"}
{"level":"info","time":"2024-06-11T01:52:05.549+0530","caller":"core/lifecycle.go:427","msg":"Stopping tunnel"}
{"level":"debug","time":"2024-06-11T01:52:05.550+0530","caller":"ws/control.go:140","msg":"Unusual close error on control channel..."}
{"level":"debug","time":"2024-06-11T01:52:05.550+0530","caller":"ws/control.go:193","msg":"Write loop ended for control channel"}
{"level":"debug","time":"2024-06-11T01:52:07.616+0530","caller":"ssh/ssh.go:222","msg":"Remote connection on remote port: 25469 closed, reason: EOF"}
{"level":"debug","time":"2024-06-11T01:52:07.616+0530","caller":"ssh/ssh.go:244","msg":"closed ssh connection with port 25469"}
{"level":"debug","time":"2024-06-11T01:52:07.617+0530","caller":"ssh/ssh.go:222","msg":"Remote connection on remote port: 4422 closed, reason: EOF"}
{"level":"debug","time":"2024-06-11T01:52:07.617+0530","caller":"ssh/ssh.go:244","msg":"closed ssh connection with port 4422"}
{"level":"debug","time":"2024-06-11T01:52:07.618+0530","caller":"ssh/ssh.go:222","msg":"Remote connection on remote port: 20235 closed, reason: EOF"}
{"level":"debug","time":"2024-06-11T01:52:07.618+0530","caller":"ssh/ssh.go:244","msg":"closed ssh connection with port 20235"}
{"level":"debug","time":"2024-06-11T01:52:07.619+0530","caller":"ssh/ssh.go:222","msg":"Remote connection on remote port: 3481 closed, reason: EOF"}
{"level":"debug","time":"2024-06-11T01:52:07.619+0530","caller":"ssh/ssh.go:244","msg":"closed ssh connection with port 3481"}
{"level":"debug","time":"2024-06-11T01:52:07.626+0530","caller":"ssh/ssh.go:222","msg":"Remote connection on remote port: 23683 closed, reason: EOF"}
{"level":"debug","time":"2024-06-11T01:52:07.626+0530","caller":"ssh/ssh.go:244","msg":"closed ssh connection with port 23683"}
{"level":"info","time":"2024-06-11T01:52:07.947+0530","caller":"core/lifecycle.go:434","msg":"Tunnel stopped successfully"}
{"level":"debug","time":"2024-06-11T01:52:07.948+0530","caller":"core/lifecycle.go:436","msg":"Quit requested from main goroutine...."}
{"level":"debug","time":"2024-06-11T01:52:07.948+0530","caller":"core/lifecycle.go:437","msg":"Waiting for the goroutines to exit"}
{"level":"debug","time":"2024-06-11T01:52:07.948+0530","caller":"core/lifecycle.go:439","msg":"All goroutines exited"}
{"level":"debug","time":"2024-06-11T01:52:07.948+0530","caller":"cmd/lt.go:261","msg":"main: all goroutines have finished."}
