{"level":"info","time":"2024-06-11T02:37:50.456+0530","caller":"cmd/lt.go:205","msg":"LambdaTest Tunnel version: 3.1.31"}
{"level":"debug","time":"2024-06-11T02:37:50.457+0530","caller":"core/lifecycle.go:41","msg":"Starting pipeline....."}
{"level":"debug","time":"2024-06-11T02:37:50.458+0530","caller":"core/lifecycle.go:42","msg":"OS: windows, Arch: amd64"}
{"level":"debug","time":"2024-06-11T02:37:50.458+0530","caller":"core/lifecycle.go:43","msg":"Fetching config"}
{"level":"debug","time":"2024-06-11T02:37:50.458+0530","caller":"core/lifecycle.go:65","msg":"Starting tunnel With flags: --user mudassars --key ***** --callbackURL http://127.0.0.1:53787/started --env ht-prod --tunnelName sLIwVLwfezKFEDgE --retry-on-failure --infoAPIPort 53788 --logFile D:\\demo\\LambdaTest_Demo-main\\logs\\tunnel\\sLIwVLwfezKFEDgE-1.log"}
{"level":"debug","time":"2024-06-11T02:37:52.091+0530","caller":"core/lifecycle.go:83","msg":"Remote config fetched"}
{"level":"debug","time":"2024-06-11T02:37:52.134+0530","caller":"custom/setup.go:861","msg":"Starting sink proxy"}
{"level":"debug","time":"2024-06-11T02:37:52.134+0530","caller":"networkscanner/setup.go:103","msg":"Trying on port 443"}
{"level":"debug","time":"2024-06-11T02:37:52.134+0530","caller":"apiserver/setup.go:166","msg":"Starting API server"}
{"level":"debug","time":"2024-06-11T02:37:52.135+0530","caller":"callback/setup.go:51","msg":"Starting the callback agent"}
{"level":"debug","time":"2024-06-11T02:37:52.135+0530","caller":"apiserver/setup.go:148","msg":"Starting API server for tunnel info on port: 53788"}
{"level":"debug","time":"2024-06-11T02:37:52.135+0530","caller":"networkscanner/setup.go:191","msg":"Trying on port 443"}
{"level":"debug","time":"2024-06-11T02:37:52.134+0530","caller":"networkscanner/setup.go:69","msg":"Trying on port 22"}
{"level":"debug","time":"2024-06-11T02:37:52.135+0530","caller":"networkscanner/setup.go:137","msg":"Trying over ssh over ws"}
{"level":"info","time":"2024-06-11T02:37:52.136+0530","caller":"custom/setup.go:804","msg":"Tunnel binary started on port :9090"}
{"level":"debug","time":"2024-06-11T02:37:52.158+0530","caller":"networkscanner/setup.go:207","msg":"TCP connection was successful"}
{"level":"debug","time":"2024-06-11T02:37:52.232+0530","caller":"networkscanner/setup.go:154","msg":"WSS connection was successful"}
{"level":"debug","time":"2024-06-11T02:37:52.639+0530","caller":"networkscanner/setup.go:90","msg":"SSH connection over port 22 successful"}
{"level":"debug","time":"2024-06-11T02:37:52.643+0530","caller":"networkscanner/setup.go:124","msg":"SSH connection over port 443 successful"}
{"level":"debug","time":"2024-06-11T02:37:52.709+0530","caller":"networkscanner/setup.go:179","msg":"SSH connection over ws successful"}
{"level":"info","time":"2024-06-11T02:37:52.709+0530","caller":"core/lifecycle.go:122","msg":"Using ssh(over_22) :: connection mode"}
{"level":"info","time":"2024-06-11T02:37:52.709+0530","caller":"core/lifecycle.go:259","msg":"Launching tunnel"}
{"level":"debug","time":"2024-06-11T02:37:52.709+0530","caller":"ws/control.go:34","msg":"Starting control ws connection at wss://hts.lambdatest.com/monitor"}
{"level":"debug","time":"2024-06-11T02:37:53.118+0530","caller":"ws/control.go:72","msg":"Control ws channel opened"}
{"level":"debug","time":"2024-06-11T02:37:53.118+0530","caller":"ws/control.go:131","msg":"Starting message listener on control connection"}
{"level":"debug","time":"2024-06-11T02:37:54.819+0530","caller":"tunnelmanager/controller.go:149","msg":"otel disabled"}
{"level":"debug","time":"2024-06-11T02:37:54.819+0530","caller":"core/lifecycle.go:358","msg":"Sending tunnel registered message to channels"}
{"level":"debug","time":"2024-06-11T02:37:54.819+0530","caller":"ws/control.go:196","msg":"Tunnel registered message received on control channel"}
{"level":"debug","time":"2024-06-11T02:37:54.819+0530","caller":"ws/control.go:200","msg":"controller bus registered"}
{"level":"debug","time":"2024-06-11T02:37:54.819+0530","caller":"ssh/setup.go:71","msg":"Using 5 ssh connection"}
{"level":"debug","time":"2024-06-11T02:37:55.498+0530","caller":"ssh/ssh.go:216","msg":"Successfully started sshd listener on port: 17579"}
{"level":"debug","time":"2024-06-11T02:37:55.574+0530","caller":"ssh/ssh.go:216","msg":"Successfully started sshd listener on port: 26920"}
{"level":"info","time":"2024-06-11T02:37:55.574+0530","caller":"core/lifecycle.go:381","msg":"You can start testing now"}
{"level":"info","time":"2024-06-11T02:37:55.574+0530","caller":"core/lifecycle.go:382","msg":"Tunnel ID: 1508145"}
{"level":"debug","time":"2024-06-11T02:37:55.574+0530","caller":"core/lifecycle.go:383","msg":"Remote Listener Started on Port 30929"}
{"level":"debug","time":"2024-06-11T02:37:55.574+0530","caller":"ssh/ssh.go:216","msg":"Successfully started sshd listener on port: 27988"}
{"level":"debug","time":"2024-06-11T02:37:55.576+0530","caller":"callback/setup.go:100","msg":"Webhook endpoint http://127.0.0.1:53787/started successfully notified"}
{"level":"debug","time":"2024-06-11T02:37:55.596+0530","caller":"ssh/ssh.go:216","msg":"Successfully started sshd listener on port: 15085"}
{"level":"debug","time":"2024-06-11T02:37:55.634+0530","caller":"ssh/ssh.go:216","msg":"Successfully started sshd listener on port: 31056"}
{"level":"debug","time":"2024-06-11T02:38:36.912+0530","caller":"custom/setup.go:549","msg":"handling connect request for URL https://repo.maven.apache.org:443","tunnelID":"1508145","requestID":1}
{"level":"debug","time":"2024-06-11T02:39:09.743+0530","caller":"custom/setup.go:549","msg":"handling connect request for URL https://repo.maven.apache.org:443","tunnelID":"1508145","requestID":2}
{"level":"debug","time":"2024-06-11T02:39:09.743+0530","caller":"custom/setup.go:549","msg":"handling connect request for URL https://repo.maven.apache.org:443","tunnelID":"1508145","requestID":3}
{"level":"debug","time":"2024-06-11T02:39:09.743+0530","caller":"custom/setup.go:549","msg":"handling connect request for URL https://repo.maven.apache.org:443","tunnelID":"1508145","requestID":4}
{"level":"debug","time":"2024-06-11T02:39:09.752+0530","caller":"custom/setup.go:549","msg":"handling connect request for URL https://repo.maven.apache.org:443","tunnelID":"1508145","requestID":5}
{"level":"debug","time":"2024-06-11T02:40:29.453+0530","caller":"core/lifecycle.go:425","msg":"Context cancelled"}
{"level":"debug","time":"2024-06-11T02:40:29.453+0530","caller":"custom/setup.go:849","msg":"Exiting the sink proxy","tunnelID":"1508145"}
{"level":"info","time":"2024-06-11T02:40:29.453+0530","caller":"core/lifecycle.go:427","msg":"Stopping tunnel"}
{"level":"debug","time":"2024-06-11T02:40:29.453+0530","caller":"apiserver/setup.go:144","msg":"Shutting down the server"}
{"level":"debug","time":"2024-06-11T02:40:29.453+0530","caller":"callback/setup.go:115","msg":"Shutting down the callback agent"}
{"level":"debug","time":"2024-06-11T02:40:29.453+0530","caller":"ws/control.go:140","msg":"Unusual close error on control channel..."}
{"level":"debug","time":"2024-06-11T02:40:29.453+0530","caller":"ws/control.go:193","msg":"Write loop ended for control channel"}
{"level":"debug","time":"2024-06-11T02:40:30.397+0530","caller":"ssh/ssh.go:222","msg":"Remote connection on remote port: 26920 closed, reason: EOF"}
{"level":"debug","time":"2024-06-11T02:40:30.397+0530","caller":"ssh/ssh.go:244","msg":"closed ssh connection with port 26920"}
{"level":"debug","time":"2024-06-11T02:40:30.399+0530","caller":"ssh/ssh.go:222","msg":"Remote connection on remote port: 15085 closed, reason: EOF"}
{"level":"debug","time":"2024-06-11T02:40:30.399+0530","caller":"ssh/ssh.go:244","msg":"closed ssh connection with port 15085"}
{"level":"debug","time":"2024-06-11T02:40:30.401+0530","caller":"ssh/ssh.go:222","msg":"Remote connection on remote port: 17579 closed, reason: EOF"}
{"level":"debug","time":"2024-06-11T02:40:30.401+0530","caller":"ssh/ssh.go:244","msg":"closed ssh connection with port 17579"}
{"level":"debug","time":"2024-06-11T02:40:30.401+0530","caller":"ssh/ssh.go:222","msg":"Remote connection on remote port: 27988 closed, reason: EOF"}
{"level":"debug","time":"2024-06-11T02:40:30.401+0530","caller":"ssh/ssh.go:244","msg":"closed ssh connection with port 27988"}
{"level":"debug","time":"2024-06-11T02:40:30.405+0530","caller":"ssh/ssh.go:222","msg":"Remote connection on remote port: 31056 closed, reason: EOF"}
{"level":"debug","time":"2024-06-11T02:40:30.405+0530","caller":"ssh/ssh.go:244","msg":"closed ssh connection with port 31056"}
{"level":"info","time":"2024-06-11T02:40:30.723+0530","caller":"core/lifecycle.go:434","msg":"Tunnel stopped successfully"}
{"level":"debug","time":"2024-06-11T02:40:30.724+0530","caller":"core/lifecycle.go:436","msg":"Quit requested from main goroutine...."}
{"level":"debug","time":"2024-06-11T02:40:30.724+0530","caller":"core/lifecycle.go:437","msg":"Waiting for the goroutines to exit"}
{"level":"debug","time":"2024-06-11T02:40:30.724+0530","caller":"core/lifecycle.go:439","msg":"All goroutines exited"}
{"level":"debug","time":"2024-06-11T02:40:30.724+0530","caller":"cmd/lt.go:261","msg":"main: all goroutines have finished."}
