{"level":"info","time":"2024-06-11T02:24:33.762+0530","caller":"cmd/lt.go:205","msg":"LambdaTest Tunnel version: 3.1.31"}
{"level":"debug","time":"2024-06-11T02:24:33.764+0530","caller":"core/lifecycle.go:41","msg":"Starting pipeline....."}
{"level":"debug","time":"2024-06-11T02:24:33.765+0530","caller":"core/lifecycle.go:42","msg":"OS: windows, Arch: amd64"}
{"level":"debug","time":"2024-06-11T02:24:33.765+0530","caller":"core/lifecycle.go:43","msg":"Fetching config"}
{"level":"debug","time":"2024-06-11T02:24:33.765+0530","caller":"core/lifecycle.go:65","msg":"Starting tunnel With flags: --user mudassars --key ***** --callbackURL http://127.0.0.1:53585/started --env ht-prod --tunnelName TnIcXrLJirvcKzDy --retry-on-failure --infoAPIPort 53586 --logFile D:\\demo\\LambdaTest_Demo-main\\logs\\tunnel\\TnIcXrLJirvcKzDy-1.log"}
{"level":"debug","time":"2024-06-11T02:24:35.475+0530","caller":"core/lifecycle.go:83","msg":"Remote config fetched"}
{"level":"debug","time":"2024-06-11T02:24:35.667+0530","caller":"custom/setup.go:861","msg":"Starting sink proxy"}
{"level":"debug","time":"2024-06-11T02:24:35.667+0530","caller":"networkscanner/setup.go:191","msg":"Trying on port 443"}
{"level":"debug","time":"2024-06-11T02:24:35.667+0530","caller":"callback/setup.go:51","msg":"Starting the callback agent"}
{"level":"debug","time":"2024-06-11T02:24:35.667+0530","caller":"networkscanner/setup.go:103","msg":"Trying on port 443"}
{"level":"debug","time":"2024-06-11T02:24:35.667+0530","caller":"networkscanner/setup.go:69","msg":"Trying on port 22"}
{"level":"debug","time":"2024-06-11T02:24:35.667+0530","caller":"networkscanner/setup.go:137","msg":"Trying over ssh over ws"}
{"level":"debug","time":"2024-06-11T02:24:35.667+0530","caller":"apiserver/setup.go:166","msg":"Starting API server"}
{"level":"debug","time":"2024-06-11T02:24:35.668+0530","caller":"apiserver/setup.go:148","msg":"Starting API server for tunnel info on port: 53586"}
{"level":"info","time":"2024-06-11T02:24:35.670+0530","caller":"custom/setup.go:804","msg":"Tunnel binary started on port :9090"}
{"level":"debug","time":"2024-06-11T02:24:35.689+0530","caller":"networkscanner/setup.go:207","msg":"TCP connection was successful"}
{"level":"debug","time":"2024-06-11T02:24:35.754+0530","caller":"networkscanner/setup.go:154","msg":"WSS connection was successful"}
{"level":"debug","time":"2024-06-11T02:24:36.172+0530","caller":"networkscanner/setup.go:124","msg":"SSH connection over port 443 successful"}
{"level":"debug","time":"2024-06-11T02:24:36.246+0530","caller":"networkscanner/setup.go:179","msg":"SSH connection over ws successful"}
{"level":"debug","time":"2024-06-11T02:24:36.250+0530","caller":"networkscanner/setup.go:90","msg":"SSH connection over port 22 successful"}
{"level":"info","time":"2024-06-11T02:24:36.250+0530","caller":"core/lifecycle.go:122","msg":"Using ssh(over_22) :: connection mode"}
{"level":"info","time":"2024-06-11T02:24:36.250+0530","caller":"core/lifecycle.go:259","msg":"Launching tunnel"}
{"level":"debug","time":"2024-06-11T02:24:36.250+0530","caller":"ws/control.go:34","msg":"Starting control ws connection at wss://hts.lambdatest.com/monitor"}
{"level":"debug","time":"2024-06-11T02:24:37.216+0530","caller":"ws/control.go:72","msg":"Control ws channel opened"}
{"level":"debug","time":"2024-06-11T02:24:37.216+0530","caller":"ws/control.go:131","msg":"Starting message listener on control connection"}
{"level":"debug","time":"2024-06-11T02:24:38.524+0530","caller":"tunnelmanager/controller.go:149","msg":"otel disabled"}
{"level":"debug","time":"2024-06-11T02:24:38.524+0530","caller":"core/lifecycle.go:358","msg":"Sending tunnel registered message to channels"}
{"level":"debug","time":"2024-06-11T02:24:38.524+0530","caller":"ws/control.go:196","msg":"Tunnel registered message received on control channel"}
{"level":"debug","time":"2024-06-11T02:24:38.524+0530","caller":"ws/control.go:200","msg":"controller bus registered"}
{"level":"debug","time":"2024-06-11T02:24:38.524+0530","caller":"ssh/setup.go:71","msg":"Using 5 ssh connection"}
{"level":"debug","time":"2024-06-11T02:24:39.233+0530","caller":"ssh/ssh.go:216","msg":"Successfully started sshd listener on port: 28296"}
{"level":"debug","time":"2024-06-11T02:24:39.243+0530","caller":"ssh/ssh.go:216","msg":"Successfully started sshd listener on port: 20965"}
{"level":"info","time":"2024-06-11T02:24:39.244+0530","caller":"core/lifecycle.go:381","msg":"You can start testing now"}
{"level":"info","time":"2024-06-11T02:24:39.244+0530","caller":"core/lifecycle.go:382","msg":"Tunnel ID: 1508120"}
{"level":"debug","time":"2024-06-11T02:24:39.244+0530","caller":"core/lifecycle.go:383","msg":"Remote Listener Started on Port 5278"}
{"level":"debug","time":"2024-06-11T02:24:39.245+0530","caller":"callback/setup.go:100","msg":"Webhook endpoint http://127.0.0.1:53585/started successfully notified"}
{"level":"debug","time":"2024-06-11T02:24:39.274+0530","caller":"ssh/ssh.go:216","msg":"Successfully started sshd listener on port: 21707"}
{"level":"debug","time":"2024-06-11T02:24:39.337+0530","caller":"ssh/ssh.go:216","msg":"Successfully started sshd listener on port: 25143"}
{"level":"debug","time":"2024-06-11T02:24:39.340+0530","caller":"ssh/ssh.go:216","msg":"Successfully started sshd listener on port: 4727"}
{"level":"debug","time":"2024-06-11T02:25:23.991+0530","caller":"custom/setup.go:549","msg":"handling connect request for URL https://repo.maven.apache.org:443","tunnelID":"1508120","requestID":1}
{"level":"debug","time":"2024-06-11T02:25:42.333+0530","caller":"cmd/lt.go:269","msg":"main: received interrupt signal - attempting graceful shutdown ...."}
{"level":"debug","time":"2024-06-11T02:25:42.333+0530","caller":"cmd/lt.go:271","msg":"main: telling goroutines to stop"}
{"level":"debug","time":"2024-06-11T02:25:42.333+0530","caller":"callback/setup.go:115","msg":"Shutting down the callback agent"}
{"level":"debug","time":"2024-06-11T02:25:42.333+0530","caller":"custom/setup.go:849","msg":"Exiting the sink proxy","tunnelID":"1508120"}
{"level":"debug","time":"2024-06-11T02:25:42.333+0530","caller":"apiserver/setup.go:144","msg":"Shutting down the server"}
{"level":"debug","time":"2024-06-11T02:25:42.333+0530","caller":"core/lifecycle.go:425","msg":"Context cancelled"}
{"level":"info","time":"2024-06-11T02:25:42.333+0530","caller":"core/lifecycle.go:427","msg":"Stopping tunnel"}
{"level":"debug","time":"2024-06-11T02:25:42.343+0530","caller":"ws/control.go:140","msg":"Unusual close error on control channel..."}
{"level":"debug","time":"2024-06-11T02:25:42.343+0530","caller":"ws/control.go:193","msg":"Write loop ended for control channel"}
{"level":"debug","time":"2024-06-11T02:25:43.649+0530","caller":"ssh/ssh.go:222","msg":"Remote connection on remote port: 20965 closed, reason: EOF"}
{"level":"debug","time":"2024-06-11T02:25:43.649+0530","caller":"ssh/ssh.go:244","msg":"closed ssh connection with port 20965"}
{"level":"debug","time":"2024-06-11T02:25:43.650+0530","caller":"ssh/ssh.go:222","msg":"Remote connection on remote port: 21707 closed, reason: EOF"}
{"level":"debug","time":"2024-06-11T02:25:43.650+0530","caller":"ssh/ssh.go:244","msg":"closed ssh connection with port 21707"}
{"level":"debug","time":"2024-06-11T02:25:43.651+0530","caller":"ssh/ssh.go:222","msg":"Remote connection on remote port: 28296 closed, reason: EOF"}
{"level":"debug","time":"2024-06-11T02:25:43.651+0530","caller":"ssh/ssh.go:244","msg":"closed ssh connection with port 28296"}
{"level":"debug","time":"2024-06-11T02:25:43.652+0530","caller":"ssh/ssh.go:222","msg":"Remote connection on remote port: 4727 closed, reason: EOF"}
{"level":"debug","time":"2024-06-11T02:25:43.652+0530","caller":"ssh/ssh.go:244","msg":"closed ssh connection with port 4727"}
{"level":"debug","time":"2024-06-11T02:25:43.654+0530","caller":"ssh/ssh.go:222","msg":"Remote connection on remote port: 25143 closed, reason: EOF"}
{"level":"debug","time":"2024-06-11T02:25:43.654+0530","caller":"ssh/ssh.go:244","msg":"closed ssh connection with port 25143"}
{"level":"info","time":"2024-06-11T02:25:43.972+0530","caller":"core/lifecycle.go:434","msg":"Tunnel stopped successfully"}
{"level":"debug","time":"2024-06-11T02:25:43.973+0530","caller":"core/lifecycle.go:436","msg":"Quit requested from main goroutine...."}
{"level":"debug","time":"2024-06-11T02:25:43.973+0530","caller":"core/lifecycle.go:437","msg":"Waiting for the goroutines to exit"}
{"level":"debug","time":"2024-06-11T02:25:43.973+0530","caller":"core/lifecycle.go:439","msg":"All goroutines exited"}
{"level":"debug","time":"2024-06-11T02:25:43.973+0530","caller":"cmd/lt.go:261","msg":"main: all goroutines have finished."}
{"level":"debug","time":"2024-06-11T02:25:43.973+0530","caller":"cmd/lt.go:275","msg":"Go routines exited within timeout"}
