{"level":"info","time":"2024-06-11T19:13:42.346+0530","caller":"cmd/lt.go:205","msg":"LambdaTest Tunnel version: 3.1.31"}
{"level":"debug","time":"2024-06-11T19:13:42.347+0530","caller":"core/lifecycle.go:41","msg":"Starting pipeline....."}
{"level":"debug","time":"2024-06-11T19:13:42.347+0530","caller":"core/lifecycle.go:42","msg":"OS: windows, Arch: amd64"}
{"level":"debug","time":"2024-06-11T19:13:42.347+0530","caller":"core/lifecycle.go:43","msg":"Fetching config"}
{"level":"debug","time":"2024-06-11T19:13:42.347+0530","caller":"core/lifecycle.go:65","msg":"Starting tunnel With flags: --user mudassars --key ***** --callbackURL http://127.0.0.1:59728/started --env ht-prod --tunnelName UdPVXwYsYqFxawYn --retry-on-failure --infoAPIPort 59729 --logFile D:\\demo\\LambdaTest_Demo-main\\logs\\tunnel\\UdPVXwYsYqFxawYn-1.log"}
{"level":"debug","time":"2024-06-11T19:13:44.141+0530","caller":"core/lifecycle.go:83","msg":"Remote config fetched"}
{"level":"debug","time":"2024-06-11T19:13:44.278+0530","caller":"callback/setup.go:51","msg":"Starting the callback agent"}
{"level":"debug","time":"2024-06-11T19:13:44.278+0530","caller":"networkscanner/setup.go:191","msg":"Trying on port 443"}
{"level":"debug","time":"2024-06-11T19:13:44.278+0530","caller":"networkscanner/setup.go:137","msg":"Trying over ssh over ws"}
{"level":"debug","time":"2024-06-11T19:13:44.278+0530","caller":"apiserver/setup.go:166","msg":"Starting API server"}
{"level":"debug","time":"2024-06-11T19:13:44.278+0530","caller":"networkscanner/setup.go:103","msg":"Trying on port 443"}
{"level":"debug","time":"2024-06-11T19:13:44.278+0530","caller":"networkscanner/setup.go:69","msg":"Trying on port 22"}
{"level":"debug","time":"2024-06-11T19:13:44.278+0530","caller":"custom/setup.go:861","msg":"Starting sink proxy"}
{"level":"debug","time":"2024-06-11T19:13:44.278+0530","caller":"apiserver/setup.go:148","msg":"Starting API server for tunnel info on port: 59729"}
{"level":"info","time":"2024-06-11T19:13:44.279+0530","caller":"custom/setup.go:804","msg":"Tunnel binary started on port :9090"}
{"level":"debug","time":"2024-06-11T19:13:44.307+0530","caller":"networkscanner/setup.go:207","msg":"TCP connection was successful"}
{"level":"debug","time":"2024-06-11T19:13:44.386+0530","caller":"networkscanner/setup.go:154","msg":"WSS connection was successful"}
{"level":"debug","time":"2024-06-11T19:13:44.809+0530","caller":"networkscanner/setup.go:90","msg":"SSH connection over port 22 successful"}
{"level":"debug","time":"2024-06-11T19:13:44.838+0530","caller":"networkscanner/setup.go:124","msg":"SSH connection over port 443 successful"}
{"level":"debug","time":"2024-06-11T19:13:44.880+0530","caller":"networkscanner/setup.go:179","msg":"SSH connection over ws successful"}
{"level":"info","time":"2024-06-11T19:13:44.880+0530","caller":"core/lifecycle.go:122","msg":"Using ssh(over_22) :: connection mode"}
{"level":"info","time":"2024-06-11T19:13:44.881+0530","caller":"core/lifecycle.go:259","msg":"Launching tunnel"}
{"level":"debug","time":"2024-06-11T19:13:44.881+0530","caller":"ws/control.go:34","msg":"Starting control ws connection at wss://hts.lambdatest.com/monitor"}
{"level":"debug","time":"2024-06-11T19:13:45.320+0530","caller":"ws/control.go:72","msg":"Control ws channel opened"}
{"level":"debug","time":"2024-06-11T19:13:45.321+0530","caller":"ws/control.go:131","msg":"Starting message listener on control connection"}
{"level":"debug","time":"2024-06-11T19:13:47.156+0530","caller":"tunnelmanager/controller.go:149","msg":"otel disabled"}
{"level":"debug","time":"2024-06-11T19:13:47.157+0530","caller":"core/lifecycle.go:358","msg":"Sending tunnel registered message to channels"}
{"level":"debug","time":"2024-06-11T19:13:47.157+0530","caller":"ws/control.go:196","msg":"Tunnel registered message received on control channel"}
{"level":"debug","time":"2024-06-11T19:13:47.157+0530","caller":"ws/control.go:200","msg":"controller bus registered"}
{"level":"debug","time":"2024-06-11T19:13:47.157+0530","caller":"ssh/setup.go:71","msg":"Using 5 ssh connection"}
{"level":"debug","time":"2024-06-11T19:13:47.817+0530","caller":"ssh/ssh.go:216","msg":"Successfully started sshd listener on port: 16459"}
{"level":"debug","time":"2024-06-11T19:13:47.910+0530","caller":"ssh/ssh.go:216","msg":"Successfully started sshd listener on port: 6653"}
{"level":"info","time":"2024-06-11T19:13:47.910+0530","caller":"core/lifecycle.go:381","msg":"You can start testing now"}
{"level":"info","time":"2024-06-11T19:13:47.910+0530","caller":"core/lifecycle.go:382","msg":"Tunnel ID: 1509465"}
{"level":"debug","time":"2024-06-11T19:13:47.910+0530","caller":"core/lifecycle.go:383","msg":"Remote Listener Started on Port 15999"}
{"level":"debug","time":"2024-06-11T19:13:47.912+0530","caller":"callback/setup.go:100","msg":"Webhook endpoint http://127.0.0.1:59728/started successfully notified"}
{"level":"debug","time":"2024-06-11T19:13:47.945+0530","caller":"ssh/ssh.go:216","msg":"Successfully started sshd listener on port: 21378"}
{"level":"debug","time":"2024-06-11T19:13:47.956+0530","caller":"ssh/ssh.go:216","msg":"Successfully started sshd listener on port: 24051"}
{"level":"debug","time":"2024-06-11T19:13:47.987+0530","caller":"ssh/ssh.go:216","msg":"Successfully started sshd listener on port: 27819"}
{"level":"debug","time":"2024-06-11T19:16:00.462+0530","caller":"custom/setup.go:387","msg":"handle http request for http://www.google.com/gen_204","tunnelID":"1509465","requestID":1}
{"level":"debug","time":"2024-06-11T19:16:00.568+0530","caller":"custom/setup.go:515","msg":"Response &{Status:204 No Content StatusCode:204 Proto:HTTP/1.1 ProtoMajor:1 ProtoMinor:1 Header:map[Content-Length:[0] Content-Security-Policy:[object-src 'none';base-uri 'self';script-src 'nonce-9niI9ORGKE2nlrzDOwjSDA' 'strict-dynamic' 'report-sample' 'unsafe-eval' 'unsafe-inline' https: http:;report-uri https://csp.withgoogle.com/csp/gws/other] Content-Type:[text/html; charset=UTF-8] Date:[Tue, 11 Jun 2024 13:46:01 GMT] Permissions-Policy:[unload=()] Server:[gws] Set-Cookie:[1P_JAR=2024-06-11-13; expires=Thu, 11-Jul-2024 13:46:01 GMT; path=/; domain=.google.com; Secure] X-Frame-Options:[SAMEORIGIN] X-Xss-Protection:[0]] Body:{} ContentLength:0 TransferEncoding:[] Close:true Uncompressed:false Trailer:map[] Request:0xc0000aa300 TLS:<nil>} for http request from domain http://www.google.com/gen_204","tunnelID":"1509465","requestID":1}
{"level":"debug","time":"2024-06-11T19:16:02.095+0530","caller":"custom/setup.go:387","msg":"handle http request for http://connectivitycheck.gstatic.com/generate_204","tunnelID":"1509465","requestID":2}
{"level":"debug","time":"2024-06-11T19:16:02.111+0530","caller":"custom/setup.go:515","msg":"Response &{Status:204 No Content StatusCode:204 Proto:HTTP/1.1 ProtoMajor:1 ProtoMinor:1 Header:map[Content-Length:[0] Cross-Origin-Resource-Policy:[cross-origin] Date:[Tue, 11 Jun 2024 13:46:03 GMT]] Body:{} ContentLength:0 TransferEncoding:[] Close:true Uncompressed:false Trailer:map[] Request:0xc0000aa500 TLS:<nil>} for http request from domain http://connectivitycheck.gstatic.com/generate_204","tunnelID":"1509465","requestID":2}
{"level":"debug","time":"2024-06-11T19:16:02.284+0530","caller":"custom/setup.go:387","msg":"handle http request for http://connectivitycheck.gstatic.com/generate_204","tunnelID":"1509465","requestID":3}
{"level":"debug","time":"2024-06-11T19:16:02.293+0530","caller":"custom/setup.go:515","msg":"Response &{Status:204 No Content StatusCode:204 Proto:HTTP/1.1 ProtoMajor:1 ProtoMinor:1 Header:map[Content-Length:[0] Cross-Origin-Resource-Policy:[cross-origin] Date:[Tue, 11 Jun 2024 13:46:03 GMT]] Body:{} ContentLength:0 TransferEncoding:[] Close:true Uncompressed:false Trailer:map[] Request:0xc000118d00 TLS:<nil>} for http request from domain http://connectivitycheck.gstatic.com/generate_204","tunnelID":"1509465","requestID":3}
{"level":"debug","time":"2024-06-11T19:16:02.691+0530","caller":"custom/setup.go:387","msg":"handle http request for http://play.googleapis.com/generate_204","tunnelID":"1509465","requestID":4}
{"level":"debug","time":"2024-06-11T19:16:02.705+0530","caller":"custom/setup.go:515","msg":"Response &{Status:204 No Content StatusCode:204 Proto:HTTP/1.1 ProtoMajor:1 ProtoMinor:1 Header:map[Content-Length:[0] Cross-Origin-Resource-Policy:[cross-origin] Date:[Tue, 11 Jun 2024 13:46:03 GMT]] Body:{} ContentLength:0 TransferEncoding:[] Close:true Uncompressed:false Trailer:map[] Request:0xc0002ba100 TLS:<nil>} for http request from domain http://play.googleapis.com/generate_204","tunnelID":"1509465","requestID":4}
{"level":"debug","time":"2024-06-11T19:16:02.946+0530","caller":"custom/setup.go:387","msg":"handle http request for http://www.google.com/gen_204","tunnelID":"1509465","requestID":5}
{"level":"debug","time":"2024-06-11T19:16:03.019+0530","caller":"custom/setup.go:515","msg":"Response &{Status:204 No Content StatusCode:204 Proto:HTTP/1.1 ProtoMajor:1 ProtoMinor:1 Header:map[Content-Length:[0] Content-Security-Policy:[object-src 'none';base-uri 'self';script-src 'nonce-oGz5NaGhg8oq9sM7Qw3Y0g' 'strict-dynamic' 'report-sample' 'unsafe-eval' 'unsafe-inline' https: http:;report-uri https://csp.withgoogle.com/csp/gws/other] Content-Type:[text/html; charset=UTF-8] Date:[Tue, 11 Jun 2024 13:46:04 GMT] Permissions-Policy:[unload=()] Server:[gws] Set-Cookie:[1P_JAR=2024-06-11-13; expires=Thu, 11-Jul-2024 13:46:04 GMT; path=/; domain=.google.com; Secure] X-Frame-Options:[SAMEORIGIN] X-Xss-Protection:[0]] Body:{} ContentLength:0 TransferEncoding:[] Close:true Uncompressed:false Trailer:map[] Request:0xc000118f00 TLS:<nil>} for http request from domain http://www.google.com/gen_204","tunnelID":"1509465","requestID":5}
{"level":"debug","time":"2024-06-11T19:16:05.460+0530","caller":"custom/setup.go:387","msg":"handle http request for http://connectivitycheck.gstatic.com/generate_204","tunnelID":"1509465","requestID":6}
{"level":"debug","time":"2024-06-11T19:16:05.470+0530","caller":"custom/setup.go:515","msg":"Response &{Status:204 No Content StatusCode:204 Proto:HTTP/1.1 ProtoMajor:1 ProtoMinor:1 Header:map[Content-Length:[0] Cross-Origin-Resource-Policy:[cross-origin] Date:[Tue, 11 Jun 2024 13:46:06 GMT]] Body:{} ContentLength:0 TransferEncoding:[] Close:true Uncompressed:false Trailer:map[] Request:0xc000119000 TLS:<nil>} for http request from domain http://connectivitycheck.gstatic.com/generate_204","tunnelID":"1509465","requestID":6}
{"level":"debug","time":"2024-06-11T19:16:06.081+0530","caller":"custom/setup.go:387","msg":"handle http request for http://play.googleapis.com/generate_204","tunnelID":"1509465","requestID":7}
{"level":"debug","time":"2024-06-11T19:16:06.107+0530","caller":"custom/setup.go:515","msg":"Response &{Status:204 No Content StatusCode:204 Proto:HTTP/1.1 ProtoMajor:1 ProtoMinor:1 Header:map[Content-Length:[0] Cross-Origin-Resource-Policy:[cross-origin] Date:[Tue, 11 Jun 2024 13:46:07 GMT]] Body:{} ContentLength:0 TransferEncoding:[] Close:true Uncompressed:false Trailer:map[] Request:0xc000444100 TLS:<nil>} for http request from domain http://play.googleapis.com/generate_204","tunnelID":"1509465","requestID":7}
{"level":"debug","time":"2024-06-11T19:16:07.301+0530","caller":"custom/setup.go:387","msg":"handle http request for http://connectivitycheck.gstatic.com/generate_204","tunnelID":"1509465","requestID":8}
{"level":"debug","time":"2024-06-11T19:16:07.309+0530","caller":"custom/setup.go:515","msg":"Response &{Status:204 No Content StatusCode:204 Proto:HTTP/1.1 ProtoMajor:1 ProtoMinor:1 Header:map[Content-Length:[0] Cross-Origin-Resource-Policy:[cross-origin] Date:[Tue, 11 Jun 2024 13:46:08 GMT]] Body:{} ContentLength:0 TransferEncoding:[] Close:true Uncompressed:false Trailer:map[] Request:0xc000444300 TLS:<nil>} for http request from domain http://connectivitycheck.gstatic.com/generate_204","tunnelID":"1509465","requestID":8}
{"level":"debug","time":"2024-06-11T19:16:08.045+0530","caller":"custom/setup.go:387","msg":"handle http request for http://play.googleapis.com/generate_204","tunnelID":"1509465","requestID":9}
{"level":"debug","time":"2024-06-11T19:16:08.056+0530","caller":"custom/setup.go:515","msg":"Response &{Status:204 No Content StatusCode:204 Proto:HTTP/1.1 ProtoMajor:1 ProtoMinor:1 Header:map[Content-Length:[0] Cross-Origin-Resource-Policy:[cross-origin] Date:[Tue, 11 Jun 2024 13:46:09 GMT]] Body:{} ContentLength:0 TransferEncoding:[] Close:true Uncompressed:false Trailer:map[] Request:0xc000444000 TLS:<nil>} for http request from domain http://play.googleapis.com/generate_204","tunnelID":"1509465","requestID":9}
{"level":"debug","time":"2024-06-11T19:16:10.668+0530","caller":"custom/setup.go:387","msg":"handle http request for http://connectivitycheck.gstatic.com/generate_204","tunnelID":"1509465","requestID":10}
{"level":"debug","time":"2024-06-11T19:16:10.681+0530","caller":"custom/setup.go:515","msg":"Response &{Status:204 No Content StatusCode:204 Proto:HTTP/1.1 ProtoMajor:1 ProtoMinor:1 Header:map[Content-Length:[0] Cross-Origin-Resource-Policy:[cross-origin] Date:[Tue, 11 Jun 2024 13:46:11 GMT]] Body:{} ContentLength:0 TransferEncoding:[] Close:true Uncompressed:false Trailer:map[] Request:0xc000118c00 TLS:<nil>} for http request from domain http://connectivitycheck.gstatic.com/generate_204","tunnelID":"1509465","requestID":10}
{"level":"debug","time":"2024-06-11T19:16:11.223+0530","caller":"custom/setup.go:387","msg":"handle http request for http://www.google.com/gen_204","tunnelID":"1509465","requestID":11}
{"level":"debug","time":"2024-06-11T19:16:11.306+0530","caller":"custom/setup.go:515","msg":"Response &{Status:204 No Content StatusCode:204 Proto:HTTP/1.1 ProtoMajor:1 ProtoMinor:1 Header:map[Content-Length:[0] Content-Security-Policy:[object-src 'none';base-uri 'self';script-src 'nonce-BZ8hNYH57PLl2HnRFwJ6HA' 'strict-dynamic' 'report-sample' 'unsafe-eval' 'unsafe-inline' https: http:;report-uri https://csp.withgoogle.com/csp/gws/other] Content-Type:[text/html; charset=UTF-8] Date:[Tue, 11 Jun 2024 13:46:12 GMT] Permissions-Policy:[unload=()] Server:[gws] Set-Cookie:[1P_JAR=2024-06-11-13; expires=Thu, 11-Jul-2024 13:46:12 GMT; path=/; domain=.google.com; Secure] X-Frame-Options:[SAMEORIGIN] X-Xss-Protection:[0]] Body:{} ContentLength:0 TransferEncoding:[] Close:true Uncompressed:false Trailer:map[] Request:0xc0002be800 TLS:<nil>} for http request from domain http://www.google.com/gen_204","tunnelID":"1509465","requestID":11}
{"level":"debug","time":"2024-06-11T19:16:16.676+0530","caller":"custom/setup.go:387","msg":"handle http request for http://connectivitycheck.gstatic.com/generate_204","tunnelID":"1509465","requestID":12}
{"level":"debug","time":"2024-06-11T19:16:16.709+0530","caller":"custom/setup.go:515","msg":"Response &{Status:204 No Content StatusCode:204 Proto:HTTP/1.1 ProtoMajor:1 ProtoMinor:1 Header:map[Content-Length:[0] Cross-Origin-Resource-Policy:[cross-origin] Date:[Tue, 11 Jun 2024 13:46:17 GMT]] Body:{} ContentLength:0 TransferEncoding:[] Close:true Uncompressed:false Trailer:map[] Request:0xc00030a200 TLS:<nil>} for http request from domain http://connectivitycheck.gstatic.com/generate_204","tunnelID":"1509465","requestID":12}
{"level":"debug","time":"2024-06-11T19:16:17.523+0530","caller":"custom/setup.go:387","msg":"handle http request for http://play.googleapis.com/generate_204","tunnelID":"1509465","requestID":13}
{"level":"debug","time":"2024-06-11T19:16:17.534+0530","caller":"custom/setup.go:515","msg":"Response &{Status:204 No Content StatusCode:204 Proto:HTTP/1.1 ProtoMajor:1 ProtoMinor:1 Header:map[Content-Length:[0] Cross-Origin-Resource-Policy:[cross-origin] Date:[Tue, 11 Jun 2024 13:46:18 GMT]] Body:{} ContentLength:0 TransferEncoding:[] Close:true Uncompressed:false Trailer:map[] Request:0xc000444100 TLS:<nil>} for http request from domain http://play.googleapis.com/generate_204","tunnelID":"1509465","requestID":13}
{"level":"debug","time":"2024-06-11T19:16:19.881+0530","caller":"custom/setup.go:387","msg":"handle http request for http://connectivitycheck.gstatic.com/generate_204","tunnelID":"1509465","requestID":14}
{"level":"debug","time":"2024-06-11T19:16:20.198+0530","caller":"custom/setup.go:515","msg":"Response &{Status:204 No Content StatusCode:204 Proto:HTTP/1.1 ProtoMajor:1 ProtoMinor:1 Header:map[Content-Length:[0] Cross-Origin-Resource-Policy:[cross-origin] Date:[Tue, 11 Jun 2024 13:46:21 GMT]] Body:{} ContentLength:0 TransferEncoding:[] Close:true Uncompressed:false Trailer:map[] Request:0xc00030a600 TLS:<nil>} for http request from domain http://connectivitycheck.gstatic.com/generate_204","tunnelID":"1509465","requestID":14}
{"level":"debug","time":"2024-06-11T19:16:20.642+0530","caller":"custom/setup.go:387","msg":"handle http request for http://www.google.com/gen_204","tunnelID":"1509465","requestID":15}
{"level":"debug","time":"2024-06-11T19:16:20.714+0530","caller":"custom/setup.go:515","msg":"Response &{Status:204 No Content StatusCode:204 Proto:HTTP/1.1 ProtoMajor:1 ProtoMinor:1 Header:map[Content-Length:[0] Content-Security-Policy:[object-src 'none';base-uri 'self';script-src 'nonce-YxsXAQOcyOhE83wWPs52gg' 'strict-dynamic' 'report-sample' 'unsafe-eval' 'unsafe-inline' https: http:;report-uri https://csp.withgoogle.com/csp/gws/other] Content-Type:[text/html; charset=UTF-8] Date:[Tue, 11 Jun 2024 13:46:21 GMT] Permissions-Policy:[unload=()] Server:[gws] Set-Cookie:[1P_JAR=2024-06-11-13; expires=Thu, 11-Jul-2024 13:46:21 GMT; path=/; domain=.google.com; Secure] X-Frame-Options:[SAMEORIGIN] X-Xss-Protection:[0]] Body:{} ContentLength:0 TransferEncoding:[] Close:true Uncompressed:false Trailer:map[] Request:0xc000118f00 TLS:<nil>} for http request from domain http://www.google.com/gen_204","tunnelID":"1509465","requestID":15}
{"level":"debug","time":"2024-06-11T19:16:28.837+0530","caller":"custom/setup.go:549","msg":"handling connect request for URL https://iplocation.net:443","tunnelID":"1509465","requestID":16}
{"level":"debug","time":"2024-06-11T19:16:29.588+0530","caller":"custom/setup.go:549","msg":"handling connect request for URL https://iplocation.net:443","tunnelID":"1509465","requestID":17}
{"level":"debug","time":"2024-06-11T19:16:29.965+0530","caller":"custom/setup.go:549","msg":"handling connect request for URL https://www.iplocation.net:443","tunnelID":"1509465","requestID":18}
{"level":"debug","time":"2024-06-11T19:16:31.281+0530","caller":"custom/setup.go:549","msg":"handling connect request for URL https://www.iplocation.net:443","tunnelID":"1509465","requestID":19}
{"level":"debug","time":"2024-06-11T19:16:32.592+0530","caller":"custom/setup.go:387","msg":"handle http request for http://connectivitycheck.gstatic.com/generate_204","tunnelID":"1509465","requestID":20}
{"level":"debug","time":"2024-06-11T19:16:32.601+0530","caller":"custom/setup.go:515","msg":"Response &{Status:204 No Content StatusCode:204 Proto:HTTP/1.1 ProtoMajor:1 ProtoMinor:1 Header:map[Content-Length:[0] Cross-Origin-Resource-Policy:[cross-origin] Date:[Tue, 11 Jun 2024 13:46:33 GMT]] Body:{} ContentLength:0 TransferEncoding:[] Close:true Uncompressed:false Trailer:map[] Request:0xc0002be700 TLS:<nil>} for http request from domain http://connectivitycheck.gstatic.com/generate_204","tunnelID":"1509465","requestID":20}
{"level":"debug","time":"2024-06-11T19:16:33.018+0530","caller":"custom/setup.go:549","msg":"handling connect request for URL https://www.iplocation.net:443","tunnelID":"1509465","requestID":21}
{"level":"debug","time":"2024-06-11T19:16:33.019+0530","caller":"custom/setup.go:549","msg":"handling connect request for URL https://www.iplocation.net:443","tunnelID":"1509465","requestID":22}
{"level":"debug","time":"2024-06-11T19:16:33.027+0530","caller":"custom/setup.go:549","msg":"handling connect request for URL https://www.iplocation.net:443","tunnelID":"1509465","requestID":23}
{"level":"debug","time":"2024-06-11T19:16:33.031+0530","caller":"custom/setup.go:549","msg":"handling connect request for URL https://www.iplocation.net:443","tunnelID":"1509465","requestID":24}
{"level":"debug","time":"2024-06-11T19:16:33.060+0530","caller":"custom/setup.go:549","msg":"handling connect request for URL https://www.iplocation.net:443","tunnelID":"1509465","requestID":25}
{"level":"debug","time":"2024-06-11T19:16:33.066+0530","caller":"custom/setup.go:549","msg":"handling connect request for URL https://cdnjs.cloudflare.com:443","tunnelID":"1509465","requestID":26}
{"level":"debug","time":"2024-06-11T19:16:33.073+0530","caller":"custom/setup.go:549","msg":"handling connect request for URL https://fonts.googleapis.com:443","tunnelID":"1509465","requestID":27}
{"level":"debug","time":"2024-06-11T19:16:33.078+0530","caller":"custom/setup.go:549","msg":"handling connect request for URL https://cdnjs.cloudflare.com:443","tunnelID":"1509465","requestID":28}
{"level":"debug","time":"2024-06-11T19:16:33.085+0530","caller":"custom/setup.go:549","msg":"handling connect request for URL https://cdnjs.cloudflare.com:443","tunnelID":"1509465","requestID":29}
{"level":"debug","time":"2024-06-11T19:16:33.087+0530","caller":"custom/setup.go:549","msg":"handling connect request for URL https://fonts.googleapis.com:443","tunnelID":"1509465","requestID":30}
{"level":"debug","time":"2024-06-11T19:16:33.108+0530","caller":"custom/setup.go:549","msg":"handling connect request for URL https://fonts.googleapis.com:443","tunnelID":"1509465","requestID":31}
{"level":"debug","time":"2024-06-11T19:16:33.114+0530","caller":"custom/setup.go:387","msg":"handle http request for http://play.googleapis.com/generate_204","tunnelID":"1509465","requestID":32}
{"level":"debug","time":"2024-06-11T19:16:33.123+0530","caller":"custom/setup.go:515","msg":"Response &{Status:204 No Content StatusCode:204 Proto:HTTP/1.1 ProtoMajor:1 ProtoMinor:1 Header:map[Content-Length:[0] Cross-Origin-Resource-Policy:[cross-origin] Date:[Tue, 11 Jun 2024 13:46:34 GMT]] Body:{} ContentLength:0 TransferEncoding:[] Close:true Uncompressed:false Trailer:map[] Request:0xc0002be600 TLS:<nil>} for http request from domain http://play.googleapis.com/generate_204","tunnelID":"1509465","requestID":32}
{"level":"debug","time":"2024-06-11T19:16:33.181+0530","caller":"custom/setup.go:549","msg":"handling connect request for URL https://code.jquery.com:443","tunnelID":"1509465","requestID":33}
{"level":"debug","time":"2024-06-11T19:16:33.187+0530","caller":"custom/setup.go:549","msg":"handling connect request for URL https://cdnjs.cloudflare.com:443","tunnelID":"1509465","requestID":34}
{"level":"debug","time":"2024-06-11T19:16:33.221+0530","caller":"custom/setup.go:549","msg":"handling connect request for URL https://www.iplocation.net:443","tunnelID":"1509465","requestID":35}
{"level":"debug","time":"2024-06-11T19:16:33.448+0530","caller":"custom/setup.go:549","msg":"handling connect request for URL https://www.iplocation.net:443","tunnelID":"1509465","requestID":36}
{"level":"debug","time":"2024-06-11T19:16:33.467+0530","caller":"custom/setup.go:549","msg":"handling connect request for URL https://cdnjs.cloudflare.com:443","tunnelID":"1509465","requestID":37}
{"level":"debug","time":"2024-06-11T19:16:33.585+0530","caller":"custom/setup.go:549","msg":"handling connect request for URL https://code.jquery.com:443","tunnelID":"1509465","requestID":38}
{"level":"debug","time":"2024-06-11T19:16:33.737+0530","caller":"custom/setup.go:549","msg":"handling connect request for URL https://www.iplocation.net:443","tunnelID":"1509465","requestID":39}
{"level":"debug","time":"2024-06-11T19:16:33.746+0530","caller":"custom/setup.go:549","msg":"handling connect request for URL https://www.iplocation.net:443","tunnelID":"1509465","requestID":40}
{"level":"debug","time":"2024-06-11T19:16:33.747+0530","caller":"custom/setup.go:549","msg":"handling connect request for URL https://www.iplocation.net:443","tunnelID":"1509465","requestID":41}
{"level":"debug","time":"2024-06-11T19:16:33.764+0530","caller":"custom/setup.go:549","msg":"handling connect request for URL https://www.iplocation.net:443","tunnelID":"1509465","requestID":42}
{"level":"debug","time":"2024-06-11T19:16:33.795+0530","caller":"custom/setup.go:549","msg":"handling connect request for URL https://www.iplocation.net:443","tunnelID":"1509465","requestID":43}
{"level":"debug","time":"2024-06-11T19:16:33.817+0530","caller":"custom/setup.go:549","msg":"handling connect request for URL https://cdnjs.cloudflare.com:443","tunnelID":"1509465","requestID":44}
{"level":"debug","time":"2024-06-11T19:16:33.830+0530","caller":"custom/setup.go:549","msg":"handling connect request for URL https://fonts.googleapis.com:443","tunnelID":"1509465","requestID":45}
{"level":"debug","time":"2024-06-11T19:16:33.840+0530","caller":"custom/setup.go:549","msg":"handling connect request for URL https://fonts.googleapis.com:443","tunnelID":"1509465","requestID":46}
{"level":"debug","time":"2024-06-11T19:16:33.841+0530","caller":"custom/setup.go:549","msg":"handling connect request for URL https://cdnjs.cloudflare.com:443","tunnelID":"1509465","requestID":47}
{"level":"debug","time":"2024-06-11T19:16:33.841+0530","caller":"custom/setup.go:549","msg":"handling connect request for URL https://cdnjs.cloudflare.com:443","tunnelID":"1509465","requestID":48}
{"level":"debug","time":"2024-06-11T19:16:33.857+0530","caller":"custom/setup.go:549","msg":"handling connect request for URL https://fonts.googleapis.com:443","tunnelID":"1509465","requestID":49}
{"level":"debug","time":"2024-06-11T19:16:33.863+0530","caller":"custom/setup.go:549","msg":"handling connect request for URL https://cdnjs.cloudflare.com:443","tunnelID":"1509465","requestID":50}
{"level":"debug","time":"2024-06-11T19:16:33.864+0530","caller":"custom/setup.go:549","msg":"handling connect request for URL https://code.jquery.com:443","tunnelID":"1509465","requestID":51}
{"level":"debug","time":"2024-06-11T19:16:33.972+0530","caller":"custom/setup.go:549","msg":"handling connect request for URL https://www.iplocation.net:443","tunnelID":"1509465","requestID":52}
{"level":"debug","time":"2024-06-11T19:16:34.233+0530","caller":"custom/setup.go:549","msg":"handling connect request for URL https://www.iplocation.net:443","tunnelID":"1509465","requestID":53}
{"level":"debug","time":"2024-06-11T19:16:34.256+0530","caller":"custom/setup.go:387","msg":"handle http request for http://connectivitycheck.gstatic.com/generate_204","tunnelID":"1509465","requestID":54}
{"level":"debug","time":"2024-06-11T19:16:34.266+0530","caller":"custom/setup.go:515","msg":"Response &{Status:204 No Content StatusCode:204 Proto:HTTP/1.1 ProtoMajor:1 ProtoMinor:1 Header:map[Content-Length:[0] Cross-Origin-Resource-Policy:[cross-origin] Date:[Tue, 11 Jun 2024 13:46:35 GMT]] Body:{} ContentLength:0 TransferEncoding:[] Close:true Uncompressed:false Trailer:map[] Request:0xc000acc200 TLS:<nil>} for http request from domain http://connectivitycheck.gstatic.com/generate_204","tunnelID":"1509465","requestID":54}
{"level":"debug","time":"2024-06-11T19:16:34.411+0530","caller":"custom/setup.go:549","msg":"handling connect request for URL https://www.speedtest.net:443","tunnelID":"1509465","requestID":55}
{"level":"debug","time":"2024-06-11T19:16:34.501+0530","caller":"custom/setup.go:549","msg":"handling connect request for URL https://www.iplocation.net:443","tunnelID":"1509465","requestID":56}
{"level":"debug","time":"2024-06-11T19:16:34.678+0530","caller":"custom/setup.go:387","msg":"handle http request for http://connectivitycheck.gstatic.com/generate_204","tunnelID":"1509465","requestID":57}
{"level":"debug","time":"2024-06-11T19:16:34.689+0530","caller":"custom/setup.go:515","msg":"Response &{Status:204 No Content StatusCode:204 Proto:HTTP/1.1 ProtoMajor:1 ProtoMinor:1 Header:map[Content-Length:[0] Cross-Origin-Resource-Policy:[cross-origin] Date:[Tue, 11 Jun 2024 13:46:35 GMT]] Body:{} ContentLength:0 TransferEncoding:[] Close:true Uncompressed:false Trailer:map[] Request:0xc0000aaf00 TLS:<nil>} for http request from domain http://connectivitycheck.gstatic.com/generate_204","tunnelID":"1509465","requestID":57}
{"level":"debug","time":"2024-06-11T19:16:34.797+0530","caller":"custom/setup.go:549","msg":"handling connect request for URL https://www.iplocation.net:443","tunnelID":"1509465","requestID":58}
{"level":"debug","time":"2024-06-11T19:16:34.855+0530","caller":"custom/setup.go:549","msg":"handling connect request for URL https://www.iplocation.net:443","tunnelID":"1509465","requestID":59}
{"level":"debug","time":"2024-06-11T19:16:34.916+0530","caller":"custom/setup.go:387","msg":"handle http request for http://play.googleapis.com/generate_204","tunnelID":"1509465","requestID":60}
{"level":"debug","time":"2024-06-11T19:16:34.926+0530","caller":"custom/setup.go:515","msg":"Response &{Status:204 No Content StatusCode:204 Proto:HTTP/1.1 ProtoMajor:1 ProtoMinor:1 Header:map[Content-Length:[0] Cross-Origin-Resource-Policy:[cross-origin] Date:[Tue, 11 Jun 2024 13:46:36 GMT]] Body:{} ContentLength:0 TransferEncoding:[] Close:true Uncompressed:false Trailer:map[] Request:0xc0000ab200 TLS:<nil>} for http request from domain http://play.googleapis.com/generate_204","tunnelID":"1509465","requestID":60}
{"level":"debug","time":"2024-06-11T19:16:35.091+0530","caller":"custom/setup.go:387","msg":"handle http request for http://play.googleapis.com/generate_204","tunnelID":"1509465","requestID":61}
{"level":"debug","time":"2024-06-11T19:16:35.096+0530","caller":"custom/setup.go:549","msg":"handling connect request for URL https://www.iplocation.net:443","tunnelID":"1509465","requestID":62}
{"level":"debug","time":"2024-06-11T19:16:35.101+0530","caller":"custom/setup.go:515","msg":"Response &{Status:204 No Content StatusCode:204 Proto:HTTP/1.1 ProtoMajor:1 ProtoMinor:1 Header:map[Content-Length:[0] Cross-Origin-Resource-Policy:[cross-origin] Date:[Tue, 11 Jun 2024 13:46:36 GMT]] Body:{} ContentLength:0 TransferEncoding:[] Close:true Uncompressed:false Trailer:map[] Request:0xc000acca00 TLS:<nil>} for http request from domain http://play.googleapis.com/generate_204","tunnelID":"1509465","requestID":61}
{"level":"debug","time":"2024-06-11T19:16:35.536+0530","caller":"custom/setup.go:549","msg":"handling connect request for URL https://www.speedtest.net:443","tunnelID":"1509465","requestID":63}
{"level":"debug","time":"2024-06-11T19:16:36.048+0530","caller":"custom/setup.go:549","msg":"handling connect request for URL https://stackpath.bootstrapcdn.com:443","tunnelID":"1509465","requestID":64}
{"level":"debug","time":"2024-06-11T19:16:36.251+0530","caller":"custom/setup.go:549","msg":"handling connect request for URL https://cdn.ziffstatic.com:443","tunnelID":"1509465","requestID":65}
{"level":"debug","time":"2024-06-11T19:16:36.251+0530","caller":"custom/setup.go:549","msg":"handling connect request for URL https://www.speedtest.net:443","tunnelID":"1509465","requestID":66}
{"level":"debug","time":"2024-06-11T19:16:36.266+0530","caller":"custom/setup.go:549","msg":"handling connect request for URL https://b.cdnst.net:443","tunnelID":"1509465","requestID":67}
{"level":"debug","time":"2024-06-11T19:16:36.269+0530","caller":"custom/setup.go:549","msg":"handling connect request for URL https://www.speedtest.net:443","tunnelID":"1509465","requestID":68}
{"level":"debug","time":"2024-06-11T19:16:36.290+0530","caller":"custom/setup.go:549","msg":"handling connect request for URL https://www.speedtest.net:443","tunnelID":"1509465","requestID":69}
{"level":"debug","time":"2024-06-11T19:16:36.290+0530","caller":"custom/setup.go:549","msg":"handling connect request for URL https://b.cdnst.net:443","tunnelID":"1509465","requestID":70}
{"level":"debug","time":"2024-06-11T19:16:36.290+0530","caller":"custom/setup.go:549","msg":"handling connect request for URL https://www.googleoptimize.com:443","tunnelID":"1509465","requestID":71}
{"level":"debug","time":"2024-06-11T19:16:36.296+0530","caller":"custom/setup.go:549","msg":"handling connect request for URL https://b.cdnst.net:443","tunnelID":"1509465","requestID":72}
{"level":"debug","time":"2024-06-11T19:16:36.296+0530","caller":"custom/setup.go:549","msg":"handling connect request for URL https://b.cdnst.net:443","tunnelID":"1509465","requestID":73}
{"level":"debug","time":"2024-06-11T19:16:36.506+0530","caller":"custom/setup.go:549","msg":"handling connect request for URL https://cdn.jsdelivr.net:443","tunnelID":"1509465","requestID":74}
{"level":"debug","time":"2024-06-11T19:16:36.567+0530","caller":"custom/setup.go:549","msg":"handling connect request for URL https://stackpath.bootstrapcdn.com:443","tunnelID":"1509465","requestID":75}
{"level":"debug","time":"2024-06-11T19:16:36.916+0530","caller":"custom/setup.go:549","msg":"handling connect request for URL https://cdn.jsdelivr.net:443","tunnelID":"1509465","requestID":76}
{"level":"debug","time":"2024-06-11T19:16:36.963+0530","caller":"custom/setup.go:549","msg":"handling connect request for URL https://www.speedtest.net:443","tunnelID":"1509465","requestID":78}
{"level":"debug","time":"2024-06-11T19:16:36.963+0530","caller":"custom/setup.go:549","msg":"handling connect request for URL https://cdn.ziffstatic.com:443","tunnelID":"1509465","requestID":79}
{"level":"debug","time":"2024-06-11T19:16:36.963+0530","caller":"custom/setup.go:549","msg":"handling connect request for URL https://www.speedtest.net:443","tunnelID":"1509465","requestID":77}
{"level":"debug","time":"2024-06-11T19:16:36.973+0530","caller":"custom/setup.go:549","msg":"handling connect request for URL https://b.cdnst.net:443","tunnelID":"1509465","requestID":80}
{"level":"debug","time":"2024-06-11T19:16:36.985+0530","caller":"custom/setup.go:549","msg":"handling connect request for URL https://b.cdnst.net:443","tunnelID":"1509465","requestID":81}
{"level":"debug","time":"2024-06-11T19:16:36.986+0530","caller":"custom/setup.go:549","msg":"handling connect request for URL https://b.cdnst.net:443","tunnelID":"1509465","requestID":82}
{"level":"debug","time":"2024-06-11T19:16:36.998+0530","caller":"custom/setup.go:549","msg":"handling connect request for URL https://www.googleoptimize.com:443","tunnelID":"1509465","requestID":83}
{"level":"debug","time":"2024-06-11T19:16:37.008+0530","caller":"custom/setup.go:549","msg":"handling connect request for URL https://b.cdnst.net:443","tunnelID":"1509465","requestID":84}
{"level":"debug","time":"2024-06-11T19:16:37.017+0530","caller":"custom/setup.go:549","msg":"handling connect request for URL https://stackpath.bootstrapcdn.com:443","tunnelID":"1509465","requestID":85}
{"level":"debug","time":"2024-06-11T19:16:37.030+0530","caller":"custom/setup.go:549","msg":"handling connect request for URL https://www.speedtest.net:443","tunnelID":"1509465","requestID":86}
{"level":"debug","time":"2024-06-11T19:16:37.466+0530","caller":"custom/setup.go:549","msg":"handling connect request for URL https://cdn.jsdelivr.net:443","tunnelID":"1509465","requestID":87}
{"level":"debug","time":"2024-06-11T19:16:37.972+0530","caller":"custom/setup.go:549","msg":"handling connect request for URL https://cdn.cookielaw.org:443","tunnelID":"1509465","requestID":88}
{"level":"debug","time":"2024-06-11T19:16:38.247+0530","caller":"custom/setup.go:549","msg":"handling connect request for URL https://www.iplocation.net:443","tunnelID":"1509465","requestID":89}
{"level":"debug","time":"2024-06-11T19:16:38.394+0530","caller":"custom/setup.go:549","msg":"handling connect request for URL https://fonts.gstatic.com:443","tunnelID":"1509465","requestID":90}
{"level":"debug","time":"2024-06-11T19:16:38.593+0530","caller":"custom/setup.go:549","msg":"handling connect request for URL https://cdn.cookielaw.org:443","tunnelID":"1509465","requestID":91}
{"level":"debug","time":"2024-06-11T19:16:38.671+0530","caller":"custom/setup.go:549","msg":"handling connect request for URL https://www.iplocation.net:443","tunnelID":"1509465","requestID":92}
{"level":"debug","time":"2024-06-11T19:16:38.736+0530","caller":"custom/setup.go:387","msg":"handle http request for http://connectivitycheck.gstatic.com/generate_204","tunnelID":"1509465","requestID":93}
{"level":"debug","time":"2024-06-11T19:16:38.775+0530","caller":"custom/setup.go:515","msg":"Response &{Status:204 No Content StatusCode:204 Proto:HTTP/1.1 ProtoMajor:1 ProtoMinor:1 Header:map[Content-Length:[0] Cross-Origin-Resource-Policy:[cross-origin] Date:[Tue, 11 Jun 2024 13:46:40 GMT]] Body:{} ContentLength:0 TransferEncoding:[] Close:true Uncompressed:false Trailer:map[] Request:0xc0002be600 TLS:<nil>} for http request from domain http://connectivitycheck.gstatic.com/generate_204","tunnelID":"1509465","requestID":93}
{"level":"debug","time":"2024-06-11T19:16:38.912+0530","caller":"custom/setup.go:549","msg":"handling connect request for URL https://www.googletagmanager.com:443","tunnelID":"1509465","requestID":94}
{"level":"debug","time":"2024-06-11T19:16:38.937+0530","caller":"custom/setup.go:549","msg":"handling connect request for URL https://diffuser-cdn.app-us1.com:443","tunnelID":"1509465","requestID":95}
{"level":"debug","time":"2024-06-11T19:16:38.965+0530","caller":"custom/setup.go:549","msg":"handling connect request for URL https://c.amazon-adsystem.com:443","tunnelID":"1509465","requestID":96}
{"level":"debug","time":"2024-06-11T19:16:39.008+0530","caller":"custom/setup.go:549","msg":"handling connect request for URL https://fonts.gstatic.com:443","tunnelID":"1509465","requestID":97}
{"level":"debug","time":"2024-06-11T19:16:39.148+0530","caller":"custom/setup.go:549","msg":"handling connect request for URL https://fonts.gstatic.com:443","tunnelID":"1509465","requestID":98}
{"level":"debug","time":"2024-06-11T19:16:39.296+0530","caller":"custom/setup.go:387","msg":"handle http request for http://www.google.com/gen_204","tunnelID":"1509465","requestID":99}
{"level":"debug","time":"2024-06-11T19:16:39.372+0530","caller":"custom/setup.go:515","msg":"Response &{Status:204 No Content StatusCode:204 Proto:HTTP/1.1 ProtoMajor:1 ProtoMinor:1 Header:map[Content-Length:[0] Content-Security-Policy:[object-src 'none';base-uri 'self';script-src 'nonce-RTjdkshdr4eKQ2nUYFBR1w' 'strict-dynamic' 'report-sample' 'unsafe-eval' 'unsafe-inline' https: http:;report-uri https://csp.withgoogle.com/csp/gws/other] Content-Type:[text/html; charset=UTF-8] Date:[Tue, 11 Jun 2024 13:46:40 GMT] Permissions-Policy:[unload=()] Server:[gws] Set-Cookie:[1P_JAR=2024-06-11-13; expires=Thu, 11-Jul-2024 13:46:40 GMT; path=/; domain=.google.com; Secure] X-Frame-Options:[SAMEORIGIN] X-Xss-Protection:[0]] Body:{} ContentLength:0 TransferEncoding:[] Close:true Uncompressed:false Trailer:map[] Request:0xc000acc200 TLS:<nil>} for http request from domain http://www.google.com/gen_204","tunnelID":"1509465","requestID":99}
{"level":"debug","time":"2024-06-11T19:16:39.377+0530","caller":"custom/setup.go:549","msg":"handling connect request for URL https://geolocation.onetrust.com:443","tunnelID":"1509465","requestID":100}
{"level":"debug","time":"2024-06-11T19:16:39.379+0530","caller":"custom/setup.go:549","msg":"handling connect request for URL https://fonts.gstatic.com:443","tunnelID":"1509465","requestID":101}
{"level":"debug","time":"2024-06-11T19:16:39.717+0530","caller":"custom/setup.go:549","msg":"handling connect request for URL https://c.amazon-adsystem.com:443","tunnelID":"1509465","requestID":102}
{"level":"debug","time":"2024-06-11T19:16:39.725+0530","caller":"custom/setup.go:549","msg":"handling connect request for URL https://geolocation.onetrust.com:443","tunnelID":"1509465","requestID":103}
{"level":"debug","time":"2024-06-11T19:16:39.742+0530","caller":"custom/setup.go:549","msg":"handling connect request for URL https://diffuser-cdn.app-us1.com:443","tunnelID":"1509465","requestID":104}
{"level":"debug","time":"2024-06-11T19:16:39.760+0530","caller":"custom/setup.go:549","msg":"handling connect request for URL https://fonts.gstatic.com:443","tunnelID":"1509465","requestID":105}
{"level":"debug","time":"2024-06-11T19:16:39.781+0530","caller":"custom/setup.go:549","msg":"handling connect request for URL https://www.googletagmanager.com:443","tunnelID":"1509465","requestID":106}
{"level":"debug","time":"2024-06-11T19:16:39.996+0530","caller":"custom/setup.go:549","msg":"handling connect request for URL https://fonts.gstatic.com:443","tunnelID":"1509465","requestID":107}
{"level":"debug","time":"2024-06-11T19:16:40.089+0530","caller":"custom/setup.go:549","msg":"handling connect request for URL https://www.iplocation.net:443","tunnelID":"1509465","requestID":108}
{"level":"debug","time":"2024-06-11T19:16:40.119+0530","caller":"custom/setup.go:549","msg":"handling connect request for URL https://geolocation.onetrust.com:443","tunnelID":"1509465","requestID":109}
{"level":"debug","time":"2024-06-11T19:16:40.307+0530","caller":"custom/setup.go:549","msg":"handling connect request for URL https://www.iplocation.net:443","tunnelID":"1509465","requestID":110}
{"level":"debug","time":"2024-06-11T19:16:40.386+0530","caller":"custom/setup.go:549","msg":"handling connect request for URL https://www.iplocation.net:443","tunnelID":"1509465","requestID":111}
{"level":"debug","time":"2024-06-11T19:16:40.514+0530","caller":"custom/setup.go:549","msg":"handling connect request for URL https://www.iplocation.net:443","tunnelID":"1509465","requestID":112}
{"level":"debug","time":"2024-06-11T19:16:40.622+0530","caller":"custom/setup.go:549","msg":"handling connect request for URL https://www.iplocation.net:443","tunnelID":"1509465","requestID":113}
{"level":"debug","time":"2024-06-11T19:16:40.724+0530","caller":"custom/setup.go:549","msg":"handling connect request for URL https://www.iplocation.net:443","tunnelID":"1509465","requestID":114}
{"level":"debug","time":"2024-06-11T19:16:40.727+0530","caller":"custom/setup.go:549","msg":"handling connect request for URL https://www.iplocation.net:443","tunnelID":"1509465","requestID":115}
{"level":"debug","time":"2024-06-11T19:16:40.840+0530","caller":"custom/setup.go:549","msg":"handling connect request for URL https://prism.app-us1.com:443","tunnelID":"1509465","requestID":116}
{"level":"debug","time":"2024-06-11T19:16:40.907+0530","caller":"custom/setup.go:549","msg":"handling connect request for URL https://prism.app-us1.com:443","tunnelID":"1509465","requestID":117}
{"level":"debug","time":"2024-06-11T19:16:41.095+0530","caller":"custom/setup.go:549","msg":"handling connect request for URL https://www.iplocation.net:443","tunnelID":"1509465","requestID":118}
{"level":"debug","time":"2024-06-11T19:16:41.251+0530","caller":"custom/setup.go:549","msg":"handling connect request for URL https://www.iplocation.net:443","tunnelID":"1509465","requestID":119}
{"level":"debug","time":"2024-06-11T19:16:41.337+0530","caller":"custom/setup.go:549","msg":"handling connect request for URL https://prism.app-us1.com:443","tunnelID":"1509465","requestID":120}
{"level":"debug","time":"2024-06-11T19:16:41.362+0530","caller":"custom/setup.go:549","msg":"handling connect request for URL https://ajax.googleapis.com:443","tunnelID":"1509465","requestID":121}
{"level":"debug","time":"2024-06-11T19:16:41.416+0530","caller":"custom/setup.go:549","msg":"handling connect request for URL https://www.iplocation.net:443","tunnelID":"1509465","requestID":122}
{"level":"debug","time":"2024-06-11T19:16:41.496+0530","caller":"custom/setup.go:549","msg":"handling connect request for URL https://www.iplocation.net:443","tunnelID":"1509465","requestID":123}
{"level":"debug","time":"2024-06-11T19:16:41.643+0530","caller":"custom/setup.go:549","msg":"handling connect request for URL https://www.iplocation.net:443","tunnelID":"1509465","requestID":124}
{"level":"debug","time":"2024-06-11T19:16:41.740+0530","caller":"custom/setup.go:549","msg":"handling connect request for URL https://www.iplocation.net:443","tunnelID":"1509465","requestID":125}
{"level":"debug","time":"2024-06-11T19:16:41.752+0530","caller":"custom/setup.go:549","msg":"handling connect request for URL https://www.iplocation.net:443","tunnelID":"1509465","requestID":126}
{"level":"debug","time":"2024-06-11T19:16:41.757+0530","caller":"custom/setup.go:549","msg":"handling connect request for URL https://www.iplocation.net:443","tunnelID":"1509465","requestID":127}
{"level":"debug","time":"2024-06-11T19:16:41.791+0530","caller":"custom/setup.go:549","msg":"handling connect request for URL https://ajax.googleapis.com:443","tunnelID":"1509465","requestID":128}
{"level":"debug","time":"2024-06-11T19:16:42.308+0530","caller":"custom/setup.go:549","msg":"handling connect request for URL https://www.ezojs.com:443","tunnelID":"1509465","requestID":129}
{"level":"debug","time":"2024-06-11T19:16:42.388+0530","caller":"custom/setup.go:549","msg":"handling connect request for URL https://cdn.static.zdbb.net:443","tunnelID":"1509465","requestID":130}
{"level":"debug","time":"2024-06-11T19:16:42.466+0530","caller":"custom/setup.go:549","msg":"handling connect request for URL https://www.lambdatest.com:443","tunnelID":"1509465","requestID":131}
{"level":"debug","time":"2024-06-11T19:16:42.573+0530","caller":"custom/setup.go:549","msg":"handling connect request for URL https://pagead2.googlesyndication.com:443","tunnelID":"1509465","requestID":132}
{"level":"debug","time":"2024-06-11T19:16:42.708+0530","caller":"custom/setup.go:549","msg":"handling connect request for URL https://ajax.googleapis.com:443","tunnelID":"1509465","requestID":133}
{"level":"debug","time":"2024-06-11T19:16:42.714+0530","caller":"custom/setup.go:549","msg":"handling connect request for URL https://www.ezojs.com:443","tunnelID":"1509465","requestID":134}
{"level":"debug","time":"2024-06-11T19:16:42.772+0530","caller":"custom/setup.go:549","msg":"handling connect request for URL https://cdn.static.zdbb.net:443","tunnelID":"1509465","requestID":135}
{"level":"debug","time":"2024-06-11T19:16:42.861+0530","caller":"custom/setup.go:549","msg":"handling connect request for URL https://trackcmp.net:443","tunnelID":"1509465","requestID":136}
{"level":"debug","time":"2024-06-11T19:16:42.897+0530","caller":"custom/setup.go:549","msg":"handling connect request for URL https://trackcmp.net:443","tunnelID":"1509465","requestID":137}
{"level":"debug","time":"2024-06-11T19:16:42.955+0530","caller":"custom/setup.go:549","msg":"handling connect request for URL https://pagead2.googlesyndication.com:443","tunnelID":"1509465","requestID":138}
{"level":"debug","time":"2024-06-11T19:16:43.246+0530","caller":"custom/setup.go:549","msg":"handling connect request for URL https://cdn.static.zdbb.net:443","tunnelID":"1509465","requestID":139}
{"level":"debug","time":"2024-06-11T19:16:43.374+0530","caller":"custom/setup.go:549","msg":"handling connect request for URL https://trackcmp.net:443","tunnelID":"1509465","requestID":140}
{"level":"debug","time":"2024-06-11T19:16:43.483+0530","caller":"custom/setup.go:549","msg":"handling connect request for URL https://api.ipify.org:443","tunnelID":"1509465","requestID":141}
{"level":"debug","time":"2024-06-11T19:16:43.795+0530","caller":"custom/setup.go:549","msg":"handling connect request for URL https://content-autofill.googleapis.com:443","tunnelID":"1509465","requestID":142}
{"level":"debug","time":"2024-06-11T19:16:43.889+0530","caller":"custom/setup.go:549","msg":"handling connect request for URL https://api.ipify.org:443","tunnelID":"1509465","requestID":143}
{"level":"debug","time":"2024-06-11T19:16:44.028+0530","caller":"custom/setup.go:549","msg":"handling connect request for URL https://www.lambdatest.com:443","tunnelID":"1509465","requestID":144}
{"level":"debug","time":"2024-06-11T19:16:44.035+0530","caller":"custom/setup.go:549","msg":"handling connect request for URL https://www.lambdatest.com:443","tunnelID":"1509465","requestID":145}
{"level":"debug","time":"2024-06-11T19:16:44.075+0530","caller":"custom/setup.go:549","msg":"handling connect request for URL https://www.lambdatest.com:443","tunnelID":"1509465","requestID":146}
{"level":"debug","time":"2024-06-11T19:16:44.092+0530","caller":"custom/setup.go:549","msg":"handling connect request for URL https://www.ezojs.com:443","tunnelID":"1509465","requestID":147}
{"level":"debug","time":"2024-06-11T19:16:44.141+0530","caller":"custom/setup.go:549","msg":"handling connect request for URL https://cdn.iplocation.net:443","tunnelID":"1509465","requestID":148}
{"level":"debug","time":"2024-06-11T19:16:44.197+0530","caller":"custom/setup.go:387","msg":"handle http request for http://connectivitycheck.gstatic.com/generate_204","tunnelID":"1509465","requestID":149}
{"level":"debug","time":"2024-06-11T19:16:44.205+0530","caller":"custom/setup.go:549","msg":"handling connect request for URL https://content-autofill.googleapis.com:443","tunnelID":"1509465","requestID":150}
{"level":"debug","time":"2024-06-11T19:16:44.207+0530","caller":"custom/setup.go:515","msg":"Response &{Status:204 No Content StatusCode:204 Proto:HTTP/1.1 ProtoMajor:1 ProtoMinor:1 Header:map[Content-Length:[0] Cross-Origin-Resource-Policy:[cross-origin] Date:[Tue, 11 Jun 2024 13:46:45 GMT]] Body:{} ContentLength:0 TransferEncoding:[] Close:true Uncompressed:false Trailer:map[] Request:0xc000accb00 TLS:<nil>} for http request from domain http://connectivitycheck.gstatic.com/generate_204","tunnelID":"1509465","requestID":149}
{"level":"debug","time":"2024-06-11T19:16:44.266+0530","caller":"custom/setup.go:549","msg":"handling connect request for URL https://gurgle.speedtest.net:443","tunnelID":"1509465","requestID":151}
{"level":"debug","time":"2024-06-11T19:16:44.279+0530","caller":"custom/setup.go:549","msg":"handling connect request for URL https://zdbb.net:443","tunnelID":"1509465","requestID":152}
{"level":"debug","time":"2024-06-11T19:16:44.279+0530","caller":"custom/setup.go:549","msg":"handling connect request for URL https://www.lambdatest.com:443","tunnelID":"1509465","requestID":153}
{"level":"debug","time":"2024-06-11T19:16:44.318+0530","caller":"custom/setup.go:549","msg":"handling connect request for URL https://www.lambdatest.com:443","tunnelID":"1509465","requestID":154}
{"level":"debug","time":"2024-06-11T19:16:44.361+0530","caller":"custom/setup.go:549","msg":"handling connect request for URL https://www.lambdatest.com:443","tunnelID":"1509465","requestID":155}
{"level":"debug","time":"2024-06-11T19:16:44.418+0530","caller":"custom/setup.go:549","msg":"handling connect request for URL https://www.lambdatest.com:443","tunnelID":"1509465","requestID":156}
{"level":"debug","time":"2024-06-11T19:16:44.546+0530","caller":"custom/setup.go:549","msg":"handling connect request for URL https://pagead2.googlesyndication.com:443","tunnelID":"1509465","requestID":157}
{"level":"debug","time":"2024-06-11T19:16:44.568+0530","caller":"custom/setup.go:549","msg":"handling connect request for URL https://cdn.iplocation.net:443","tunnelID":"1509465","requestID":158}
{"level":"debug","time":"2024-06-11T19:16:44.697+0530","caller":"custom/setup.go:387","msg":"handle http request for http://play.googleapis.com/generate_204","tunnelID":"1509465","requestID":159}
{"level":"debug","time":"2024-06-11T19:16:44.708+0530","caller":"custom/setup.go:515","msg":"Response &{Status:204 No Content StatusCode:204 Proto:HTTP/1.1 ProtoMajor:1 ProtoMinor:1 Header:map[Content-Length:[0] Cross-Origin-Resource-Policy:[cross-origin] Date:[Tue, 11 Jun 2024 13:46:45 GMT]] Body:{} ContentLength:0 TransferEncoding:[] Close:true Uncompressed:false Trailer:map[] Request:0xc000acd400 TLS:<nil>} for http request from domain http://play.googleapis.com/generate_204","tunnelID":"1509465","requestID":159}
{"level":"debug","time":"2024-06-11T19:16:44.785+0530","caller":"custom/setup.go:549","msg":"handling connect request for URL https://api.ipify.org:443","tunnelID":"1509465","requestID":160}
{"level":"debug","time":"2024-06-11T19:16:44.810+0530","caller":"custom/setup.go:549","msg":"handling connect request for URL https://content-autofill.googleapis.com:443","tunnelID":"1509465","requestID":161}
{"level":"debug","time":"2024-06-11T19:16:44.865+0530","caller":"custom/setup.go:549","msg":"handling connect request for URL https://cdn.cookielaw.org:443","tunnelID":"1509465","requestID":162}
{"level":"debug","time":"2024-06-11T19:16:45.766+0530","caller":"custom/setup.go:549","msg":"handling connect request for URL https://static.cloudflareinsights.com:443","tunnelID":"1509465","requestID":163}
{"level":"debug","time":"2024-06-11T19:16:45.793+0530","caller":"custom/setup.go:549","msg":"handling connect request for URL https://www.lambdatest.com:443","tunnelID":"1509465","requestID":164}
{"level":"debug","time":"2024-06-11T19:16:45.884+0530","caller":"custom/setup.go:549","msg":"handling connect request for URL https://cdn.iplocation.net:443","tunnelID":"1509465","requestID":165}
{"level":"debug","time":"2024-06-11T19:16:45.894+0530","caller":"custom/setup.go:549","msg":"handling connect request for URL https://www.lambdatest.com:443","tunnelID":"1509465","requestID":166}
{"level":"debug","time":"2024-06-11T19:16:45.924+0530","caller":"custom/setup.go:549","msg":"handling connect request for URL https://www.lambdatest.com:443","tunnelID":"1509465","requestID":167}
{"level":"debug","time":"2024-06-11T19:16:46.160+0530","caller":"custom/setup.go:549","msg":"handling connect request for URL https://cdn.iplocation.net:443","tunnelID":"1509465","requestID":168}
{"level":"debug","time":"2024-06-11T19:16:46.193+0530","caller":"custom/setup.go:549","msg":"handling connect request for URL https://www.lambdatest.com:443","tunnelID":"1509465","requestID":169}
{"level":"debug","time":"2024-06-11T19:16:46.201+0530","caller":"custom/setup.go:549","msg":"handling connect request for URL https://www.lambdatest.com:443","tunnelID":"1509465","requestID":170}
{"level":"debug","time":"2024-06-11T19:16:46.225+0530","caller":"custom/setup.go:549","msg":"handling connect request for URL https://www.lambdatest.com:443","tunnelID":"1509465","requestID":171}
{"level":"debug","time":"2024-06-11T19:16:46.233+0530","caller":"custom/setup.go:549","msg":"handling connect request for URL https://www.lambdatest.com:443","tunnelID":"1509465","requestID":172}
{"level":"debug","time":"2024-06-11T19:16:46.235+0530","caller":"custom/setup.go:549","msg":"handling connect request for URL https://www.lambdatest.com:443","tunnelID":"1509465","requestID":173}
{"level":"debug","time":"2024-06-11T19:16:46.441+0530","caller":"custom/setup.go:549","msg":"handling connect request for URL https://www.lambdatest.com:443","tunnelID":"1509465","requestID":174}
{"level":"debug","time":"2024-06-11T19:16:46.460+0530","caller":"custom/setup.go:549","msg":"handling connect request for URL https://www.lambdatest.com:443","tunnelID":"1509465","requestID":175}
{"level":"debug","time":"2024-06-11T19:16:46.485+0530","caller":"custom/setup.go:549","msg":"handling connect request for URL https://www.lambdatest.com:443","tunnelID":"1509465","requestID":176}
{"level":"debug","time":"2024-06-11T19:16:46.498+0530","caller":"custom/setup.go:549","msg":"handling connect request for URL https://static.cloudflareinsights.com:443","tunnelID":"1509465","requestID":177}
{"level":"debug","time":"2024-06-11T19:16:46.502+0530","caller":"custom/setup.go:549","msg":"handling connect request for URL https://www.lambdatest.com:443","tunnelID":"1509465","requestID":178}
{"level":"debug","time":"2024-06-11T19:16:46.517+0530","caller":"custom/setup.go:549","msg":"handling connect request for URL https://www.lambdatest.com:443","tunnelID":"1509465","requestID":179}
{"level":"debug","time":"2024-06-11T19:16:46.579+0530","caller":"custom/setup.go:549","msg":"handling connect request for URL https://www.lambdatest.com:443","tunnelID":"1509465","requestID":180}
{"level":"debug","time":"2024-06-11T19:16:46.614+0530","caller":"custom/setup.go:549","msg":"handling connect request for URL https://gurgle.zdbb.net:443","tunnelID":"1509465","requestID":181}
{"level":"debug","time":"2024-06-11T19:16:46.661+0530","caller":"custom/setup.go:549","msg":"handling connect request for URL https://www.lambdatest.com:443","tunnelID":"1509465","requestID":182}
{"level":"debug","time":"2024-06-11T19:16:46.724+0530","caller":"custom/setup.go:549","msg":"handling connect request for URL https://www.lambdatest.com:443","tunnelID":"1509465","requestID":183}
{"level":"debug","time":"2024-06-11T19:16:46.979+0530","caller":"custom/setup.go:549","msg":"handling connect request for URL https://www.lambdatest.com:443","tunnelID":"1509465","requestID":184}
{"level":"debug","time":"2024-06-11T19:16:47.113+0530","caller":"custom/setup.go:549","msg":"handling connect request for URL https://cdn.iplocation.net:443","tunnelID":"1509465","requestID":185}
{"level":"debug","time":"2024-06-11T19:16:47.228+0530","caller":"custom/setup.go:549","msg":"handling connect request for URL https://cdn.iplocation.net:443","tunnelID":"1509465","requestID":186}
{"level":"debug","time":"2024-06-11T19:16:47.267+0530","caller":"custom/setup.go:549","msg":"handling connect request for URL https://cdn.iplocation.net:443","tunnelID":"1509465","requestID":187}
{"level":"debug","time":"2024-06-11T19:16:47.489+0530","caller":"custom/setup.go:549","msg":"handling connect request for URL https://cdn.iplocation.net:443","tunnelID":"1509465","requestID":188}
{"level":"debug","time":"2024-06-11T19:16:47.560+0530","caller":"custom/setup.go:549","msg":"handling connect request for URL https://www.lambdatest.com:443","tunnelID":"1509465","requestID":189}
{"level":"debug","time":"2024-06-11T19:16:47.573+0530","caller":"custom/setup.go:549","msg":"handling connect request for URL https://www.lambdatest.com:443","tunnelID":"1509465","requestID":190}
{"level":"debug","time":"2024-06-11T19:16:47.574+0530","caller":"custom/setup.go:549","msg":"handling connect request for URL https://www.lambdatest.com:443","tunnelID":"1509465","requestID":191}
{"level":"debug","time":"2024-06-11T19:16:47.677+0530","caller":"custom/setup.go:549","msg":"handling connect request for URL https://www.lambdatest.com:443","tunnelID":"1509465","requestID":192}
{"level":"debug","time":"2024-06-11T19:16:47.829+0530","caller":"custom/setup.go:549","msg":"handling connect request for URL https://www.lambdatest.com:443","tunnelID":"1509465","requestID":193}
{"level":"debug","time":"2024-06-11T19:16:47.859+0530","caller":"custom/setup.go:549","msg":"handling connect request for URL https://www.lambdatest.com:443","tunnelID":"1509465","requestID":194}
{"level":"debug","time":"2024-06-11T19:16:47.860+0530","caller":"custom/setup.go:549","msg":"handling connect request for URL https://www.lambdatest.com:443","tunnelID":"1509465","requestID":195}
{"level":"debug","time":"2024-06-11T19:16:47.943+0530","caller":"custom/setup.go:549","msg":"handling connect request for URL https://www.lambdatest.com:443","tunnelID":"1509465","requestID":196}
{"level":"debug","time":"2024-06-11T19:16:48.133+0530","caller":"custom/setup.go:549","msg":"handling connect request for URL https://www.lambdatest.com:443","tunnelID":"1509465","requestID":197}
{"level":"debug","time":"2024-06-11T19:16:48.146+0530","caller":"custom/setup.go:549","msg":"handling connect request for URL https://www.lambdatest.com:443","tunnelID":"1509465","requestID":198}
{"level":"debug","time":"2024-06-11T19:16:49.416+0530","caller":"custom/setup.go:549","msg":"handling connect request for URL https://app.revenuehero.io:443","tunnelID":"1509465","requestID":199}
{"level":"debug","time":"2024-06-11T19:16:49.456+0530","caller":"custom/setup.go:549","msg":"handling connect request for URL https://auth.lambdatest.com:443","tunnelID":"1509465","requestID":200}
{"level":"debug","time":"2024-06-11T19:17:11.119+0530","caller":"custom/setup.go:849","msg":"Exiting the sink proxy","tunnelID":"1509465"}
{"level":"debug","time":"2024-06-11T19:17:11.119+0530","caller":"apiserver/setup.go:144","msg":"Shutting down the server"}
{"level":"debug","time":"2024-06-11T19:17:11.119+0530","caller":"callback/setup.go:115","msg":"Shutting down the callback agent"}
{"level":"debug","time":"2024-06-11T19:17:11.119+0530","caller":"core/lifecycle.go:425","msg":"Context cancelled"}
{"level":"info","time":"2024-06-11T19:17:11.119+0530","caller":"core/lifecycle.go:427","msg":"Stopping tunnel"}
{"level":"debug","time":"2024-06-11T19:17:11.130+0530","caller":"ws/control.go:140","msg":"Unusual close error on control channel..."}
{"level":"debug","time":"2024-06-11T19:17:11.130+0530","caller":"ws/control.go:193","msg":"Write loop ended for control channel"}
{"level":"debug","time":"2024-06-11T19:17:13.507+0530","caller":"ssh/ssh.go:222","msg":"Remote connection on remote port: 27819 closed, reason: EOF"}
{"level":"debug","time":"2024-06-11T19:17:13.507+0530","caller":"ssh/ssh.go:244","msg":"closed ssh connection with port 27819"}
{"level":"debug","time":"2024-06-11T19:17:13.510+0530","caller":"ssh/ssh.go:222","msg":"Remote connection on remote port: 24051 closed, reason: EOF"}
{"level":"debug","time":"2024-06-11T19:17:13.510+0530","caller":"ssh/ssh.go:244","msg":"closed ssh connection with port 24051"}
{"level":"debug","time":"2024-06-11T19:17:13.512+0530","caller":"ssh/ssh.go:222","msg":"Remote connection on remote port: 21378 closed, reason: EOF"}
{"level":"debug","time":"2024-06-11T19:17:13.513+0530","caller":"ssh/ssh.go:244","msg":"closed ssh connection with port 21378"}
{"level":"debug","time":"2024-06-11T19:17:13.513+0530","caller":"ssh/ssh.go:222","msg":"Remote connection on remote port: 16459 closed, reason: EOF"}
{"level":"debug","time":"2024-06-11T19:17:13.513+0530","caller":"ssh/ssh.go:244","msg":"closed ssh connection with port 16459"}
{"level":"debug","time":"2024-06-11T19:17:13.513+0530","caller":"ssh/ssh.go:222","msg":"Remote connection on remote port: 6653 closed, reason: EOF"}
{"level":"debug","time":"2024-06-11T19:17:13.513+0530","caller":"ssh/ssh.go:244","msg":"closed ssh connection with port 6653"}
{"level":"info","time":"2024-06-11T19:17:13.881+0530","caller":"core/lifecycle.go:434","msg":"Tunnel stopped successfully"}
{"level":"debug","time":"2024-06-11T19:17:13.883+0530","caller":"core/lifecycle.go:436","msg":"Quit requested from main goroutine...."}
{"level":"debug","time":"2024-06-11T19:17:13.883+0530","caller":"core/lifecycle.go:437","msg":"Waiting for the goroutines to exit"}
{"level":"debug","time":"2024-06-11T19:17:13.883+0530","caller":"core/lifecycle.go:439","msg":"All goroutines exited"}
{"level":"debug","time":"2024-06-11T19:17:13.883+0530","caller":"cmd/lt.go:261","msg":"main: all goroutines have finished."}
