{"level":"info","time":"2024-06-11T03:38:05.549+0530","caller":"cmd/lt.go:205","msg":"LambdaTest Tunnel version: 3.1.31"}
{"level":"debug","time":"2024-06-11T03:38:05.552+0530","caller":"core/lifecycle.go:41","msg":"Starting pipeline....."}
{"level":"debug","time":"2024-06-11T03:38:05.552+0530","caller":"core/lifecycle.go:42","msg":"OS: windows, Arch: amd64"}
{"level":"debug","time":"2024-06-11T03:38:05.552+0530","caller":"core/lifecycle.go:43","msg":"Fetching config"}
{"level":"debug","time":"2024-06-11T03:38:05.553+0530","caller":"core/lifecycle.go:65","msg":"Starting tunnel With flags: --user mudassars --key ***** --callbackURL http://127.0.0.1:54676/started --env ht-prod --tunnelName uhCcKjLkpHxchYUy --retry-on-failure --infoAPIPort 54677 --logFile D:\\demo\\LambdaTest_Demo-main\\logs\\tunnel\\uhCcKjLkpHxchYUy-1.log"}
{"level":"debug","time":"2024-06-11T03:38:07.184+0530","caller":"core/lifecycle.go:83","msg":"Remote config fetched"}
{"level":"debug","time":"2024-06-11T03:38:07.226+0530","caller":"apiserver/setup.go:166","msg":"Starting API server"}
{"level":"debug","time":"2024-06-11T03:38:07.226+0530","caller":"custom/setup.go:861","msg":"Starting sink proxy"}
{"level":"debug","time":"2024-06-11T03:38:07.226+0530","caller":"callback/setup.go:51","msg":"Starting the callback agent"}
{"level":"debug","time":"2024-06-11T03:38:07.226+0530","caller":"networkscanner/setup.go:191","msg":"Trying on port 443"}
{"level":"debug","time":"2024-06-11T03:38:07.226+0530","caller":"apiserver/setup.go:148","msg":"Starting API server for tunnel info on port: 54677"}
{"level":"debug","time":"2024-06-11T03:38:07.226+0530","caller":"networkscanner/setup.go:137","msg":"Trying over ssh over ws"}
{"level":"debug","time":"2024-06-11T03:38:07.226+0530","caller":"networkscanner/setup.go:103","msg":"Trying on port 443"}
{"level":"debug","time":"2024-06-11T03:38:07.226+0530","caller":"networkscanner/setup.go:69","msg":"Trying on port 22"}
{"level":"info","time":"2024-06-11T03:38:07.227+0530","caller":"custom/setup.go:804","msg":"Tunnel binary started on port :9090"}
{"level":"debug","time":"2024-06-11T03:38:07.251+0530","caller":"networkscanner/setup.go:207","msg":"TCP connection was successful"}
{"level":"debug","time":"2024-06-11T03:38:07.311+0530","caller":"networkscanner/setup.go:154","msg":"WSS connection was successful"}
{"level":"debug","time":"2024-06-11T03:38:07.702+0530","caller":"networkscanner/setup.go:90","msg":"SSH connection over port 22 successful"}
{"level":"debug","time":"2024-06-11T03:38:07.748+0530","caller":"networkscanner/setup.go:124","msg":"SSH connection over port 443 successful"}
{"level":"debug","time":"2024-06-11T03:38:07.781+0530","caller":"networkscanner/setup.go:179","msg":"SSH connection over ws successful"}
{"level":"info","time":"2024-06-11T03:38:07.781+0530","caller":"core/lifecycle.go:122","msg":"Using ssh(over_22) :: connection mode"}
{"level":"info","time":"2024-06-11T03:38:07.781+0530","caller":"core/lifecycle.go:259","msg":"Launching tunnel"}
{"level":"debug","time":"2024-06-11T03:38:07.781+0530","caller":"ws/control.go:34","msg":"Starting control ws connection at wss://hts.lambdatest.com/monitor"}
{"level":"debug","time":"2024-06-11T03:38:08.587+0530","caller":"ws/control.go:72","msg":"Control ws channel opened"}
{"level":"debug","time":"2024-06-11T03:38:08.587+0530","caller":"ws/control.go:131","msg":"Starting message listener on control connection"}
{"level":"debug","time":"2024-06-11T03:38:10.276+0530","caller":"tunnelmanager/controller.go:149","msg":"otel disabled"}
{"level":"debug","time":"2024-06-11T03:38:10.276+0530","caller":"core/lifecycle.go:358","msg":"Sending tunnel registered message to channels"}
{"level":"debug","time":"2024-06-11T03:38:10.276+0530","caller":"ws/control.go:196","msg":"Tunnel registered message received on control channel"}
{"level":"debug","time":"2024-06-11T03:38:10.276+0530","caller":"ssh/setup.go:71","msg":"Using 5 ssh connection"}
{"level":"debug","time":"2024-06-11T03:38:10.276+0530","caller":"ws/control.go:200","msg":"controller bus registered"}
{"level":"debug","time":"2024-06-11T03:38:11.000+0530","caller":"ssh/ssh.go:216","msg":"Successfully started sshd listener on port: 25860"}
{"level":"debug","time":"2024-06-11T03:38:11.012+0530","caller":"ssh/ssh.go:216","msg":"Successfully started sshd listener on port: 12129"}
{"level":"debug","time":"2024-06-11T03:38:11.012+0530","caller":"ssh/ssh.go:216","msg":"Successfully started sshd listener on port: 23401"}
{"level":"info","time":"2024-06-11T03:38:11.012+0530","caller":"core/lifecycle.go:381","msg":"You can start testing now"}
{"level":"info","time":"2024-06-11T03:38:11.012+0530","caller":"core/lifecycle.go:382","msg":"Tunnel ID: 1508216"}
{"level":"debug","time":"2024-06-11T03:38:11.012+0530","caller":"core/lifecycle.go:383","msg":"Remote Listener Started on Port 24514"}
{"level":"debug","time":"2024-06-11T03:38:11.012+0530","caller":"callback/setup.go:100","msg":"Webhook endpoint http://127.0.0.1:54676/started successfully notified"}
{"level":"debug","time":"2024-06-11T03:38:11.062+0530","caller":"ssh/ssh.go:216","msg":"Successfully started sshd listener on port: 21388"}
{"level":"debug","time":"2024-06-11T03:38:11.077+0530","caller":"ssh/ssh.go:216","msg":"Successfully started sshd listener on port: 21062"}
{"level":"debug","time":"2024-06-11T03:40:40.354+0530","caller":"custom/setup.go:549","msg":"handling connect request for URL https://iplocation.net:443","tunnelID":"1508216","requestID":1}
{"level":"debug","time":"2024-06-11T03:40:41.117+0530","caller":"custom/setup.go:387","msg":"handle http request for http://ocsp.pki.goog/gtsr1/MEwwSjBIMEYwRDAHBgUrDgMCGgQUMJHC1g%2BC6hie2xOwdV2bBG5n8FAEFOSvKyZxGitIJ4UvUmYs7%2FCJE3E%2BAg0CA7xQoydT8JGAIu3x","tunnelID":"1508216","requestID":2}
{"level":"debug","time":"2024-06-11T03:40:41.135+0530","caller":"custom/setup.go:515","msg":"Response &{Status:200 OK StatusCode:200 Proto:HTTP/1.1 ProtoMajor:1 ProtoMinor:1 Header:map[Age:[1312] Cache-Control:[public, max-age=14400] Content-Length:[724] Content-Type:[application/ocsp-response] Date:[Mon, 10 Jun 2024 21:48:49 GMT] Server:[ocsp_responder] X-Frame-Options:[SAMEORIGIN] X-Xss-Protection:[0]] Body:0xc00004a440 ContentLength:724 TransferEncoding:[] Close:false Uncompressed:false Trailer:map[] Request:0xc000286000 TLS:<nil>} for http request from domain http://ocsp.pki.goog/gtsr1/MEwwSjBIMEYwRDAHBgUrDgMCGgQUMJHC1g%2BC6hie2xOwdV2bBG5n8FAEFOSvKyZxGitIJ4UvUmYs7%2FCJE3E%2BAg0CA7xQoydT8JGAIu3x","tunnelID":"1508216","requestID":2}
{"level":"debug","time":"2024-06-11T03:40:41.883+0530","caller":"custom/setup.go:549","msg":"handling connect request for URL https://www.iplocation.net:443","tunnelID":"1508216","requestID":3}
{"level":"debug","time":"2024-06-11T03:40:44.384+0530","caller":"custom/setup.go:549","msg":"handling connect request for URL https://iplocation.net:443","tunnelID":"1508216","requestID":4}
{"level":"debug","time":"2024-06-11T03:40:44.739+0530","caller":"custom/setup.go:549","msg":"handling connect request for URL https://code.jquery.com:443","tunnelID":"1508216","requestID":5}
{"level":"debug","time":"2024-06-11T03:40:44.749+0530","caller":"custom/setup.go:549","msg":"handling connect request for URL https://www.ezojs.com:443","tunnelID":"1508216","requestID":6}
{"level":"debug","time":"2024-06-11T03:40:44.749+0530","caller":"custom/setup.go:549","msg":"handling connect request for URL https://cdn.iplocation.net:443","tunnelID":"1508216","requestID":7}
{"level":"debug","time":"2024-06-11T03:40:44.751+0530","caller":"custom/setup.go:549","msg":"handling connect request for URL https://pagead2.googlesyndication.com:443","tunnelID":"1508216","requestID":8}
{"level":"debug","time":"2024-06-11T03:40:44.751+0530","caller":"custom/setup.go:549","msg":"handling connect request for URL https://fonts.googleapis.com:443","tunnelID":"1508216","requestID":9}
{"level":"debug","time":"2024-06-11T03:40:44.944+0530","caller":"custom/setup.go:549","msg":"handling connect request for URL https://stackpath.bootstrapcdn.com:443","tunnelID":"1508216","requestID":10}
{"level":"debug","time":"2024-06-11T03:40:45.106+0530","caller":"custom/setup.go:387","msg":"handle http request for http://ocsp.pki.goog/gtsr1/MEwwSjBIMEYwRDAHBgUrDgMCGgQUMJHC1g%2BC6hie2xOwdV2bBG5n8FAEFOSvKyZxGitIJ4UvUmYs7%2FCJE3E%2BAg0CA7xQoydT8JGAIu3x","tunnelID":"1508216","requestID":11}
{"level":"debug","time":"2024-06-11T03:40:45.115+0530","caller":"custom/setup.go:515","msg":"Response &{Status:200 OK StatusCode:200 Proto:HTTP/1.1 ProtoMajor:1 ProtoMinor:1 Header:map[Age:[1316] Cache-Control:[public, max-age=14400] Content-Length:[724] Content-Type:[application/ocsp-response] Date:[Mon, 10 Jun 2024 21:48:49 GMT] Server:[ocsp_responder] X-Frame-Options:[SAMEORIGIN] X-Xss-Protection:[0]] Body:0xc00004a740 ContentLength:724 TransferEncoding:[] Close:false Uncompressed:false Trailer:map[] Request:0xc0001e6200 TLS:<nil>} for http request from domain http://ocsp.pki.goog/gtsr1/MEwwSjBIMEYwRDAHBgUrDgMCGgQUMJHC1g%2BC6hie2xOwdV2bBG5n8FAEFOSvKyZxGitIJ4UvUmYs7%2FCJE3E%2BAg0CA7xQoydT8JGAIu3x","tunnelID":"1508216","requestID":11}
{"level":"debug","time":"2024-06-11T03:40:45.188+0530","caller":"custom/setup.go:549","msg":"handling connect request for URL https://cdn.jsdelivr.net:443","tunnelID":"1508216","requestID":12}
{"level":"debug","time":"2024-06-11T03:40:45.456+0530","caller":"custom/setup.go:549","msg":"handling connect request for URL https://www.speedtest.net:443","tunnelID":"1508216","requestID":13}
{"level":"debug","time":"2024-06-11T03:40:45.742+0530","caller":"custom/setup.go:549","msg":"handling connect request for URL https://cdnjs.cloudflare.com:443","tunnelID":"1508216","requestID":14}
{"level":"debug","time":"2024-06-11T03:40:45.863+0530","caller":"custom/setup.go:549","msg":"handling connect request for URL https://www.iplocation.net:443","tunnelID":"1508216","requestID":15}
{"level":"debug","time":"2024-06-11T03:40:46.806+0530","caller":"custom/setup.go:549","msg":"handling connect request for URL https://b.cdnst.net:443","tunnelID":"1508216","requestID":16}
{"level":"debug","time":"2024-06-11T03:40:46.806+0530","caller":"custom/setup.go:549","msg":"handling connect request for URL https://cdn.ziffstatic.com:443","tunnelID":"1508216","requestID":17}
{"level":"debug","time":"2024-06-11T03:40:46.807+0530","caller":"custom/setup.go:549","msg":"handling connect request for URL https://www.googleoptimize.com:443","tunnelID":"1508216","requestID":18}
{"level":"debug","time":"2024-06-11T03:40:47.212+0530","caller":"custom/setup.go:549","msg":"handling connect request for URL https://cdnjs.cloudflare.com:443","tunnelID":"1508216","requestID":19}
{"level":"debug","time":"2024-06-11T03:40:47.235+0530","caller":"custom/setup.go:549","msg":"handling connect request for URL https://pagead2.googlesyndication.com:443","tunnelID":"1508216","requestID":20}
{"level":"debug","time":"2024-06-11T03:40:47.235+0530","caller":"custom/setup.go:549","msg":"handling connect request for URL https://www.ezojs.com:443","tunnelID":"1508216","requestID":21}
{"level":"debug","time":"2024-06-11T03:40:47.238+0530","caller":"custom/setup.go:549","msg":"handling connect request for URL https://code.jquery.com:443","tunnelID":"1508216","requestID":22}
{"level":"debug","time":"2024-06-11T03:40:47.238+0530","caller":"custom/setup.go:549","msg":"handling connect request for URL https://fonts.googleapis.com:443","tunnelID":"1508216","requestID":23}
{"level":"debug","time":"2024-06-11T03:40:47.250+0530","caller":"custom/setup.go:549","msg":"handling connect request for URL https://cdn.iplocation.net:443","tunnelID":"1508216","requestID":24}
{"level":"debug","time":"2024-06-11T03:40:47.358+0530","caller":"custom/setup.go:387","msg":"handle http request for http://ocsp.pki.goog/gts1c3/ME8wTTBLMEkwRzAHBgUrDgMCGgQUxy55it3%2FYTSzuu1HQri7xsAkB2MEFIp0f6%2BFze6VzT2c0OJGFPNxNR0nAhB7ySuLvnIn8RBs7c%2B5Gax2","tunnelID":"1508216","requestID":25}
{"level":"debug","time":"2024-06-11T03:40:47.368+0530","caller":"custom/setup.go:515","msg":"Response &{Status:200 OK StatusCode:200 Proto:HTTP/1.1 ProtoMajor:1 ProtoMinor:1 Header:map[Age:[1502] Cache-Control:[public, max-age=14400] Content-Length:[471] Content-Type:[application/ocsp-response] Date:[Mon, 10 Jun 2024 21:45:45 GMT] Server:[ocsp_responder] X-Frame-Options:[SAMEORIGIN] X-Xss-Protection:[0]] Body:0xc000406840 ContentLength:471 TransferEncoding:[] Close:false Uncompressed:false Trailer:map[] Request:0xc00086a300 TLS:<nil>} for http request from domain http://ocsp.pki.goog/gts1c3/ME8wTTBLMEkwRzAHBgUrDgMCGgQUxy55it3%2FYTSzuu1HQri7xsAkB2MEFIp0f6%2BFze6VzT2c0OJGFPNxNR0nAhB7ySuLvnIn8RBs7c%2B5Gax2","tunnelID":"1508216","requestID":25}
{"level":"debug","time":"2024-06-11T03:40:47.418+0530","caller":"custom/setup.go:549","msg":"handling connect request for URL https://cdn.jsdelivr.net:443","tunnelID":"1508216","requestID":26}
{"level":"debug","time":"2024-06-11T03:40:47.422+0530","caller":"custom/setup.go:549","msg":"handling connect request for URL https://stackpath.bootstrapcdn.com:443","tunnelID":"1508216","requestID":27}
{"level":"debug","time":"2024-06-11T03:40:47.780+0530","caller":"custom/setup.go:387","msg":"handle http request for http://ocsp.pki.goog/gts1c3/MFAwTjBMMEowSDAHBgUrDgMCGgQUxy55it3%2FYTSzuu1HQri7xsAkB2MEFIp0f6%2BFze6VzT2c0OJGFPNxNR0nAhEA37w1sBkOZFcQQFYQQqqjSQ%3D%3D","tunnelID":"1508216","requestID":28}
{"level":"debug","time":"2024-06-11T03:40:47.795+0530","caller":"custom/setup.go:515","msg":"Response &{Status:200 OK StatusCode:200 Proto:HTTP/1.1 ProtoMajor:1 ProtoMinor:1 Header:map[Age:[1497] Cache-Control:[public, max-age=14400] Content-Length:[472] Content-Type:[application/ocsp-response] Date:[Mon, 10 Jun 2024 21:45:50 GMT] Server:[ocsp_responder] X-Frame-Options:[SAMEORIGIN] X-Xss-Protection:[0]] Body:0xc00011e040 ContentLength:472 TransferEncoding:[] Close:false Uncompressed:false Trailer:map[] Request:0xc00015e900 TLS:<nil>} for http request from domain http://ocsp.pki.goog/gts1c3/MFAwTjBMMEowSDAHBgUrDgMCGgQUxy55it3%2FYTSzuu1HQri7xsAkB2MEFIp0f6%2BFze6VzT2c0OJGFPNxNR0nAhEA37w1sBkOZFcQQFYQQqqjSQ%3D%3D","tunnelID":"1508216","requestID":28}
{"level":"debug","time":"2024-06-11T03:40:47.849+0530","caller":"custom/setup.go:549","msg":"handling connect request for URL https://ajax.googleapis.com:443","tunnelID":"1508216","requestID":29}
{"level":"debug","time":"2024-06-11T03:40:48.277+0530","caller":"custom/setup.go:387","msg":"handle http request for http://ocsp.usertrust.com/ME8wTTBLMEkwRzAHBgUrDgMCGgQUzTDSTDQ6gqsfBXAVitehB3YpkukEFFN5v1qqK0rPVIDh2JvAnfKyA2bLAhB9W1EmtHa6Edt0Fgu8Uw2n","tunnelID":"1508216","requestID":30}
{"level":"debug","time":"2024-06-11T03:40:48.304+0530","caller":"custom/setup.go:515","msg":"Response &{Status:200 OK StatusCode:200 Proto:HTTP/1.1 ProtoMajor:1 ProtoMinor:1 Header:map[Accept-Ranges:[bytes] Age:[149] Cache-Control:[max-age=604023,s-maxage=1800,public,no-transform,must-revalidate] Cf-Cache-Status:[HIT] Cf-Ray:[891cb18c3a273b1c-BOM] Connection:[keep-alive] Content-Length:[2236] Content-Type:[application/ocsp-response] Date:[Mon, 10 Jun 2024 22:10:48 GMT] Etag:[\"e6004601eb8c4312ea55f97d444ad411231c220f\"] Expires:[Sun, 16 Jun 2024 13:47:37 GMT] Last-Modified:[Sun, 09 Jun 2024 13:47:38 GMT] Server:[cloudflare] Vary:[Accept-Encoding] X-Ccacdn-Proxy-Id:[scdpinlb1] X-Frame-Options:[SAMEORIGIN]] Body:0xc0003306c0 ContentLength:2236 TransferEncoding:[] Close:false Uncompressed:false Trailer:map[] Request:0xc00015eb00 TLS:<nil>} for http request from domain http://ocsp.usertrust.com/ME8wTTBLMEkwRzAHBgUrDgMCGgQUzTDSTDQ6gqsfBXAVitehB3YpkukEFFN5v1qqK0rPVIDh2JvAnfKyA2bLAhB9W1EmtHa6Edt0Fgu8Uw2n","tunnelID":"1508216","requestID":30}
{"level":"debug","time":"2024-06-11T03:40:48.728+0530","caller":"custom/setup.go:549","msg":"handling connect request for URL https://www.googletagmanager.com:443","tunnelID":"1508216","requestID":31}
{"level":"debug","time":"2024-06-11T03:40:48.732+0530","caller":"custom/setup.go:549","msg":"handling connect request for URL https://c.amazon-adsystem.com:443","tunnelID":"1508216","requestID":32}
{"level":"debug","time":"2024-06-11T03:40:48.798+0530","caller":"custom/setup.go:549","msg":"handling connect request for URL https://cdn.cookielaw.org:443","tunnelID":"1508216","requestID":33}
{"level":"debug","time":"2024-06-11T03:40:48.820+0530","caller":"custom/setup.go:549","msg":"handling connect request for URL https://diffuser-cdn.app-us1.com:443","tunnelID":"1508216","requestID":34}
{"level":"debug","time":"2024-06-11T03:40:49.241+0530","caller":"custom/setup.go:549","msg":"handling connect request for URL https://googleads.g.doubleclick.net:443","tunnelID":"1508216","requestID":35}
{"level":"debug","time":"2024-06-11T03:40:49.482+0530","caller":"custom/setup.go:549","msg":"handling connect request for URL https://www.speedtest.net:443","tunnelID":"1508216","requestID":36}
{"level":"debug","time":"2024-06-11T03:40:49.820+0530","caller":"custom/setup.go:549","msg":"handling connect request for URL https://geolocation.onetrust.com:443","tunnelID":"1508216","requestID":37}
{"level":"debug","time":"2024-06-11T03:40:49.948+0530","caller":"custom/setup.go:549","msg":"handling connect request for URL https://prism.app-us1.com:443","tunnelID":"1508216","requestID":38}
{"level":"debug","time":"2024-06-11T03:40:50.025+0530","caller":"custom/setup.go:549","msg":"handling connect request for URL https://securepubads.g.doubleclick.net:443","tunnelID":"1508216","requestID":39}
{"level":"debug","time":"2024-06-11T03:40:50.513+0530","caller":"custom/setup.go:549","msg":"handling connect request for URL https://cdn.ziffstatic.com:443","tunnelID":"1508216","requestID":40}
{"level":"debug","time":"2024-06-11T03:40:50.518+0530","caller":"custom/setup.go:549","msg":"handling connect request for URL https://www.googleoptimize.com:443","tunnelID":"1508216","requestID":41}
{"level":"debug","time":"2024-06-11T03:40:50.525+0530","caller":"custom/setup.go:549","msg":"handling connect request for URL https://b.cdnst.net:443","tunnelID":"1508216","requestID":42}
{"level":"debug","time":"2024-06-11T03:40:50.560+0530","caller":"custom/setup.go:549","msg":"handling connect request for URL https://rp.liadm.com:443","tunnelID":"1508216","requestID":43}
{"level":"debug","time":"2024-06-11T03:40:50.560+0530","caller":"custom/setup.go:549","msg":"handling connect request for URL https://cdn.static.zdbb.net:443","tunnelID":"1508216","requestID":44}
{"level":"debug","time":"2024-06-11T03:40:50.565+0530","caller":"custom/setup.go:549","msg":"handling connect request for URL https://www.google-analytics.com:443","tunnelID":"1508216","requestID":45}
{"level":"debug","time":"2024-06-11T03:40:50.596+0530","caller":"custom/setup.go:387","msg":"handle http request for http://ocsp.pki.goog/gts1c3/MFAwTjBMMEowSDAHBgUrDgMCGgQUxy55it3%2FYTSzuu1HQri7xsAkB2MEFIp0f6%2BFze6VzT2c0OJGFPNxNR0nAhEA37w1sBkOZFcQQFYQQqqjSQ%3D%3D","tunnelID":"1508216","requestID":46}
{"level":"debug","time":"2024-06-11T03:40:50.610+0530","caller":"custom/setup.go:515","msg":"Response &{Status:200 OK StatusCode:200 Proto:HTTP/1.1 ProtoMajor:1 ProtoMinor:1 Header:map[Age:[1500] Cache-Control:[public, max-age=14400] Content-Length:[472] Content-Type:[application/ocsp-response] Date:[Mon, 10 Jun 2024 21:45:50 GMT] Server:[ocsp_responder] X-Frame-Options:[SAMEORIGIN] X-Xss-Protection:[0]] Body:0xc00004abc0 ContentLength:472 TransferEncoding:[] Close:false Uncompressed:false Trailer:map[] Request:0xc0001e5100 TLS:<nil>} for http request from domain http://ocsp.pki.goog/gts1c3/MFAwTjBMMEowSDAHBgUrDgMCGgQUxy55it3%2FYTSzuu1HQri7xsAkB2MEFIp0f6%2BFze6VzT2c0OJGFPNxNR0nAhEA37w1sBkOZFcQQFYQQqqjSQ%3D%3D","tunnelID":"1508216","requestID":46}
{"level":"debug","time":"2024-06-11T03:40:51.063+0530","caller":"custom/setup.go:387","msg":"handle http request for http://ocsp.pki.goog/gts1c3/ME8wTTBLMEkwRzAHBgUrDgMCGgQUxy55it3%2FYTSzuu1HQri7xsAkB2MEFIp0f6%2BFze6VzT2c0OJGFPNxNR0nAhB7ySuLvnIn8RBs7c%2B5Gax2","tunnelID":"1508216","requestID":47}
{"level":"debug","time":"2024-06-11T03:40:51.073+0530","caller":"custom/setup.go:515","msg":"Response &{Status:200 OK StatusCode:200 Proto:HTTP/1.1 ProtoMajor:1 ProtoMinor:1 Header:map[Age:[1506] Cache-Control:[public, max-age=14400] Content-Length:[471] Content-Type:[application/ocsp-response] Date:[Mon, 10 Jun 2024 21:45:45 GMT] Server:[ocsp_responder] X-Frame-Options:[SAMEORIGIN] X-Xss-Protection:[0]] Body:0xc00011e700 ContentLength:471 TransferEncoding:[] Close:false Uncompressed:false Trailer:map[] Request:0xc000286800 TLS:<nil>} for http request from domain http://ocsp.pki.goog/gts1c3/ME8wTTBLMEkwRzAHBgUrDgMCGgQUxy55it3%2FYTSzuu1HQri7xsAkB2MEFIp0f6%2BFze6VzT2c0OJGFPNxNR0nAhB7ySuLvnIn8RBs7c%2B5Gax2","tunnelID":"1508216","requestID":47}
{"level":"debug","time":"2024-06-11T03:40:51.246+0530","caller":"custom/setup.go:549","msg":"handling connect request for URL https://google.com:443","tunnelID":"1508216","requestID":48}
{"level":"debug","time":"2024-06-11T03:40:51.787+0530","caller":"custom/setup.go:387","msg":"handle http request for http://ocsp.pki.goog/gts1c3/ME8wTTBLMEkwRzAHBgUrDgMCGgQUxy55it3%2FYTSzuu1HQri7xsAkB2MEFIp0f6%2BFze6VzT2c0OJGFPNxNR0nAhBaqDSyFNkXrwmjZOeLTn4u","tunnelID":"1508216","requestID":49}
{"level":"debug","time":"2024-06-11T03:40:51.796+0530","caller":"custom/setup.go:515","msg":"Response &{Status:200 OK StatusCode:200 Proto:HTTP/1.1 ProtoMajor:1 ProtoMinor:1 Header:map[Age:[2833] Cache-Control:[public, max-age=14400] Content-Length:[471] Content-Type:[application/ocsp-response] Date:[Mon, 10 Jun 2024 21:23:38 GMT] Server:[ocsp_responder] X-Frame-Options:[SAMEORIGIN] X-Xss-Protection:[0]] Body:0xc000c66800 ContentLength:471 TransferEncoding:[] Close:false Uncompressed:false Trailer:map[] Request:0xc000286a00 TLS:<nil>} for http request from domain http://ocsp.pki.goog/gts1c3/ME8wTTBLMEkwRzAHBgUrDgMCGgQUxy55it3%2FYTSzuu1HQri7xsAkB2MEFIp0f6%2BFze6VzT2c0OJGFPNxNR0nAhBaqDSyFNkXrwmjZOeLTn4u","tunnelID":"1508216","requestID":49}
{"level":"debug","time":"2024-06-11T03:40:52.421+0530","caller":"custom/setup.go:549","msg":"handling connect request for URL https://www.googletagmanager.com:443","tunnelID":"1508216","requestID":50}
{"level":"debug","time":"2024-06-11T03:40:52.436+0530","caller":"custom/setup.go:549","msg":"handling connect request for URL https://diffuser-cdn.app-us1.com:443","tunnelID":"1508216","requestID":51}
{"level":"debug","time":"2024-06-11T03:40:52.483+0530","caller":"custom/setup.go:549","msg":"handling connect request for URL https://cdn.cookielaw.org:443","tunnelID":"1508216","requestID":52}
{"level":"debug","time":"2024-06-11T03:40:52.486+0530","caller":"custom/setup.go:549","msg":"handling connect request for URL https://c.amazon-adsystem.com:443","tunnelID":"1508216","requestID":53}
{"level":"debug","time":"2024-06-11T03:40:52.593+0530","caller":"custom/setup.go:549","msg":"handling connect request for URL https://www.google.com:443","tunnelID":"1508216","requestID":54}
{"level":"debug","time":"2024-06-11T03:40:53.435+0530","caller":"custom/setup.go:549","msg":"handling connect request for URL https://prism.app-us1.com:443","tunnelID":"1508216","requestID":55}
{"level":"debug","time":"2024-06-11T03:40:53.486+0530","caller":"custom/setup.go:549","msg":"handling connect request for URL https://geolocation.onetrust.com:443","tunnelID":"1508216","requestID":56}
{"level":"debug","time":"2024-06-11T03:40:53.684+0530","caller":"custom/setup.go:549","msg":"handling connect request for URL https://securepubads.g.doubleclick.net:443","tunnelID":"1508216","requestID":57}
{"level":"debug","time":"2024-06-11T03:40:54.119+0530","caller":"custom/setup.go:549","msg":"handling connect request for URL https://cdn.static.zdbb.net:443","tunnelID":"1508216","requestID":58}
{"level":"debug","time":"2024-06-11T03:40:54.124+0530","caller":"custom/setup.go:549","msg":"handling connect request for URL https://www.google-analytics.com:443","tunnelID":"1508216","requestID":59}
{"level":"debug","time":"2024-06-11T03:40:54.200+0530","caller":"custom/setup.go:549","msg":"handling connect request for URL https://rp.liadm.com:443","tunnelID":"1508216","requestID":60}
{"level":"debug","time":"2024-06-11T03:40:54.277+0530","caller":"custom/setup.go:549","msg":"handling connect request for URL https://www.gstatic.com:443","tunnelID":"1508216","requestID":61}
{"level":"debug","time":"2024-06-11T03:40:54.386+0530","caller":"custom/setup.go:549","msg":"handling connect request for URL https://www.lambdatest.com:443","tunnelID":"1508216","requestID":62}
{"level":"debug","time":"2024-06-11T03:40:54.422+0530","caller":"custom/setup.go:549","msg":"handling connect request for URL https://www.gstatic.com:443","tunnelID":"1508216","requestID":63}
{"level":"debug","time":"2024-06-11T03:40:54.900+0530","caller":"custom/setup.go:549","msg":"handling connect request for URL https://www.google-analytics.com:443","tunnelID":"1508216","requestID":64}
{"level":"debug","time":"2024-06-11T03:40:55.061+0530","caller":"custom/setup.go:549","msg":"handling connect request for URL https://google.com:443","tunnelID":"1508216","requestID":65}
{"level":"debug","time":"2024-06-11T03:40:55.596+0530","caller":"custom/setup.go:387","msg":"handle http request for http://ocsp.pki.goog/gts1c3/ME8wTTBLMEkwRzAHBgUrDgMCGgQUxy55it3%2FYTSzuu1HQri7xsAkB2MEFIp0f6%2BFze6VzT2c0OJGFPNxNR0nAhBaqDSyFNkXrwmjZOeLTn4u","tunnelID":"1508216","requestID":66}
{"level":"debug","time":"2024-06-11T03:40:55.618+0530","caller":"custom/setup.go:515","msg":"Response &{Status:200 OK StatusCode:200 Proto:HTTP/1.1 ProtoMajor:1 ProtoMinor:1 Header:map[Age:[2837] Cache-Control:[public, max-age=14400] Content-Length:[471] Content-Type:[application/ocsp-response] Date:[Mon, 10 Jun 2024 21:23:38 GMT] Server:[ocsp_responder] X-Frame-Options:[SAMEORIGIN] X-Xss-Protection:[0]] Body:0xc0003b24c0 ContentLength:471 TransferEncoding:[] Close:false Uncompressed:false Trailer:map[] Request:0xc0000acf00 TLS:<nil>} for http request from domain http://ocsp.pki.goog/gts1c3/ME8wTTBLMEkwRzAHBgUrDgMCGgQUxy55it3%2FYTSzuu1HQri7xsAkB2MEFIp0f6%2BFze6VzT2c0OJGFPNxNR0nAhBaqDSyFNkXrwmjZOeLTn4u","tunnelID":"1508216","requestID":66}
{"level":"debug","time":"2024-06-11T03:40:55.789+0530","caller":"custom/setup.go:549","msg":"handling connect request for URL https://static.cloudflareinsights.com:443","tunnelID":"1508216","requestID":67}
{"level":"debug","time":"2024-06-11T03:40:56.412+0530","caller":"custom/setup.go:549","msg":"handling connect request for URL https://www.google.com:443","tunnelID":"1508216","requestID":68}
{"level":"debug","time":"2024-06-11T03:40:56.483+0530","caller":"custom/setup.go:549","msg":"handling connect request for URL https://app.revenuehero.io:443","tunnelID":"1508216","requestID":69}
{"level":"debug","time":"2024-06-11T03:40:56.485+0530","caller":"custom/setup.go:549","msg":"handling connect request for URL https://auth.lambdatest.com:443","tunnelID":"1508216","requestID":70}
{"level":"debug","time":"2024-06-11T03:40:58.302+0530","caller":"custom/setup.go:549","msg":"handling connect request for URL https://www.gstatic.com:443","tunnelID":"1508216","requestID":71}
{"level":"debug","time":"2024-06-11T03:40:58.346+0530","caller":"custom/setup.go:549","msg":"handling connect request for URL https://www.lambdatest.com:443","tunnelID":"1508216","requestID":72}
{"level":"debug","time":"2024-06-11T03:40:58.364+0530","caller":"custom/setup.go:549","msg":"handling connect request for URL https://www.gstatic.com:443","tunnelID":"1508216","requestID":73}
{"level":"debug","time":"2024-06-11T03:40:59.555+0530","caller":"custom/setup.go:549","msg":"handling connect request for URL https://static.cloudflareinsights.com:443","tunnelID":"1508216","requestID":74}
{"level":"debug","time":"2024-06-11T03:41:00.209+0530","caller":"custom/setup.go:549","msg":"handling connect request for URL https://auth.lambdatest.com:443","tunnelID":"1508216","requestID":75}
{"level":"debug","time":"2024-06-11T03:41:00.218+0530","caller":"custom/setup.go:549","msg":"handling connect request for URL https://app.revenuehero.io:443","tunnelID":"1508216","requestID":76}
{"level":"debug","time":"2024-06-11T03:41:02.040+0530","caller":"apiserver/setup.go:144","msg":"Shutting down the server"}
{"level":"debug","time":"2024-06-11T03:41:02.040+0530","caller":"callback/setup.go:115","msg":"Shutting down the callback agent"}
{"level":"debug","time":"2024-06-11T03:41:02.040+0530","caller":"custom/setup.go:849","msg":"Exiting the sink proxy","tunnelID":"1508216"}
{"level":"debug","time":"2024-06-11T03:41:02.040+0530","caller":"core/lifecycle.go:425","msg":"Context cancelled"}
{"level":"info","time":"2024-06-11T03:41:02.040+0530","caller":"core/lifecycle.go:427","msg":"Stopping tunnel"}
{"level":"debug","time":"2024-06-11T03:41:02.054+0530","caller":"ws/control.go:140","msg":"Unusual close error on control channel..."}
{"level":"debug","time":"2024-06-11T03:41:02.054+0530","caller":"ws/control.go:193","msg":"Write loop ended for control channel"}
{"level":"debug","time":"2024-06-11T03:41:03.372+0530","caller":"ssh/ssh.go:222","msg":"Remote connection on remote port: 21388 closed, reason: EOF"}
{"level":"debug","time":"2024-06-11T03:41:03.372+0530","caller":"ssh/ssh.go:244","msg":"closed ssh connection with port 21388"}
{"level":"debug","time":"2024-06-11T03:41:03.373+0530","caller":"ssh/ssh.go:222","msg":"Remote connection on remote port: 23401 closed, reason: EOF"}
{"level":"debug","time":"2024-06-11T03:41:03.373+0530","caller":"ssh/ssh.go:244","msg":"closed ssh connection with port 23401"}
{"level":"debug","time":"2024-06-11T03:41:03.374+0530","caller":"ssh/ssh.go:222","msg":"Remote connection on remote port: 12129 closed, reason: EOF"}
{"level":"debug","time":"2024-06-11T03:41:03.374+0530","caller":"ssh/ssh.go:244","msg":"closed ssh connection with port 12129"}
{"level":"debug","time":"2024-06-11T03:41:03.379+0530","caller":"ssh/ssh.go:222","msg":"Remote connection on remote port: 25860 closed, reason: EOF"}
{"level":"debug","time":"2024-06-11T03:41:03.379+0530","caller":"ssh/ssh.go:244","msg":"closed ssh connection with port 25860"}
{"level":"debug","time":"2024-06-11T03:41:03.381+0530","caller":"ssh/ssh.go:222","msg":"Remote connection on remote port: 21062 closed, reason: EOF"}
{"level":"debug","time":"2024-06-11T03:41:03.381+0530","caller":"ssh/ssh.go:137","msg":"closed ssh connection with port 21062"}
{"level":"info","time":"2024-06-11T03:41:03.698+0530","caller":"core/lifecycle.go:434","msg":"Tunnel stopped successfully"}
{"level":"debug","time":"2024-06-11T03:41:03.699+0530","caller":"core/lifecycle.go:436","msg":"Quit requested from main goroutine...."}
{"level":"debug","time":"2024-06-11T03:41:03.699+0530","caller":"core/lifecycle.go:437","msg":"Waiting for the goroutines to exit"}
{"level":"debug","time":"2024-06-11T03:41:03.699+0530","caller":"core/lifecycle.go:439","msg":"All goroutines exited"}
{"level":"debug","time":"2024-06-11T03:41:03.699+0530","caller":"cmd/lt.go:261","msg":"main: all goroutines have finished."}
